2025-05-14 03:51:02,789 - Starting Nifty Option Selling Strategy
2025-05-14 03:52:11,577 - Spot Price: 24696.0, Supertrend: Green, Above EMA
2025-05-14 03:52:11,577 - Buy signal detected
2025-05-14 03:52:12,532 - Selected put to sell: NSE:NIFTY2552224550PE with delta ~-0.40066985982479486
2025-05-14 03:52:12,540 - Selected put to buy: NSE:NIFTY2552224250PE with delta ~-0.26007509227438946
2025-05-14 03:52:12,541 - PAPER TRADE: SELL 75 NSE:NIFTY2552224550PE @ MARKET
2025-05-14 03:52:12,541 - PAPER TRADE: BUY 75 NSE:NIFTY2552224250PE @ MARKET
2025-05-14 03:52:12,544 - Entered LONG position: Sold Put NSE:NIFTY2552224550PE @ 188.6, Bought Put NSE:NIFTY2552224250PE @ 103.75
2025-05-14 03:52:43,952 - Spot Price: 24693.35, Supertrend: Green, Above EMA
2025-05-14 03:53:14,954 - Spot Price: 24704.15, Supertrend: Green, Above EMA
2025-05-14 03:53:45,964 - Spot Price: 24696.45, Supertrend: Green, Above EMA
2025-05-14 03:54:16,928 - Spot Price: 24698.5, Supertrend: Green, Above EMA
2025-05-14 03:54:47,886 - Spot Price: 24698.85, Supertrend: Green, Above EMA
2025-05-14 03:55:18,841 - Spot Price: 24709.0, Supertrend: Green, Above EMA
2025-05-14 03:55:49,823 - Spot Price: 24709.4, Supertrend: Green, Above EMA
2025-05-14 03:56:21,275 - Spot Price: 24715.0, Supertrend: Green, Above EMA
2025-05-14 03:56:52,266 - Spot Price: 24716.7, Supertrend: Green, Above EMA
2025-05-14 03:57:23,233 - Spot Price: 24718.4, Supertrend: Green, Above EMA
2025-05-14 03:57:54,192 - Spot Price: 24721.1, Supertrend: Green, Above EMA
2025-05-14 03:58:25,166 - Spot Price: 24727.15, Supertrend: Green, Above EMA
2025-05-14 03:58:56,167 - Spot Price: 24735.35, Supertrend: Green, Above EMA
2025-05-14 03:59:27,215 - Spot Price: 24725.4, Supertrend: Green, Above EMA
2025-05-14 03:59:58,371 - Spot Price: 24720.8, Supertrend: Green, Above EMA
2025-05-14 04:00:29,366 - Spot Price: 24700.05, Supertrend: Green, Above EMA
2025-05-14 04:01:00,906 - Spot Price: 24700.75, Supertrend: Green, Above EMA
2025-05-14 04:01:31,821 - Spot Price: 24699.65, Supertrend: Green, Above EMA
2025-05-14 04:02:02,830 - Spot Price: 24699.4, Supertrend: Green, Above EMA
2025-05-14 04:02:34,284 - Spot Price: 24698.3, Supertrend: Green, Above EMA
2025-05-14 04:03:05,759 - Spot Price: 24687.4, Supertrend: Green, Above EMA
2025-05-14 04:03:37,070 - Starting Nifty Option Selling Strategy
2025-05-14 04:03:38,052 - Spot Price: 24696.1, Supertrend: Green, Above EMA
2025-05-14 04:04:09,001 - Spot Price: 24675.7, Supertrend: Green, Above EMA
2025-05-14 04:04:39,992 - Spot Price: 24666.05, Supertrend: Green, Above EMA
2025-05-14 04:05:10,960 - Spot Price: 24660.6, Supertrend: Green, Above EMA
2025-05-14 04:05:42,632 - Spot Price: 24668.6, Supertrend: Green, Above EMA
2025-05-14 04:06:13,575 - Spot Price: 24682.65, Supertrend: Green, Above EMA
2025-05-14 04:06:44,567 - Spot Price: 24691.1, Supertrend: Green, Above EMA
2025-05-14 04:07:15,600 - Spot Price: 24689.8, Supertrend: Green, Above EMA
2025-05-14 04:07:46,564 - Spot Price: 24679.5, Supertrend: Green, Above EMA
2025-05-14 04:08:17,687 - Spot Price: 24694.55, Supertrend: Green, Above EMA
2025-05-14 04:08:48,805 - Spot Price: 24688.3, Supertrend: Green, Above EMA
2025-05-14 04:09:19,734 - Spot Price: 24689.15, Supertrend: Green, Above EMA
2025-05-14 04:09:51,233 - Spot Price: 24688.2, Supertrend: Green, Above EMA
2025-05-14 04:10:22,280 - Spot Price: 24701.3, Supertrend: Green, Above EMA
2025-05-14 04:10:53,203 - Spot Price: 24703.75, Supertrend: Green, Above EMA
2025-05-14 04:11:24,685 - Spot Price: 24717.15, Supertrend: Green, Above EMA
2025-05-14 04:11:55,629 - Spot Price: 24724.35, Supertrend: Green, Above EMA
2025-05-14 04:12:26,566 - Spot Price: 24734.95, Supertrend: Green, Above EMA
2025-05-14 04:12:57,527 - Spot Price: 24739.5, Supertrend: Green, Above EMA
2025-05-14 04:13:28,513 - Spot Price: 24741.9, Supertrend: Green, Above EMA
2025-05-14 04:13:59,420 - Spot Price: 24739.65, Supertrend: Green, Above EMA
2025-05-14 04:14:30,327 - Spot Price: 24736.3, Supertrend: Green, Above EMA
2025-05-14 04:15:01,284 - Spot Price: 24744.0, Supertrend: Green, Above EMA
2025-05-14 04:15:32,284 - Spot Price: 24743.95, Supertrend: Green, Above EMA
2025-05-14 04:16:03,462 - Spot Price: 24738.6, Supertrend: Green, Above EMA
2025-05-14 04:16:34,481 - Spot Price: 24740.45, Supertrend: Green, Above EMA
2025-05-14 04:17:05,551 - Spot Price: 24746.1, Supertrend: Green, Above EMA
2025-05-14 04:17:36,666 - Spot Price: 24746.3, Supertrend: Green, Above EMA
2025-05-14 04:18:08,350 - Spot Price: 24745.85, Supertrend: Green, Above EMA
2025-05-14 04:18:39,287 - Spot Price: 24748.25, Supertrend: Green, Above EMA
2025-05-14 04:19:10,294 - Spot Price: 24746.3, Supertrend: Green, Above EMA
2025-05-14 04:19:41,244 - Spot Price: 24748.55, Supertrend: Green, Above EMA
2025-05-14 04:20:12,251 - Spot Price: 24731.0, Supertrend: Green, Above EMA
2025-05-14 04:20:43,234 - Spot Price: 24724.5, Supertrend: Green, Above EMA
2025-05-14 04:21:14,199 - Spot Price: 24708.95, Supertrend: Green, Above EMA
2025-05-14 04:21:45,154 - Spot Price: 24700.4, Supertrend: Green, Above EMA
2025-05-14 04:22:16,166 - Spot Price: 24703.2, Supertrend: Green, Above EMA
2025-05-14 04:22:47,211 - Spot Price: 24691.35, Supertrend: Green, Above EMA
2025-05-14 04:23:18,253 - Spot Price: 24704.45, Supertrend: Green, Above EMA
2025-05-14 04:23:49,240 - Spot Price: 24706.6, Supertrend: Green, Above EMA
2025-05-14 04:24:20,265 - Spot Price: 24702.65, Supertrend: Green, Above EMA
2025-05-14 04:24:51,311 - Spot Price: 24707.75, Supertrend: Green, Above EMA
2025-05-14 04:25:22,770 - Spot Price: 24708.5, Supertrend: Green, Above EMA
2025-05-14 04:25:54,138 - Spot Price: 24716.4, Supertrend: Green, Above EMA
2025-05-14 04:26:25,146 - Spot Price: 24710.4, Supertrend: Green, Above EMA
2025-05-14 04:26:56,185 - Spot Price: 24710.2, Supertrend: Green, Above EMA
2025-05-14 04:27:27,157 - Spot Price: 24729.65, Supertrend: Green, Above EMA
2025-05-14 04:27:58,206 - Spot Price: 24734.0, Supertrend: Green, Above EMA
2025-05-14 04:28:29,176 - Spot Price: 24730.8, Supertrend: Green, Above EMA
2025-05-14 04:29:00,142 - Spot Price: 24728.25, Supertrend: Green, Above EMA
2025-05-14 04:29:31,102 - Spot Price: 24730.1, Supertrend: Green, Above EMA
2025-05-14 04:30:02,283 - Spot Price: 24726.95, Supertrend: Green, Above EMA
2025-05-14 04:30:33,786 - Spot Price: 24723.55, Supertrend: Green, Above EMA
2025-05-14 04:31:05,224 - Spot Price: 24723.45, Supertrend: Green, Above EMA
2025-05-14 04:31:36,258 - Spot Price: 24721.55, Supertrend: Green, Above EMA
2025-05-14 04:32:07,696 - Spot Price: 24730.1, Supertrend: Green, Above EMA
2025-05-14 04:32:38,685 - Spot Price: 24731.85, Supertrend: Green, Above EMA
2025-05-14 04:33:10,607 - Spot Price: 24722.55, Supertrend: Green, Above EMA
2025-05-14 04:33:41,730 - Spot Price: 24728.6, Supertrend: Green, Above EMA
2025-05-14 04:34:13,138 - Spot Price: 24728.05, Supertrend: Green, Above EMA
2025-05-14 04:34:44,160 - Spot Price: 24726.3, Supertrend: Green, Above EMA
2025-05-14 04:35:15,237 - Spot Price: 24727.6, Supertrend: Green, Above EMA
2025-05-14 04:35:46,355 - Spot Price: 24730.4, Supertrend: Green, Above EMA
2025-05-14 04:36:17,361 - Spot Price: 24728.6, Supertrend: Green, Above EMA
2025-05-14 04:36:48,304 - Spot Price: 24736.8, Supertrend: Green, Above EMA
2025-05-14 04:37:19,278 - Spot Price: 24733.95, Supertrend: Green, Above EMA
2025-05-14 04:37:50,194 - Spot Price: 24736.1, Supertrend: Green, Above EMA
2025-05-14 04:38:21,110 - Spot Price: 24735.5, Supertrend: Green, Above EMA
2025-05-14 04:38:52,456 - Spot Price: 24737.55, Supertrend: Green, Above EMA
2025-05-14 04:39:23,431 - Spot Price: 24742.8, Supertrend: Green, Above EMA
2025-05-14 04:39:54,379 - Spot Price: 24745.4, Supertrend: Green, Above EMA
2025-05-14 04:40:25,314 - Spot Price: 24745.55, Supertrend: Green, Above EMA
2025-05-14 04:40:56,433 - Spot Price: 24739.15, Supertrend: Green, Above EMA
2025-05-14 04:41:27,411 - Spot Price: 24735.4, Supertrend: Green, Above EMA
2025-05-14 04:41:58,413 - Spot Price: 24739.75, Supertrend: Green, Above EMA
2025-05-14 04:42:30,086 - Spot Price: 24743.9, Supertrend: Green, Above EMA
2025-05-14 04:43:01,540 - Spot Price: 24746.15, Supertrend: Green, Above EMA
2025-05-14 04:43:32,504 - Spot Price: 24749.9, Supertrend: Green, Above EMA
2025-05-14 04:44:03,444 - Spot Price: 24751.45, Supertrend: Green, Above EMA
2025-05-14 04:44:34,422 - Spot Price: 24750.45, Supertrend: Green, Above EMA
2025-05-14 04:45:05,487 - Spot Price: 24755.95, Supertrend: Green, Above EMA
2025-05-14 04:45:37,009 - Spot Price: 24762.35, Supertrend: Green, Above EMA
2025-05-14 04:46:08,023 - Spot Price: 24757.15, Supertrend: Green, Above EMA
2025-05-14 04:46:39,035 - Spot Price: 24751.55, Supertrend: Green, Above EMA
2025-05-14 04:47:10,036 - Spot Price: 24749.3, Supertrend: Green, Above EMA
2025-05-14 04:47:41,024 - Spot Price: 24752.75, Supertrend: Green, Above EMA
2025-05-14 04:48:12,131 - Spot Price: 24754.15, Supertrend: Green, Above EMA
2025-05-14 04:48:44,173 - Spot Price: 24754.2, Supertrend: Green, Above EMA
2025-05-14 04:49:15,164 - Spot Price: 24756.9, Supertrend: Green, Above EMA
2025-05-14 04:49:46,135 - Spot Price: 24761.8, Supertrend: Green, Above EMA
2025-05-14 04:50:17,105 - Spot Price: 24759.05, Supertrend: Green, Above EMA
2025-05-14 04:50:48,818 - Spot Price: 24760.4, Supertrend: Green, Above EMA
2025-05-14 04:51:19,772 - Spot Price: 24761.0, Supertrend: Green, Above EMA
2025-05-14 04:51:50,710 - Spot Price: 24762.75, Supertrend: Green, Above EMA
2025-05-14 04:52:21,709 - Spot Price: 24763.45, Supertrend: Green, Above EMA
2025-05-14 04:52:53,401 - Spot Price: 24762.05, Supertrend: Green, Above EMA
2025-05-14 04:53:24,378 - Spot Price: 24763.2, Supertrend: Green, Above EMA
2025-05-14 04:53:55,447 - Spot Price: 24761.8, Supertrend: Green, Above EMA
2025-05-14 04:54:26,460 - Spot Price: 24764.35, Supertrend: Green, Above EMA
2025-05-14 04:54:57,461 - Spot Price: 24766.5, Supertrend: Green, Above EMA
2025-05-14 04:55:28,439 - Spot Price: 24763.2, Supertrend: Green, Above EMA
2025-05-14 04:55:59,396 - Spot Price: 24758.9, Supertrend: Green, Above EMA
2025-05-14 04:56:30,338 - Spot Price: 24746.65, Supertrend: Green, Above EMA
2025-05-14 04:57:01,354 - Spot Price: 24746.45, Supertrend: Green, Above EMA
2025-05-14 04:57:32,272 - Spot Price: 24746.0, Supertrend: Green, Above EMA
2025-05-14 04:58:03,313 - Spot Price: 24746.35, Supertrend: Green, Above EMA
2025-05-14 04:58:34,436 - Spot Price: 24745.7, Supertrend: Green, Above EMA
2025-05-14 04:59:05,496 - Spot Price: 24746.05, Supertrend: Green, Above EMA
2025-05-14 04:59:36,487 - Spot Price: 24740.25, Supertrend: Green, Above EMA
2025-05-14 05:00:08,105 - Spot Price: 24746.3, Supertrend: Green, Above EMA
2025-05-14 05:00:40,061 - Spot Price: 24738.85, Supertrend: Green, Above EMA
2025-05-14 05:01:11,034 - Spot Price: 24727.75, Supertrend: Green, Above EMA
2025-05-14 05:01:41,965 - Spot Price: 24724.7, Supertrend: Green, Above EMA
2025-05-14 05:02:12,975 - Spot Price: 24731.35, Supertrend: Green, Above EMA
2025-05-14 05:02:44,468 - Spot Price: 24734.45, Supertrend: Green, Above EMA
2025-05-14 05:03:15,592 - Spot Price: 24732.55, Supertrend: Green, Above EMA
2025-05-14 05:03:46,597 - Spot Price: 24725.9, Supertrend: Green, Above EMA
2025-05-14 05:04:17,578 - Spot Price: 24722.0, Supertrend: Green, Above EMA
2025-05-14 05:04:49,032 - Spot Price: 24721.8, Supertrend: Green, Above EMA
2025-05-14 05:05:20,075 - Spot Price: 24721.65, Supertrend: Green, Above EMA
2025-05-14 05:05:51,256 - Spot Price: 24720.15, Supertrend: Green, Above EMA
2025-05-14 05:06:22,241 - Spot Price: 24717.25, Supertrend: Green, Above EMA
2025-05-14 05:06:53,743 - Spot Price: 24720.95, Supertrend: Green, Above EMA
2025-05-14 05:07:25,360 - Spot Price: 24719.75, Supertrend: Green, Above EMA
2025-05-14 05:07:56,352 - Spot Price: 24712.4, Supertrend: Green, Above EMA
2025-05-14 05:08:27,314 - Spot Price: 24715.9, Supertrend: Green, Above EMA
2025-05-14 05:08:58,339 - Spot Price: 24718.65, Supertrend: Green, Above EMA
2025-05-14 05:09:29,268 - Spot Price: 24728.15, Supertrend: Green, Above EMA
2025-05-14 05:10:00,262 - Spot Price: 24723.5, Supertrend: Green, Above EMA
2025-05-14 05:10:31,326 - Spot Price: 24724.7, Supertrend: Green, Above EMA
2025-05-14 05:11:02,806 - Spot Price: 24725.4, Supertrend: Green, Above EMA
2025-05-14 05:11:33,788 - Spot Price: 24725.6, Supertrend: Green, Above EMA
2025-05-14 05:12:04,793 - Spot Price: 24728.5, Supertrend: Green, Above EMA
2025-05-14 05:12:35,743 - Spot Price: 24727.35, Supertrend: Green, Above EMA
2025-05-14 05:13:06,701 - Spot Price: 24723.25, Supertrend: Green, Above EMA
2025-05-14 05:13:37,651 - Spot Price: 24725.6, Supertrend: Green, Above EMA
2025-05-14 05:14:09,566 - Spot Price: 24736.9, Supertrend: Green, Above EMA
2025-05-14 05:14:41,041 - Spot Price: 24734.55, Supertrend: Green, Above EMA
2025-05-14 05:15:11,975 - Spot Price: 24732.35, Supertrend: Green, Above EMA
2025-05-14 05:15:42,984 - Spot Price: 24732.85, Supertrend: Green, Above EMA
2025-05-14 05:16:13,987 - Spot Price: 24735.0, Supertrend: Green, Above EMA
2025-05-14 05:16:44,980 - Spot Price: 24726.45, Supertrend: Green, Above EMA
2025-05-14 05:17:15,933 - Spot Price: 24737.65, Supertrend: Green, Above EMA
2025-05-14 05:17:46,854 - Spot Price: 24731.3, Supertrend: Green, Above EMA
2025-05-14 05:18:17,935 - Spot Price: 24727.85, Supertrend: Green, Above EMA
2025-05-14 05:18:48,971 - Spot Price: 24726.3, Supertrend: Green, Above EMA
2025-05-14 05:19:19,983 - Spot Price: 24720.95, Supertrend: Green, Above EMA
2025-05-14 05:19:50,931 - Spot Price: 24719.85, Supertrend: Green, Above EMA
2025-05-14 05:20:21,856 - Spot Price: 24717.1, Supertrend: Green, Above EMA
2025-05-14 05:20:52,976 - Spot Price: 24717.5, Supertrend: Green, Above EMA
2025-05-14 05:21:23,888 - Spot Price: 24713.35, Supertrend: Green, Above EMA
2025-05-14 05:21:55,764 - Spot Price: 24714.0, Supertrend: Green, Above EMA
2025-05-14 05:22:26,718 - Spot Price: 24709.9, Supertrend: Green, Above EMA
2025-05-14 05:22:57,674 - Spot Price: 24708.4, Supertrend: Green, Below EMA
2025-05-14 05:23:28,823 - Spot Price: 24705.85, Supertrend: Green, Below EMA
2025-05-14 05:23:59,896 - Spot Price: 24705.0, Supertrend: Green, Below EMA
2025-05-14 05:24:30,834 - Spot Price: 24710.75, Supertrend: Green, Above EMA
2025-05-14 05:25:01,843 - Spot Price: 24712.75, Supertrend: Green, Above EMA
2025-05-14 05:25:32,758 - Spot Price: 24710.95, Supertrend: Green, Above EMA
2025-05-14 05:26:04,662 - Spot Price: 24710.9, Supertrend: Green, Above EMA
2025-05-14 05:26:35,616 - Spot Price: 24705.8, Supertrend: Green, Below EMA
2025-05-14 05:27:06,587 - Spot Price: 24706.45, Supertrend: Green, Below EMA
2025-05-14 05:27:37,571 - Spot Price: 24710.05, Supertrend: Green, Below EMA
2025-05-14 05:28:09,002 - Spot Price: 24707.2, Supertrend: Green, Below EMA
2025-05-14 05:28:39,928 - Spot Price: 24704.75, Supertrend: Green, Below EMA
2025-05-14 05:29:10,956 - Spot Price: 24694.65, Supertrend: Green, Below EMA
2025-05-14 05:29:41,938 - Spot Price: 24688.35, Supertrend: Green, Below EMA
2025-05-14 05:30:12,858 - Spot Price: 24687.2, Supertrend: Green, Below EMA
2025-05-14 05:30:43,794 - Spot Price: 24695.85, Supertrend: Green, Below EMA
2025-05-14 05:31:14,807 - Spot Price: 24701.65, Supertrend: Green, Below EMA
2025-05-14 05:31:46,257 - Spot Price: 24696.3, Supertrend: Green, Below EMA
2025-05-14 05:32:17,646 - Spot Price: 24695.45, Supertrend: Green, Below EMA
2025-05-14 05:32:48,569 - Spot Price: 24691.1, Supertrend: Green, Below EMA
2025-05-14 05:33:19,530 - Spot Price: 24694.9, Supertrend: Green, Below EMA
2025-05-14 05:33:50,557 - Spot Price: 24692.25, Supertrend: Green, Below EMA
2025-05-14 05:34:21,956 - Spot Price: 24692.15, Supertrend: Green, Below EMA
2025-05-14 05:34:52,902 - Spot Price: 24692.45, Supertrend: Green, Below EMA
2025-05-14 05:35:24,034 - Spot Price: 24698.25, Supertrend: Green, Below EMA
2025-05-14 05:35:54,998 - Spot Price: 24698.3, Supertrend: Green, Below EMA
2025-05-14 05:36:25,975 - Spot Price: 24695.5, Supertrend: Green, Below EMA
2025-05-14 05:36:56,911 - Spot Price: 24698.25, Supertrend: Green, Below EMA
2025-05-14 05:37:28,344 - Spot Price: 24698.05, Supertrend: Green, Below EMA
2025-05-14 05:37:59,282 - Spot Price: 24701.35, Supertrend: Green, Below EMA
2025-05-14 05:38:30,218 - Spot Price: 24704.2, Supertrend: Green, Below EMA
2025-05-14 05:39:01,813 - Spot Price: 24707.7, Supertrend: Green, Above EMA
2025-05-14 05:39:32,773 - Spot Price: 24704.0, Supertrend: Green, Below EMA
2025-05-14 05:40:03,821 - Spot Price: 24703.7, Supertrend: Green, Below EMA
2025-05-14 05:40:34,801 - Spot Price: 24703.65, Supertrend: Green, Below EMA
2025-05-14 05:41:05,827 - Spot Price: 24700.95, Supertrend: Green, Below EMA
2025-05-14 05:41:36,789 - Spot Price: 24701.8, Supertrend: Green, Below EMA
2025-05-14 05:42:07,757 - Spot Price: 24699.45, Supertrend: Green, Below EMA
2025-05-14 05:42:38,735 - Spot Price: 24701.25, Supertrend: Green, Below EMA
2025-05-14 05:43:09,698 - Spot Price: 24701.5, Supertrend: Green, Below EMA
2025-05-14 05:43:40,672 - Spot Price: 24705.25, Supertrend: Green, Below EMA
2025-05-14 05:44:12,114 - Spot Price: 24706.3, Supertrend: Green, Above EMA
2025-05-14 05:44:43,517 - Spot Price: 24703.45, Supertrend: Green, Below EMA
2025-05-14 05:45:14,514 - Spot Price: 24699.7, Supertrend: Green, Below EMA
2025-05-14 05:45:45,489 - Spot Price: 24706.9, Supertrend: Green, Above EMA
2025-05-14 05:46:17,657 - Spot Price: 24703.35, Supertrend: Green, Below EMA
2025-05-14 05:46:48,634 - Spot Price: 24700.85, Supertrend: Green, Below EMA
2025-05-14 05:47:20,040 - Spot Price: 24700.45, Supertrend: Green, Below EMA
2025-05-14 05:47:51,127 - Spot Price: 24695.65, Supertrend: Green, Below EMA
2025-05-14 05:48:22,198 - Spot Price: 24697.6, Supertrend: Green, Below EMA
2025-05-14 05:48:53,222 - Spot Price: 24704.2, Supertrend: Green, Below EMA
2025-05-14 05:49:24,210 - Spot Price: 24709.85, Supertrend: Green, Above EMA
2025-05-14 05:49:55,601 - Spot Price: 24708.2, Supertrend: Green, Above EMA
2025-05-14 05:50:26,688 - Spot Price: 24703.85, Supertrend: Green, Below EMA
2025-05-14 05:50:58,168 - Spot Price: 24704.0, Supertrend: Green, Below EMA
2025-05-14 05:51:29,128 - Spot Price: 24705.75, Supertrend: Green, Above EMA
2025-05-14 05:52:00,581 - Spot Price: 24709.75, Supertrend: Green, Above EMA
2025-05-14 05:52:31,661 - Spot Price: 24712.85, Supertrend: Green, Above EMA
2025-05-14 05:53:02,784 - Spot Price: 24714.45, Supertrend: Green, Above EMA
2025-05-14 05:53:33,778 - Spot Price: 24709.85, Supertrend: Green, Above EMA
2025-05-14 05:54:04,777 - Spot Price: 24710.05, Supertrend: Green, Above EMA
2025-05-14 05:54:35,852 - Spot Price: 24714.35, Supertrend: Green, Above EMA
2025-05-14 05:55:07,614 - Spot Price: 24716.8, Supertrend: Green, Above EMA
2025-05-14 05:55:38,765 - Spot Price: 24716.95, Supertrend: Green, Above EMA
2025-05-14 05:56:09,689 - Spot Price: 24716.15, Supertrend: Green, Above EMA
2025-05-14 05:56:40,653 - Spot Price: 24717.5, Supertrend: Green, Above EMA
2025-05-14 05:57:12,400 - Spot Price: 24717.0, Supertrend: Green, Above EMA
2025-05-14 05:57:43,881 - Spot Price: 24711.45, Supertrend: Green, Above EMA
2025-05-14 05:58:14,843 - Spot Price: 24709.9, Supertrend: Green, Above EMA
2025-05-14 05:58:45,795 - Spot Price: 24711.35, Supertrend: Green, Above EMA
2025-05-14 05:59:16,860 - Spot Price: 24722.05, Supertrend: Green, Above EMA
2025-05-14 05:59:47,931 - Spot Price: 24719.75, Supertrend: Green, Above EMA
2025-05-14 06:00:18,993 - Spot Price: 24712.9, Supertrend: Green, Above EMA
2025-05-14 06:00:49,942 - Spot Price: 24711.75, Supertrend: Green, Above EMA
2025-05-14 06:01:20,912 - Spot Price: 24711.55, Supertrend: Green, Above EMA
2025-05-14 06:01:51,959 - Spot Price: 24714.25, Supertrend: Green, Above EMA
2025-05-14 06:02:22,966 - Spot Price: 24717.15, Supertrend: Green, Above EMA
2025-05-14 06:02:53,898 - Spot Price: 24716.95, Supertrend: Green, Above EMA
2025-05-14 06:03:25,502 - Spot Price: 24720.4, Supertrend: Green, Above EMA
2025-05-14 06:03:56,529 - Spot Price: 24718.7, Supertrend: Green, Above EMA
2025-05-14 06:04:27,490 - Spot Price: 24712.4, Supertrend: Green, Above EMA
2025-05-14 06:04:58,565 - Spot Price: 24710.5, Supertrend: Green, Above EMA
2025-05-14 06:05:29,530 - Spot Price: 24711.85, Supertrend: Green, Above EMA
2025-05-14 06:06:00,529 - Spot Price: 24709.0, Supertrend: Green, Above EMA
2025-05-14 06:06:31,526 - Spot Price: 24711.75, Supertrend: Green, Above EMA
2025-05-14 06:07:02,679 - Spot Price: 24711.75, Supertrend: Green, Above EMA
2025-05-14 06:07:33,684 - Spot Price: 24709.5, Supertrend: Green, Above EMA
2025-05-14 06:08:04,765 - Spot Price: 24710.1, Supertrend: Green, Above EMA
2025-05-14 06:08:35,782 - Spot Price: 24709.9, Supertrend: Green, Above EMA
2025-05-14 06:09:06,805 - Spot Price: 24710.3, Supertrend: Green, Above EMA
2025-05-14 06:09:37,825 - Spot Price: 24704.65, Supertrend: Green, Below EMA
2025-05-14 06:10:09,280 - Spot Price: 24699.65, Supertrend: Green, Below EMA
2025-05-14 06:10:40,771 - Spot Price: 24703.2, Supertrend: Green, Below EMA
2025-05-14 06:11:12,184 - Spot Price: 24707.35, Supertrend: Green, Above EMA
2025-05-14 06:11:43,221 - Spot Price: 24707.25, Supertrend: Green, Above EMA
2025-05-14 06:12:14,701 - Spot Price: 24702.9, Supertrend: Green, Below EMA
2025-05-14 06:12:45,617 - Spot Price: 24698.8, Supertrend: Green, Below EMA
2025-05-14 06:13:16,642 - Spot Price: 24695.35, Supertrend: Green, Below EMA
2025-05-14 06:13:47,676 - Spot Price: 24681.45, Supertrend: Green, Below EMA
2025-05-14 06:14:19,590 - Spot Price: 24684.25, Supertrend: Green, Below EMA
2025-05-14 06:14:50,674 - Spot Price: 24683.8, Supertrend: Green, Below EMA
2025-05-14 06:15:21,787 - Spot Price: 24685.35, Supertrend: Green, Below EMA
2025-05-14 06:15:52,774 - Spot Price: 24679.1, Supertrend: Green, Below EMA
2025-05-14 06:16:24,289 - Spot Price: 24675.3, Supertrend: Green, Below EMA
2025-05-14 06:16:55,357 - Spot Price: 24662.85, Supertrend: Green, Below EMA
2025-05-14 06:17:26,460 - Spot Price: 24664.15, Supertrend: Green, Below EMA
2025-05-14 06:17:57,533 - Spot Price: 24660.15, Supertrend: Green, Below EMA
2025-05-14 06:18:28,555 - Spot Price: 24657.85, Supertrend: Green, Below EMA
2025-05-14 06:18:59,561 - Spot Price: 24655.3, Supertrend: Red, Below EMA
2025-05-14 06:18:59,562 - Exit signal detected: Supertrend Signal Change
2025-05-14 06:18:59,562 - PAPER TRADE: Exiting position for NSE:NIFTY2552224550PE
2025-05-14 06:18:59,562 - PAPER TRADE: Exiting position for NSE:NIFTY2552224250PE
2025-05-14 06:18:59,567 - Exited LONG position: Supertrend Signal Change
2025-05-14 06:19:30,585 - Spot Price: 24633.9, Supertrend: Red, Below EMA
2025-05-14 06:19:30,586 - Sell signal detected
2025-05-14 06:19:31,366 - Selected call to sell: NSE:NIFTY2552224900CE with delta ~0.3900058425346026
2025-05-14 06:19:31,376 - Selected call to buy: NSE:NIFTY2552225150CE with delta ~0.2751186503802956
2025-05-14 06:19:31,377 - PAPER TRADE: SELL 75 NSE:NIFTY2552224900CE @ MARKET
2025-05-14 06:19:31,378 - PAPER TRADE: BUY 75 NSE:NIFTY2552225150CE @ MARKET
2025-05-14 06:19:31,383 - Entered SHORT position: Sold Call NSE:NIFTY2552224900CE @ 120.25, Bought Call NSE:NIFTY2552225150CE @ 55.7
2025-05-14 06:20:02,666 - Spot Price: 24640.6, Supertrend: Red, Below EMA
2025-05-14 06:20:33,770 - Spot Price: 24651.8, Supertrend: Red, Below EMA
2025-05-14 06:21:04,842 - Spot Price: 24650.15, Supertrend: Red, Below EMA
2025-05-14 06:21:35,781 - Spot Price: 24647.0, Supertrend: Red, Below EMA
2025-05-14 06:22:07,320 - Spot Price: 24648.0, Supertrend: Red, Below EMA
2025-05-14 06:22:38,374 - Spot Price: 24644.35, Supertrend: Red, Below EMA
2025-05-14 06:23:09,817 - Spot Price: 24644.35, Supertrend: Red, Below EMA
2025-05-14 06:23:40,823 - Spot Price: 24651.85, Supertrend: Red, Below EMA
2025-05-14 06:24:11,804 - Spot Price: 24648.4, Supertrend: Red, Below EMA
2025-05-14 06:24:42,773 - Spot Price: 24649.95, Supertrend: Red, Below EMA
2025-05-14 06:25:13,782 - Spot Price: 24644.3, Supertrend: Red, Below EMA
2025-05-14 06:25:45,203 - Spot Price: 24645.45, Supertrend: Red, Below EMA
2025-05-14 06:26:16,222 - Spot Price: 24645.8, Supertrend: Red, Below EMA
2025-05-14 06:26:47,793 - Spot Price: 24653.0, Supertrend: Red, Below EMA
2025-05-14 06:27:19,292 - Spot Price: 24655.2, Supertrend: Red, Below EMA
2025-05-14 06:27:50,294 - Spot Price: 24655.7, Supertrend: Red, Below EMA
2025-05-14 06:28:21,774 - Spot Price: 24654.3, Supertrend: Red, Below EMA
2025-05-14 06:28:52,754 - Spot Price: 24657.55, Supertrend: Red, Below EMA
2025-05-14 06:29:23,710 - Spot Price: 24656.45, Supertrend: Red, Below EMA
2025-05-14 06:29:54,748 - Spot Price: 24661.1, Supertrend: Red, Below EMA
2025-05-14 06:30:26,352 - Spot Price: 24660.9, Supertrend: Red, Below EMA
2025-05-14 06:30:57,327 - Spot Price: 24658.15, Supertrend: Red, Below EMA
2025-05-14 06:31:28,881 - Spot Price: 24663.9, Supertrend: Red, Below EMA
2025-05-14 06:31:59,864 - Spot Price: 24663.7, Supertrend: Red, Below EMA
2025-05-14 06:32:30,876 - Spot Price: 24666.5, Supertrend: Red, Below EMA
2025-05-14 06:33:02,016 - Spot Price: 24664.3, Supertrend: Red, Below EMA
2025-05-14 06:33:33,003 - Spot Price: 24659.95, Supertrend: Red, Below EMA
2025-05-14 06:34:04,471 - Spot Price: 24664.25, Supertrend: Red, Below EMA
2025-05-14 06:34:35,926 - Spot Price: 24666.3, Supertrend: Red, Below EMA
2025-05-14 06:35:07,035 - Spot Price: 24664.45, Supertrend: Red, Below EMA
2025-05-14 06:35:38,325 - Spot Price: 24659.75, Supertrend: Red, Below EMA
2025-05-14 06:36:09,384 - Spot Price: 24662.7, Supertrend: Red, Below EMA
2025-05-14 06:36:40,942 - Spot Price: 24665.45, Supertrend: Red, Below EMA
2025-05-14 06:37:12,500 - Spot Price: 24662.6, Supertrend: Red, Below EMA
2025-05-14 06:37:43,520 - Spot Price: 24666.7, Supertrend: Red, Below EMA
2025-05-14 06:38:14,922 - Spot Price: 24664.25, Supertrend: Red, Below EMA
2025-05-14 06:38:45,978 - Spot Price: 24665.7, Supertrend: Red, Below EMA
2025-05-14 06:39:17,431 - Spot Price: 24660.65, Supertrend: Red, Below EMA
2025-05-14 06:39:48,432 - Spot Price: 24661.45, Supertrend: Red, Below EMA
2025-05-14 06:40:20,015 - Spot Price: 24666.15, Supertrend: Red, Below EMA
2025-05-14 06:40:51,032 - Spot Price: 24670.8, Supertrend: Red, Below EMA
2025-05-14 06:41:22,027 - Spot Price: 24668.3, Supertrend: Red, Below EMA
2025-05-14 06:41:53,041 - Spot Price: 24666.0, Supertrend: Red, Below EMA
2025-05-14 06:42:23,960 - Spot Price: 24662.4, Supertrend: Red, Below EMA
2025-05-14 06:42:54,933 - Spot Price: 24670.85, Supertrend: Red, Below EMA
2025-05-14 06:43:26,465 - Spot Price: 24672.7, Supertrend: Red, Below EMA
2025-05-14 06:43:57,415 - Spot Price: 24675.35, Supertrend: Red, Below EMA
2025-05-14 06:44:28,381 - Spot Price: 24677.4, Supertrend: Red, Below EMA
2025-05-14 06:44:59,797 - Spot Price: 24677.1, Supertrend: Red, Below EMA
2025-05-14 06:45:30,787 - Spot Price: 24670.7, Supertrend: Red, Below EMA
2025-05-14 06:46:01,827 - Spot Price: 24675.7, Supertrend: Red, Below EMA
2025-05-14 06:46:33,314 - Spot Price: 24676.6, Supertrend: Red, Below EMA
2025-05-14 06:47:04,350 - Spot Price: 24669.9, Supertrend: Red, Below EMA
2025-05-14 06:47:35,617 - Spot Price: 24671.45, Supertrend: Red, Below EMA
2025-05-14 06:48:06,723 - Spot Price: 24669.65, Supertrend: Red, Below EMA
2025-05-14 06:48:37,716 - Spot Price: 24673.5, Supertrend: Red, Below EMA
2025-05-14 06:49:09,386 - Spot Price: 24676.45, Supertrend: Red, Below EMA
2025-05-14 06:49:40,416 - Spot Price: 24671.5, Supertrend: Red, Below EMA
2025-05-14 06:50:11,986 - Spot Price: 24673.85, Supertrend: Red, Below EMA
2025-05-14 06:50:43,091 - Spot Price: 24675.5, Supertrend: Red, Below EMA
2025-05-14 06:51:14,060 - Spot Price: 24674.1, Supertrend: Red, Below EMA
2025-05-14 06:51:45,052 - Spot Price: 24676.9, Supertrend: Red, Below EMA
2025-05-14 06:52:16,561 - Spot Price: 24676.45, Supertrend: Red, Below EMA
2025-05-14 06:52:48,012 - Spot Price: 24672.65, Supertrend: Red, Below EMA
2025-05-14 06:53:19,047 - Spot Price: 24671.85, Supertrend: Red, Below EMA
2025-05-14 06:53:51,005 - Spot Price: 24670.55, Supertrend: Red, Below EMA
2025-05-14 06:54:21,971 - Spot Price: 24669.65, Supertrend: Red, Below EMA
2025-05-14 06:54:53,691 - Spot Price: 24669.0, Supertrend: Red, Below EMA
2025-05-14 06:55:24,728 - Spot Price: 24672.6, Supertrend: Red, Below EMA
2025-05-14 06:55:55,791 - Spot Price: 24664.2, Supertrend: Red, Below EMA
2025-05-14 06:56:26,893 - Spot Price: 24661.1, Supertrend: Red, Below EMA
2025-05-14 06:56:57,858 - Spot Price: 24665.1, Supertrend: Red, Below EMA
2025-05-14 06:57:28,913 - Spot Price: 24666.35, Supertrend: Red, Below EMA
2025-05-14 06:57:59,927 - Spot Price: 24667.75, Supertrend: Red, Below EMA
2025-05-14 06:58:30,915 - Spot Price: 24666.65, Supertrend: Red, Below EMA
2025-05-14 06:59:02,193 - Spot Price: 24664.75, Supertrend: Red, Below EMA
2025-05-14 06:59:33,293 - Spot Price: 24664.55, Supertrend: Red, Below EMA
2025-05-14 07:00:04,462 - Spot Price: 24662.15, Supertrend: Red, Below EMA
2025-05-14 07:00:35,651 - Spot Price: 24660.95, Supertrend: Red, Below EMA
2025-05-14 07:01:07,181 - Spot Price: 24661.35, Supertrend: Red, Below EMA
2025-05-14 07:01:38,324 - Spot Price: 24662.3, Supertrend: Red, Below EMA
2025-05-14 07:02:09,488 - Spot Price: 24661.7, Supertrend: Red, Below EMA
2025-05-14 07:02:40,519 - Spot Price: 24662.1, Supertrend: Red, Below EMA
2025-05-14 07:03:11,497 - Spot Price: 24658.15, Supertrend: Red, Below EMA
2025-05-14 07:03:42,507 - Spot Price: 24660.7, Supertrend: Red, Below EMA
2025-05-14 07:04:13,492 - Spot Price: 24658.8, Supertrend: Red, Below EMA
2025-05-14 07:04:44,505 - Spot Price: 24655.15, Supertrend: Red, Below EMA
2025-05-14 07:05:15,631 - Spot Price: 24656.8, Supertrend: Red, Below EMA
2025-05-14 07:05:46,673 - Spot Price: 24651.75, Supertrend: Red, Below EMA
2025-05-14 07:06:17,636 - Spot Price: 24651.45, Supertrend: Red, Below EMA
2025-05-14 07:06:49,317 - Spot Price: 24653.6, Supertrend: Red, Below EMA
2025-05-14 07:07:20,349 - Spot Price: 24644.25, Supertrend: Red, Below EMA
2025-05-14 07:07:51,399 - Spot Price: 24639.9, Supertrend: Red, Below EMA
2025-05-14 07:08:22,913 - Spot Price: 24638.55, Supertrend: Red, Below EMA
2025-05-14 07:08:54,395 - Spot Price: 24635.3, Supertrend: Red, Below EMA
2025-05-14 07:09:25,453 - Spot Price: 24627.45, Supertrend: Red, Below EMA
2025-05-14 07:09:56,469 - Spot Price: 24618.05, Supertrend: Red, Below EMA
2025-05-14 07:10:27,469 - Spot Price: 24614.35, Supertrend: Red, Below EMA
2025-05-14 07:10:58,475 - Spot Price: 24620.8, Supertrend: Red, Below EMA
2025-05-14 07:11:29,500 - Spot Price: 24630.85, Supertrend: Red, Below EMA
2025-05-14 07:12:00,448 - Spot Price: 24631.9, Supertrend: Red, Below EMA
2025-05-14 07:12:31,498 - Spot Price: 24629.6, Supertrend: Red, Below EMA
2025-05-14 07:13:02,597 - Spot Price: 24632.2, Supertrend: Red, Below EMA
2025-05-14 07:13:33,624 - Spot Price: 24632.5, Supertrend: Red, Below EMA
2025-05-14 07:14:04,621 - Spot Price: 24634.6, Supertrend: Red, Below EMA
2025-05-14 07:14:35,632 - Spot Price: 24628.45, Supertrend: Red, Below EMA
2025-05-14 07:15:06,642 - Spot Price: 24628.9, Supertrend: Red, Below EMA
2025-05-14 07:15:37,623 - Spot Price: 24628.7, Supertrend: Red, Below EMA
2025-05-14 07:16:08,634 - Spot Price: 24630.55, Supertrend: Red, Below EMA
2025-05-14 07:16:39,601 - Spot Price: 24631.9, Supertrend: Red, Below EMA
2025-05-14 07:17:10,571 - Spot Price: 24628.85, Supertrend: Red, Below EMA
2025-05-14 07:17:42,019 - Spot Price: 24629.9, Supertrend: Red, Below EMA
2025-05-14 07:18:13,032 - Spot Price: 24633.65, Supertrend: Red, Below EMA
2025-05-14 07:18:44,142 - Spot Price: 24630.95, Supertrend: Red, Below EMA
2025-05-14 07:19:15,674 - Spot Price: 24628.5, Supertrend: Red, Below EMA
2025-05-14 07:19:47,142 - Spot Price: 24616.35, Supertrend: Red, Below EMA
2025-05-14 07:20:18,122 - Spot Price: 24581.65, Supertrend: Red, Below EMA
2025-05-14 07:20:49,076 - Spot Price: 24574.8, Supertrend: Red, Below EMA
2025-05-14 07:21:20,023 - Spot Price: 24539.5, Supertrend: Red, Below EMA
2025-05-14 07:21:51,953 - Spot Price: 24566.35, Supertrend: Red, Below EMA
2025-05-14 07:22:22,975 - Spot Price: 24572.95, Supertrend: Red, Below EMA
2025-05-14 07:22:54,360 - Spot Price: 24560.8, Supertrend: Red, Below EMA
2025-05-14 07:23:25,512 - Spot Price: 24561.05, Supertrend: Red, Below EMA
2025-05-14 07:23:56,470 - Spot Price: 24563.6, Supertrend: Red, Below EMA
2025-05-14 07:24:27,638 - Spot Price: 24570.3, Supertrend: Red, Below EMA
2025-05-14 07:24:58,679 - Spot Price: 24573.85, Supertrend: Red, Below EMA
2025-05-14 07:25:29,702 - Spot Price: 24566.0, Supertrend: Red, Below EMA
2025-05-14 07:26:00,686 - Spot Price: 24562.6, Supertrend: Red, Below EMA
2025-05-14 07:26:31,705 - Spot Price: 24563.55, Supertrend: Red, Below EMA
2025-05-14 07:27:02,708 - Spot Price: 24567.75, Supertrend: Red, Below EMA
2025-05-14 07:27:34,171 - Spot Price: 24565.55, Supertrend: Red, Below EMA
2025-05-14 07:28:05,616 - Spot Price: 24569.25, Supertrend: Red, Below EMA
2025-05-14 07:28:36,625 - Spot Price: 24568.2, Supertrend: Red, Below EMA
2025-05-14 07:29:07,652 - Spot Price: 24574.75, Supertrend: Red, Below EMA
2025-05-14 07:29:38,652 - Spot Price: 24579.65, Supertrend: Red, Below EMA
2025-05-14 07:30:10,160 - Spot Price: 24580.45, Supertrend: Red, Below EMA
2025-05-14 07:30:41,256 - Spot Price: 24587.25, Supertrend: Red, Below EMA
2025-05-14 07:31:12,256 - Spot Price: 24591.9, Supertrend: Red, Below EMA
2025-05-14 07:31:43,673 - Spot Price: 24597.85, Supertrend: Red, Below EMA
2025-05-14 07:32:14,703 - Spot Price: 24603.0, Supertrend: Red, Below EMA
2025-05-14 07:32:45,822 - Spot Price: 24607.65, Supertrend: Red, Below EMA
2025-05-14 07:33:17,216 - Spot Price: 24624.85, Supertrend: Red, Below EMA
2025-05-14 07:33:48,818 - Spot Price: 24628.95, Supertrend: Red, Below EMA
2025-05-14 07:34:19,826 - Spot Price: 24620.75, Supertrend: Red, Below EMA
2025-05-14 07:34:50,829 - Spot Price: 24621.45, Supertrend: Red, Below EMA
2025-05-14 07:35:21,925 - Spot Price: 24620.25, Supertrend: Red, Below EMA
2025-05-14 07:35:53,417 - Spot Price: 24624.45, Supertrend: Red, Below EMA
2025-05-14 07:36:24,952 - Spot Price: 24625.4, Supertrend: Red, Below EMA
2025-05-14 07:36:55,951 - Spot Price: 24625.65, Supertrend: Red, Below EMA
2025-05-14 07:37:26,923 - Spot Price: 24632.0, Supertrend: Red, Below EMA
2025-05-14 07:37:57,912 - Spot Price: 24629.35, Supertrend: Red, Below EMA
2025-05-14 07:38:29,373 - Spot Price: 24633.1, Supertrend: Red, Below EMA
2025-05-14 07:39:00,828 - Spot Price: 24629.5, Supertrend: Red, Below EMA
2025-05-14 07:39:31,841 - Spot Price: 24629.95, Supertrend: Red, Below EMA
2025-05-14 07:40:02,969 - Spot Price: 24633.0, Supertrend: Red, Below EMA
2025-05-14 07:40:33,904 - Spot Price: 24631.05, Supertrend: Red, Below EMA
2025-05-14 07:41:04,895 - Spot Price: 24637.55, Supertrend: Red, Below EMA
2025-05-14 07:41:35,901 - Spot Price: 24636.0, Supertrend: Red, Below EMA
2025-05-14 07:42:07,366 - Spot Price: 24639.75, Supertrend: Red, Below EMA
2025-05-14 07:42:38,495 - Spot Price: 24637.45, Supertrend: Red, Below EMA
2025-05-14 07:43:09,464 - Spot Price: 24634.65, Supertrend: Red, Below EMA
2025-05-14 07:43:40,451 - Spot Price: 24641.2, Supertrend: Red, Below EMA
2025-05-14 07:44:11,572 - Spot Price: 24640.15, Supertrend: Red, Below EMA
2025-05-14 07:44:42,537 - Spot Price: 24637.35, Supertrend: Red, Below EMA
2025-05-14 07:45:13,521 - Spot Price: 24637.1, Supertrend: Red, Below EMA
2025-05-14 07:45:44,616 - Spot Price: 24638.5, Supertrend: Red, Below EMA
2025-05-14 07:46:16,057 - Spot Price: 24639.4, Supertrend: Red, Below EMA
2025-05-14 07:46:47,124 - Spot Price: 24639.0, Supertrend: Red, Below EMA
2025-05-14 07:47:18,571 - Spot Price: 24640.55, Supertrend: Red, Below EMA
2025-05-14 07:47:50,056 - Spot Price: 24640.95, Supertrend: Red, Below EMA
2025-05-14 07:48:21,043 - Spot Price: 24639.7, Supertrend: Red, Below EMA
2025-05-14 07:48:52,058 - Spot Price: 24623.15, Supertrend: Red, Below EMA
2025-05-14 07:49:23,033 - Spot Price: 24607.15, Supertrend: Red, Below EMA
2025-05-14 07:49:54,099 - Spot Price: 24619.45, Supertrend: Red, Below EMA
2025-05-14 07:50:25,246 - Spot Price: 24624.75, Supertrend: Red, Below EMA
2025-05-14 07:50:56,701 - Spot Price: 24627.95, Supertrend: Red, Below EMA
2025-05-14 07:51:28,360 - Spot Price: 24624.0, Supertrend: Red, Below EMA
2025-05-14 07:51:59,821 - Spot Price: 24628.9, Supertrend: Red, Below EMA
2025-05-14 07:52:30,797 - Spot Price: 24624.2, Supertrend: Red, Below EMA
2025-05-14 07:53:01,963 - Spot Price: 24627.1, Supertrend: Red, Below EMA
2025-05-14 07:53:32,922 - Spot Price: 24630.35, Supertrend: Red, Below EMA
2025-05-14 07:54:03,927 - Spot Price: 24632.8, Supertrend: Red, Below EMA
2025-05-14 07:54:34,982 - Spot Price: 24631.4, Supertrend: Red, Below EMA
2025-05-14 07:55:05,960 - Spot Price: 24639.15, Supertrend: Red, Below EMA
2025-05-14 07:55:36,994 - Spot Price: 24637.35, Supertrend: Red, Below EMA
2025-05-14 07:56:08,080 - Spot Price: 24654.35, Supertrend: Red, Above EMA
2025-05-14 07:56:39,478 - Spot Price: 24654.15, Supertrend: Red, Above EMA
2025-05-14 07:57:10,435 - Spot Price: 24652.95, Supertrend: Red, Above EMA
2025-05-14 07:57:41,444 - Spot Price: 24656.15, Supertrend: Red, Above EMA
2025-05-14 07:58:12,420 - Spot Price: 24652.35, Supertrend: Red, Above EMA
2025-05-14 07:58:43,470 - Spot Price: 24650.95, Supertrend: Red, Above EMA
2025-05-14 07:59:15,026 - Spot Price: 24646.9, Supertrend: Red, Above EMA
2025-05-14 07:59:46,036 - Spot Price: 24646.1, Supertrend: Red, Above EMA
2025-05-14 08:00:17,632 - Spot Price: 24643.6, Supertrend: Red, Above EMA
2025-05-14 08:00:49,205 - Spot Price: 24644.95, Supertrend: Red, Above EMA
2025-05-14 08:01:20,387 - Spot Price: 24644.95, Supertrend: Red, Above EMA
2025-05-14 08:01:51,898 - Spot Price: 24641.65, Supertrend: Red, Above EMA
2025-05-14 08:02:23,633 - Spot Price: 24641.85, Supertrend: Red, Above EMA
2025-05-14 08:02:54,609 - Spot Price: 24642.1, Supertrend: Red, Above EMA
2025-05-14 08:03:25,805 - Spot Price: 24641.85, Supertrend: Red, Above EMA
2025-05-14 08:03:56,898 - Spot Price: 24644.65, Supertrend: Red, Above EMA
2025-05-14 08:04:27,937 - Spot Price: 24644.85, Supertrend: Red, Above EMA
2025-05-14 08:04:59,568 - Spot Price: 24643.7, Supertrend: Red, Above EMA
2025-05-14 08:05:30,576 - Spot Price: 24645.7, Supertrend: Red, Above EMA
2025-05-14 08:06:01,543 - Spot Price: 24637.2, Supertrend: Red, Below EMA
2025-05-14 08:06:33,224 - Spot Price: 24643.2, Supertrend: Red, Above EMA
2025-05-14 08:07:04,189 - Spot Price: 24645.85, Supertrend: Red, Above EMA
2025-05-14 08:07:35,778 - Spot Price: 24643.05, Supertrend: Red, Above EMA
2025-05-14 08:08:06,753 - Spot Price: 24634.1, Supertrend: Red, Below EMA
2025-05-14 08:08:38,241 - Spot Price: 24631.5, Supertrend: Red, Below EMA
2025-05-14 08:09:09,383 - Spot Price: 24638.95, Supertrend: Red, Below EMA
2025-05-14 08:09:40,818 - Spot Price: 24633.7, Supertrend: Red, Below EMA
2025-05-14 08:10:11,781 - Spot Price: 24636.65, Supertrend: Red, Below EMA
2025-05-14 08:10:43,359 - Spot Price: 24635.8, Supertrend: Red, Below EMA
2025-05-14 08:11:14,351 - Spot Price: 24638.4, Supertrend: Red, Below EMA
2025-05-14 08:11:45,774 - Spot Price: 24639.95, Supertrend: Red, Below EMA
2025-05-14 08:12:17,229 - Spot Price: 24638.75, Supertrend: Red, Below EMA
2025-05-14 08:12:48,256 - Spot Price: 24645.3, Supertrend: Red, Above EMA
2025-05-14 08:13:19,253 - Spot Price: 24646.7, Supertrend: Red, Above EMA
2025-05-14 08:13:50,704 - Spot Price: 24640.95, Supertrend: Red, Below EMA
2025-05-14 08:14:21,701 - Spot Price: 24634.8, Supertrend: Red, Below EMA
2025-05-14 08:14:52,806 - Spot Price: 24627.2, Supertrend: Red, Below EMA
2025-05-14 08:15:23,805 - Spot Price: 24633.25, Supertrend: Red, Below EMA
2025-05-14 08:15:54,826 - Spot Price: 24634.25, Supertrend: Red, Below EMA
2025-05-14 08:16:25,888 - Spot Price: 24629.25, Supertrend: Red, Below EMA
2025-05-14 08:16:56,883 - Spot Price: 24625.1, Supertrend: Red, Below EMA
2025-05-14 08:17:28,921 - Spot Price: 24628.4, Supertrend: Red, Below EMA
2025-05-14 08:17:59,884 - Spot Price: 24627.1, Supertrend: Red, Below EMA
2025-05-14 08:18:30,877 - Spot Price: 24623.5, Supertrend: Red, Below EMA
2025-05-14 08:19:01,875 - Spot Price: 24618.3, Supertrend: Red, Below EMA
2025-05-14 08:19:32,902 - Spot Price: 24625.85, Supertrend: Red, Below EMA
2025-05-14 08:20:04,066 - Spot Price: 24622.7, Supertrend: Red, Below EMA
2025-05-14 08:20:35,193 - Spot Price: 24623.95, Supertrend: Red, Below EMA
2025-05-14 08:21:06,237 - Spot Price: 24625.7, Supertrend: Red, Below EMA
2025-05-14 08:21:37,687 - Spot Price: 24630.9, Supertrend: Red, Below EMA
2025-05-14 08:22:09,170 - Spot Price: 24629.25, Supertrend: Red, Below EMA
2025-05-14 08:22:40,143 - Spot Price: 24623.6, Supertrend: Red, Below EMA
2025-05-14 08:23:11,134 - Spot Price: 24626.7, Supertrend: Red, Below EMA
2025-05-14 08:23:42,206 - Spot Price: 24628.95, Supertrend: Red, Below EMA
2025-05-14 08:24:13,740 - Spot Price: 24627.35, Supertrend: Red, Below EMA
2025-05-14 08:24:44,925 - Spot Price: 24627.55, Supertrend: Red, Below EMA
2025-05-14 08:25:15,952 - Spot Price: 24635.95, Supertrend: Red, Below EMA
2025-05-14 08:25:46,937 - Spot Price: 24634.2, Supertrend: Red, Below EMA
2025-05-14 08:26:18,095 - Spot Price: 24631.0, Supertrend: Red, Below EMA
2025-05-14 08:26:49,183 - Spot Price: 24631.7, Supertrend: Red, Below EMA
2025-05-14 08:27:20,728 - Spot Price: 24627.45, Supertrend: Red, Below EMA
2025-05-14 08:27:51,795 - Spot Price: 24632.2, Supertrend: Red, Below EMA
2025-05-14 08:28:23,286 - Spot Price: 24624.55, Supertrend: Red, Below EMA
2025-05-14 08:28:54,301 - Spot Price: 24624.75, Supertrend: Red, Below EMA
2025-05-14 08:29:25,328 - Spot Price: 24620.3, Supertrend: Red, Below EMA
2025-05-14 08:29:57,139 - Spot Price: 24622.45, Supertrend: Red, Below EMA
2025-05-14 08:30:28,201 - Spot Price: 24618.85, Supertrend: Red, Below EMA
2025-05-14 08:30:59,248 - Spot Price: 24607.95, Supertrend: Red, Below EMA
2025-05-14 08:31:30,337 - Spot Price: 24611.2, Supertrend: Red, Below EMA
2025-05-14 08:32:01,854 - Spot Price: 24614.1, Supertrend: Red, Below EMA
2025-05-14 08:32:32,852 - Spot Price: 24612.6, Supertrend: Red, Below EMA
2025-05-14 08:33:03,832 - Spot Price: 24610.8, Supertrend: Red, Below EMA
2025-05-14 08:33:35,298 - Spot Price: 24600.65, Supertrend: Red, Below EMA
2025-05-14 08:34:06,254 - Spot Price: 24599.5, Supertrend: Red, Below EMA
2025-05-14 08:34:37,714 - Spot Price: 24603.9, Supertrend: Red, Below EMA
2025-05-14 08:35:08,868 - Spot Price: 24602.8, Supertrend: Red, Below EMA
2025-05-14 08:35:39,853 - Spot Price: 24603.75, Supertrend: Red, Below EMA
2025-05-14 08:36:10,814 - Spot Price: 24606.5, Supertrend: Red, Below EMA
2025-05-14 08:36:42,249 - Spot Price: 24612.9, Supertrend: Red, Below EMA
2025-05-14 08:37:13,804 - Spot Price: 24613.3, Supertrend: Red, Below EMA
2025-05-14 08:37:45,316 - Spot Price: 24612.25, Supertrend: Red, Below EMA
2025-05-14 08:38:16,311 - Spot Price: 24611.8, Supertrend: Red, Below EMA
2025-05-14 08:38:47,308 - Spot Price: 24611.3, Supertrend: Red, Below EMA
2025-05-14 08:39:18,651 - Spot Price: 24613.0, Supertrend: Red, Below EMA
2025-05-14 08:39:49,613 - Spot Price: 24611.5, Supertrend: Red, Below EMA
2025-05-14 08:40:20,663 - Spot Price: 24613.1, Supertrend: Red, Below EMA
2025-05-14 08:40:51,797 - Spot Price: 24612.6, Supertrend: Red, Below EMA
2025-05-14 08:41:22,799 - Spot Price: 24611.4, Supertrend: Red, Below EMA
2025-05-14 08:41:53,756 - Spot Price: 24607.1, Supertrend: Red, Below EMA
2025-05-14 08:42:25,255 - Spot Price: 24602.8, Supertrend: Red, Below EMA
2025-05-14 08:42:56,942 - Spot Price: 24601.45, Supertrend: Red, Below EMA
2025-05-14 08:43:27,988 - Spot Price: 24608.8, Supertrend: Red, Below EMA
2025-05-14 08:43:59,117 - Spot Price: 24611.25, Supertrend: Red, Below EMA
2025-05-14 08:44:30,653 - Spot Price: 24610.75, Supertrend: Red, Below EMA
2025-05-14 08:45:02,246 - Spot Price: 24614.65, Supertrend: Red, Below EMA
2025-05-14 08:45:33,270 - Spot Price: 24615.4, Supertrend: Red, Below EMA
2025-05-14 08:46:04,792 - Spot Price: 24610.7, Supertrend: Red, Below EMA
2025-05-14 08:46:35,754 - Spot Price: 24610.85, Supertrend: Red, Below EMA
2025-05-14 08:47:07,266 - Spot Price: 24610.55, Supertrend: Red, Below EMA
2025-05-14 08:47:38,248 - Spot Price: 24609.95, Supertrend: Red, Below EMA
2025-05-14 08:48:09,329 - Spot Price: 24609.8, Supertrend: Red, Below EMA
2025-05-14 08:48:40,722 - Spot Price: 24608.1, Supertrend: Red, Below EMA
2025-05-14 08:49:12,217 - Spot Price: 24610.7, Supertrend: Red, Below EMA
2025-05-14 08:49:43,170 - Spot Price: 24611.5, Supertrend: Red, Below EMA
2025-05-14 08:50:14,112 - Spot Price: 24616.95, Supertrend: Red, Below EMA
2025-05-14 08:50:45,206 - Spot Price: 24623.6, Supertrend: Red, Below EMA
2025-05-14 08:51:16,178 - Spot Price: 24626.15, Supertrend: Red, Below EMA
2025-05-14 08:51:47,143 - Spot Price: 24625.55, Supertrend: Red, Below EMA
2025-05-14 08:52:18,279 - Spot Price: 24627.45, Supertrend: Red, Above EMA
2025-05-14 08:52:49,344 - Spot Price: 24625.75, Supertrend: Red, Below EMA
2025-05-14 08:53:20,341 - Spot Price: 24626.1, Supertrend: Red, Below EMA
2025-05-14 08:53:51,431 - Spot Price: 24627.85, Supertrend: Red, Below EMA
2025-05-14 08:54:23,332 - Spot Price: 24630.0, Supertrend: Red, Above EMA
2025-05-14 08:54:54,344 - Spot Price: 24629.05, Supertrend: Red, Below EMA
2025-05-14 08:55:25,340 - Spot Price: 24628.95, Supertrend: Red, Above EMA
2025-05-14 08:55:56,373 - Spot Price: 24626.75, Supertrend: Red, Below EMA
2025-05-14 08:56:27,475 - Spot Price: 24625.4, Supertrend: Red, Below EMA
2025-05-14 08:56:58,664 - Spot Price: 24619.35, Supertrend: Red, Below EMA
2025-05-14 08:57:29,691 - Spot Price: 24622.35, Supertrend: Red, Below EMA
2025-05-14 08:58:01,191 - Spot Price: 24619.6, Supertrend: Red, Below EMA
2025-05-14 08:58:32,266 - Spot Price: 24619.1, Supertrend: Red, Below EMA
2025-05-14 08:59:03,268 - Spot Price: 24618.3, Supertrend: Red, Below EMA
2025-05-14 08:59:34,314 - Spot Price: 24615.45, Supertrend: Red, Below EMA
2025-05-14 09:00:05,485 - Spot Price: 24610.8, Supertrend: Red, Below EMA
2025-05-14 09:00:36,810 - Spot Price: 24612.65, Supertrend: Red, Below EMA
2025-05-14 09:01:07,891 - Spot Price: 24613.8, Supertrend: Red, Below EMA
2025-05-14 09:01:38,896 - Spot Price: 24599.75, Supertrend: Red, Below EMA
2025-05-14 09:02:09,899 - Spot Price: 24592.65, Supertrend: Red, Below EMA
2025-05-14 09:02:40,991 - Spot Price: 24598.8, Supertrend: Red, Below EMA
2025-05-14 09:03:12,009 - Spot Price: 24597.1, Supertrend: Red, Below EMA
2025-05-14 09:03:43,102 - Spot Price: 24588.55, Supertrend: Red, Below EMA
2025-05-14 09:04:14,189 - Spot Price: 24583.95, Supertrend: Red, Below EMA
2025-05-14 09:04:45,257 - Spot Price: 24588.15, Supertrend: Red, Below EMA
2025-05-14 09:05:16,388 - Spot Price: 24595.75, Supertrend: Red, Below EMA
2025-05-14 09:05:47,842 - Spot Price: 24598.25, Supertrend: Red, Below EMA
2025-05-14 09:06:18,829 - Spot Price: 24596.25, Supertrend: Red, Below EMA
2025-05-14 09:06:49,836 - Spot Price: 24595.45, Supertrend: Red, Below EMA
2025-05-14 09:07:20,842 - Spot Price: 24596.5, Supertrend: Red, Below EMA
2025-05-14 09:07:51,903 - Spot Price: 24596.15, Supertrend: Red, Below EMA
2025-05-14 09:08:22,929 - Spot Price: 24594.4, Supertrend: Red, Below EMA
2025-05-14 09:08:53,985 - Spot Price: 24595.45, Supertrend: Red, Below EMA
2025-05-14 09:09:24,952 - Spot Price: 24593.75, Supertrend: Red, Below EMA
2025-05-14 09:09:56,026 - Spot Price: 24585.8, Supertrend: Red, Below EMA
2025-05-14 09:10:27,046 - Spot Price: 24601.8, Supertrend: Red, Below EMA
2025-05-14 09:10:58,041 - Spot Price: 24620.15, Supertrend: Red, Above EMA
2025-05-14 09:11:29,014 - Spot Price: 24627.55, Supertrend: Red, Above EMA
2025-05-14 09:12:00,443 - Spot Price: 24646.25, Supertrend: Red, Above EMA
2025-05-14 09:12:31,444 - Spot Price: 24647.8, Supertrend: Red, Above EMA
2025-05-14 09:13:02,615 - Spot Price: 24662.8, Supertrend: Green, Above EMA
2025-05-14 09:13:02,616 - Exit signal detected: Supertrend Signal Change
2025-05-14 09:13:02,616 - PAPER TRADE: Exiting position for NSE:NIFTY2552224900CE
2025-05-14 09:13:02,616 - PAPER TRADE: Exiting position for NSE:NIFTY2552225150CE
2025-05-14 09:13:02,624 - Exited SHORT position: Supertrend Signal Change
2025-05-14 09:13:33,663 - Spot Price: 24638.45, Supertrend: Red, Above EMA
2025-05-14 09:14:04,741 - Spot Price: 24632.2, Supertrend: Red, Above EMA
2025-05-14 09:14:36,261 - Spot Price: 24630.8, Supertrend: Red, Above EMA
2025-05-14 09:15:07,308 - Spot Price: 24625.15, Supertrend: Red, Above EMA
2025-05-14 09:15:38,315 - Spot Price: 24623.25, Supertrend: Red, Above EMA
2025-05-14 09:16:09,883 - Spot Price: 24625.8, Supertrend: Red, Above EMA
2025-05-14 09:16:40,896 - Spot Price: 24626.35, Supertrend: Red, Above EMA
2025-05-14 09:17:11,901 - Spot Price: 24634.15, Supertrend: Red, Above EMA
2025-05-14 09:17:42,893 - Spot Price: 24632.3, Supertrend: Red, Above EMA
2025-05-14 09:18:14,334 - Spot Price: 24633.45, Supertrend: Red, Above EMA
2025-05-14 09:18:45,328 - Spot Price: 24632.0, Supertrend: Red, Above EMA
2025-05-14 09:19:16,838 - Spot Price: 24633.1, Supertrend: Red, Above EMA
2025-05-14 09:19:48,410 - Spot Price: 24636.1, Supertrend: Red, Above EMA
2025-05-14 09:20:19,532 - Spot Price: 24635.2, Supertrend: Red, Above EMA
2025-05-14 09:20:51,080 - Spot Price: 24628.5, Supertrend: Red, Above EMA
2025-05-14 09:21:22,125 - Spot Price: 24630.1, Supertrend: Red, Above EMA
2025-05-14 09:21:53,125 - Spot Price: 24635.8, Supertrend: Red, Above EMA
2025-05-14 09:22:24,172 - Spot Price: 24631.15, Supertrend: Red, Above EMA
2025-05-14 09:22:55,163 - Spot Price: 24633.0, Supertrend: Red, Above EMA
2025-05-14 09:23:27,072 - Spot Price: 24633.05, Supertrend: Red, Above EMA
2025-05-14 09:23:58,164 - Spot Price: 24637.7, Supertrend: Red, Above EMA
2025-05-14 09:24:29,815 - Spot Price: 24633.85, Supertrend: Red, Above EMA
2025-05-14 09:25:00,831 - Spot Price: 24633.75, Supertrend: Red, Above EMA
2025-05-14 09:25:31,876 - Spot Price: 24638.95, Supertrend: Red, Above EMA
2025-05-14 09:26:03,401 - Spot Price: 24641.4, Supertrend: Red, Above EMA
2025-05-14 09:26:34,884 - Spot Price: 24632.25, Supertrend: Red, Above EMA
2025-05-14 09:27:06,391 - Spot Price: 24634.65, Supertrend: Red, Above EMA
2025-05-14 09:27:37,396 - Spot Price: 24634.15, Supertrend: Red, Above EMA
2025-05-14 09:28:08,425 - Spot Price: 24633.3, Supertrend: Red, Above EMA
2025-05-14 09:28:39,876 - Spot Price: 24633.8, Supertrend: Red, Above EMA
2025-05-14 09:29:11,095 - Spot Price: 24632.85, Supertrend: Red, Above EMA
2025-05-14 09:29:42,050 - Spot Price: 24630.9, Supertrend: Red, Above EMA
2025-05-14 09:30:13,142 - Spot Price: 24638.4, Supertrend: Red, Above EMA
2025-05-14 09:30:44,238 - Spot Price: 24638.8, Supertrend: Red, Above EMA
2025-05-14 09:31:15,823 - Spot Price: 24643.0, Supertrend: Red, Above EMA
2025-05-14 09:31:46,859 - Spot Price: 24649.1, Supertrend: Red, Above EMA
2025-05-14 09:32:18,365 - Spot Price: 24651.05, Supertrend: Red, Above EMA
2025-05-14 09:32:49,385 - Spot Price: 24662.75, Supertrend: Green, Above EMA
2025-05-14 09:32:49,386 - Buy signal detected
2025-05-14 09:32:49,400 - Selected put to sell: NSE:NIFTY2552224500PE with delta ~-0.3921841940785942
2025-05-14 09:32:49,409 - Selected put to buy: NSE:NIFTY2552224200PE with delta ~-0.2527263328659717
2025-05-14 09:32:49,409 - PAPER TRADE: SELL 75 NSE:NIFTY2552224500PE @ MARKET
2025-05-14 09:32:49,409 - PAPER TRADE: BUY 75 NSE:NIFTY2552224200PE @ MARKET
2025-05-14 09:32:49,414 - Entered LONG position: Sold Put NSE:NIFTY2552224500PE @ 145.3, Bought Put NSE:NIFTY2552224200PE @ 68.2
2025-05-14 09:33:20,935 - Spot Price: 24666.8, Supertrend: Green, Above EMA
2025-05-14 09:33:51,982 - Spot Price: 24658.4, Supertrend: Red, Above EMA
2025-05-14 09:33:51,982 - Exit signal detected: Supertrend Signal Change
2025-05-14 09:33:51,982 - PAPER TRADE: Exiting position for NSE:NIFTY2552224500PE
2025-05-14 09:33:51,982 - PAPER TRADE: Exiting position for NSE:NIFTY2552224200PE
2025-05-14 09:33:51,987 - Exited LONG position: Supertrend Signal Change
2025-05-14 09:34:23,499 - Spot Price: 24658.3, Supertrend: Red, Above EMA
2025-05-14 09:34:54,508 - Spot Price: 24660.6, Supertrend: Red, Above EMA
2025-05-14 09:35:25,544 - Spot Price: 24660.9, Supertrend: Red, Above EMA
2025-05-14 09:35:56,561 - Spot Price: 24664.1, Supertrend: Green, Above EMA
2025-05-14 09:35:56,561 - Buy signal detected
2025-05-14 09:35:56,568 - Selected put to sell: NSE:NIFTY2552224500PE with delta ~-0.39151458209878515
2025-05-14 09:35:56,576 - Selected put to buy: NSE:NIFTY2552224200PE with delta ~-0.25216961488980927
2025-05-14 09:35:56,576 - PAPER TRADE: SELL 75 NSE:NIFTY2552224500PE @ MARKET
2025-05-14 09:35:56,577 - PAPER TRADE: BUY 75 NSE:NIFTY2552224200PE @ MARKET
2025-05-14 09:35:56,579 - Entered LONG position: Sold Put NSE:NIFTY2552224500PE @ 149.8, Bought Put NSE:NIFTY2552224200PE @ 71.1
2025-05-14 09:36:27,620 - Spot Price: 24665.5, Supertrend: Green, Above EMA
2025-05-14 09:36:58,734 - Spot Price: 24662.95, Supertrend: Green, Above EMA
2025-05-14 09:37:29,718 - Spot Price: 24665.85, Supertrend: Green, Above EMA
2025-05-14 09:38:00,839 - Spot Price: 24667.95, Supertrend: Green, Above EMA
2025-05-14 09:38:31,801 - Spot Price: 24670.5, Supertrend: Green, Above EMA
2025-05-14 09:39:02,843 - Spot Price: 24671.95, Supertrend: Green, Above EMA
2025-05-14 09:39:33,801 - Spot Price: 24669.75, Supertrend: Green, Above EMA
2025-05-14 09:40:04,927 - Spot Price: 24673.75, Supertrend: Green, Above EMA
2025-05-14 09:40:35,922 - Spot Price: 24673.6, Supertrend: Green, Above EMA
2025-05-14 09:41:06,931 - Spot Price: 24669.0, Supertrend: Green, Above EMA
2025-05-14 09:41:37,911 - Spot Price: 24662.65, Supertrend: Green, Above EMA
2025-05-14 09:42:08,907 - Spot Price: 24666.55, Supertrend: Green, Above EMA
2025-05-14 09:42:40,566 - Spot Price: 24668.1, Supertrend: Green, Above EMA
2025-05-14 09:43:11,536 - Spot Price: 24669.15, Supertrend: Green, Above EMA
2025-05-14 09:43:42,556 - Spot Price: 24670.3, Supertrend: Green, Above EMA
2025-05-14 09:44:13,585 - Spot Price: 24670.95, Supertrend: Green, Above EMA
2025-05-14 09:44:44,621 - Spot Price: 24669.6, Supertrend: Green, Above EMA
2025-05-14 09:45:16,084 - Spot Price: 24668.95, Supertrend: Green, Above EMA
2025-05-14 09:45:47,590 - Spot Price: 24662.75, Supertrend: Green, Above EMA
2025-05-14 09:46:18,594 - Spot Price: 24653.25, Supertrend: Green, Above EMA
2025-05-14 09:46:49,610 - Spot Price: 24652.2, Supertrend: Green, Above EMA
2025-05-14 09:47:20,705 - Spot Price: 24656.0, Supertrend: Green, Above EMA
2025-05-14 09:47:51,751 - Spot Price: 24653.2, Supertrend: Green, Above EMA
2025-05-14 09:50:21,863 - Trading session ended. Exiting program.
