2025-05-26 03:54:45,840 - Starting Nifty Option Selling Strategy
2025-05-26 03:54:57,242 - No existing trading data found for data-PAPER.pickle
2025-05-26 03:54:58,331 - Spot Price: 25017.35, Supertrend: Green, Above EMA
2025-05-26 03:54:58,331 - Buy signal detected
2025-05-26 03:54:59,450 - Selected put to sell: NSE:NIFTY2560524850PE with delta ~-0.39637045529226944
2025-05-26 03:54:59,450 - Selected put to buy: NSE:NIFTY2560524500PE with delta ~-0.25101582401251776
2025-05-26 03:54:59,451 - PAPER TRADE: BUY 75 NSE:NIFTY2560524500PE @ MARKET
2025-05-26 03:54:59,451 - PAPER TRADE: SELL 75 NSE:NIFTY2560524850PE @ MARKET
2025-05-26 03:54:59,457 - Entry: Sell Put NSE:NIFTY2560524850PE @ 206.95, Buy Put NSE:NIFTY2560524500PE @ 110.2
2025-05-26 03:55:31,250 - Spot Price: 25012.7, Supertrend: Green, Above EMA
2025-05-26 03:56:02,332 - Spot Price: 25023.85, Supertrend: Green, Above EMA
2025-05-26 03:56:34,125 - Spot Price: 25031.45, Supertrend: Green, Above EMA
2025-05-26 03:57:05,196 - Spot Price: 25029.8, Supertrend: Green, Above EMA
2025-05-26 03:57:36,949 - Spot Price: 25033.9, Supertrend: Green, Above EMA
2025-05-26 03:58:08,015 - Spot Price: 25032.15, Supertrend: Green, Above EMA
2025-05-26 03:58:39,028 - Spot Price: 25037.6, Supertrend: Green, Above EMA
2025-05-26 03:59:10,255 - Spot Price: 25042.35, Supertrend: Green, Above EMA
2025-05-26 03:59:41,287 - Spot Price: 25032.85, Supertrend: Green, Above EMA
2025-05-26 04:00:12,434 - Spot Price: 25036.8, Supertrend: Green, Above EMA
2025-05-26 04:00:43,738 - Spot Price: 25036.25, Supertrend: Green, Above EMA
2025-05-26 04:01:15,035 - Spot Price: 25052.15, Supertrend: Green, Above EMA
2025-05-26 04:01:46,089 - Spot Price: 25047.55, Supertrend: Green, Above EMA
2025-05-26 04:02:17,299 - Spot Price: 25035.55, Supertrend: Green, Above EMA
2025-05-26 04:02:49,794 - Spot Price: 25044.35, Supertrend: Green, Above EMA
2025-05-26 04:03:20,866 - Spot Price: 25046.5, Supertrend: Green, Above EMA
2025-05-26 04:03:53,607 - Spot Price: 25046.1, Supertrend: Green, Above EMA
2025-05-26 04:04:24,637 - Spot Price: 25038.6, Supertrend: Green, Above EMA
2025-05-26 04:04:55,820 - Spot Price: 25043.3, Supertrend: Green, Above EMA
2025-05-26 04:05:26,829 - Spot Price: 25045.1, Supertrend: Green, Above EMA
2025-05-26 04:05:57,896 - Spot Price: 25046.55, Supertrend: Green, Above EMA
2025-05-26 04:06:29,131 - Spot Price: 25030.1, Supertrend: Green, Above EMA
2025-05-26 04:07:00,276 - Spot Price: 25037.9, Supertrend: Green, Above EMA
2025-05-26 04:07:31,315 - Spot Price: 25040.3, Supertrend: Green, Above EMA
2025-05-26 04:08:02,601 - Spot Price: 25036.4, Supertrend: Green, Above EMA
2025-05-26 04:08:34,848 - Spot Price: 25044.45, Supertrend: Green, Above EMA
2025-05-26 04:09:05,898 - Spot Price: 25048.7, Supertrend: Green, Above EMA
2025-05-26 04:09:37,080 - Spot Price: 25044.65, Supertrend: Green, Above EMA
2025-05-26 04:10:08,182 - Spot Price: 25047.0, Supertrend: Green, Above EMA
2025-05-26 04:10:39,252 - Spot Price: 25040.2, Supertrend: Green, Above EMA
2025-05-26 04:11:10,771 - Spot Price: 25039.5, Supertrend: Green, Above EMA
2025-05-26 04:11:41,929 - Spot Price: 25034.95, Supertrend: Green, Above EMA
2025-05-26 04:12:13,627 - Spot Price: 25032.4, Supertrend: Green, Above EMA
2025-05-26 04:12:44,694 - Spot Price: 25033.8, Supertrend: Green, Above EMA
2025-05-26 04:13:15,749 - Spot Price: 25035.85, Supertrend: Green, Above EMA
2025-05-26 04:13:46,779 - Spot Price: 25030.95, Supertrend: Green, Above EMA
2025-05-26 04:14:17,841 - Spot Price: 25041.75, Supertrend: Green, Above EMA
2025-05-26 04:14:48,934 - Spot Price: 25043.5, Supertrend: Green, Above EMA
2025-05-26 04:15:19,964 - Spot Price: 25050.85, Supertrend: Green, Above EMA
2025-05-26 04:15:51,089 - Spot Price: 25066.6, Supertrend: Green, Above EMA
2025-05-26 04:16:22,338 - Spot Price: 25069.0, Supertrend: Green, Above EMA
2025-05-26 04:16:53,584 - Spot Price: 25070.8, Supertrend: Green, Above EMA
2025-05-26 04:17:24,655 - Spot Price: 25075.25, Supertrend: Green, Above EMA
2025-05-26 04:17:55,797 - Spot Price: 25077.25, Supertrend: Green, Above EMA
2025-05-26 04:18:26,868 - Spot Price: 25072.35, Supertrend: Green, Above EMA
2025-05-26 04:18:58,381 - Spot Price: 25065.7, Supertrend: Green, Above EMA
2025-05-26 04:19:29,985 - Spot Price: 25062.1, Supertrend: Green, Above EMA
2025-05-26 04:20:02,057 - Spot Price: 25063.25, Supertrend: Green, Above EMA
2025-05-26 04:20:33,087 - Spot Price: 25066.15, Supertrend: Green, Above EMA
2025-05-26 04:21:04,614 - Spot Price: 25061.75, Supertrend: Green, Above EMA
2025-05-26 04:21:36,392 - Spot Price: 25060.45, Supertrend: Green, Above EMA
2025-05-26 04:22:07,487 - Spot Price: 25059.15, Supertrend: Green, Above EMA
2025-05-26 04:22:38,558 - Spot Price: 25059.55, Supertrend: Green, Above EMA
2025-05-26 04:23:10,071 - Spot Price: 25063.75, Supertrend: Green, Above EMA
2025-05-26 04:23:41,148 - Spot Price: 25072.5, Supertrend: Green, Above EMA
2025-05-26 04:24:12,361 - Spot Price: 25068.35, Supertrend: Green, Above EMA
2025-05-26 04:24:43,887 - Spot Price: 25068.7, Supertrend: Green, Above EMA
2025-05-26 04:25:15,649 - Spot Price: 25064.25, Supertrend: Green, Above EMA
2025-05-26 04:25:46,704 - Spot Price: 25062.35, Supertrend: Green, Above EMA
2025-05-26 04:26:18,354 - Spot Price: 25057.95, Supertrend: Green, Above EMA
2025-05-26 04:26:49,410 - Spot Price: 25059.9, Supertrend: Green, Above EMA
2025-05-26 04:27:20,481 - Spot Price: 25057.05, Supertrend: Green, Above EMA
2025-05-26 04:27:51,556 - Spot Price: 25060.2, Supertrend: Green, Above EMA
2025-05-26 04:28:23,346 - Spot Price: 25061.8, Supertrend: Green, Above EMA
2025-05-26 04:28:54,423 - Spot Price: 25052.1, Supertrend: Green, Above EMA
2025-05-26 04:29:25,578 - Spot Price: 25057.1, Supertrend: Green, Above EMA
2025-05-26 04:30:25,492 - Starting Nifty Option Selling Strategy
2025-05-26 04:30:26,532 - Spot Price: 25061.5, Supertrend: Green, Above EMA
2025-05-26 04:30:57,670 - Spot Price: 25061.7, Supertrend: Green, Above EMA
2025-05-26 04:31:28,727 - Spot Price: 25054.4, Supertrend: Green, Above EMA
2025-05-26 04:31:59,875 - Spot Price: 25052.5, Supertrend: Green, Above EMA
2025-05-26 04:32:30,993 - Spot Price: 25049.1, Supertrend: Green, Above EMA
2025-05-26 04:33:02,197 - Spot Price: 25044.4, Supertrend: Green, Above EMA
2025-05-26 04:33:33,320 - Spot Price: 25045.05, Supertrend: Green, Above EMA
2025-05-26 04:34:04,439 - Spot Price: 25049.5, Supertrend: Green, Above EMA
2025-05-26 04:34:35,932 - Spot Price: 25047.0, Supertrend: Green, Above EMA
2025-05-26 04:35:07,007 - Spot Price: 25047.9, Supertrend: Green, Above EMA
2025-05-26 04:35:38,015 - Spot Price: 25038.95, Supertrend: Green, Above EMA
2025-05-26 04:36:09,739 - Spot Price: 25055.3, Supertrend: Green, Above EMA
