2025-05-13 05:06:13,103 - Starting Nifty Option Selling Strategy
2025-05-13 05:06:14,539 - Spot Price: 24669.85, Supertrend: Red, Below EMA
2025-05-13 05:06:14,539 - Sell signal detected
2025-05-13 05:06:15,174 - Selected call to sell: NSE:NIFTY2552224950CE with delta ~0.3916984278368874
2025-05-13 05:06:15,184 - Selected call to buy: NSE:NIFTY2552225150CE with delta ~0.3029010445350778
2025-05-13 05:06:15,589 - LIVE TRADE: Order placed: NSE:NIFTY2552224950CE, -1, 1, 0. Response: {'code': -50, 'message': '1 not a multiple of minimum lot size 75', 's': 'error'}
2025-05-13 05:06:15,966 - LIVE TRADE: Order placed: NSE:NIFTY2552225150CE, 1, 1, 0. Response: {'code': -50, 'message': '1 not a multiple of minimum lot size 75', 's': 'error'}
2025-05-13 05:06:15,966 - Failed to place orders: Sell Call result: {'code': -50, 'message': '1 not a multiple of minimum lot size 75', 's': 'error'}, Buy Call result: {'code': -50, 'message': '1 not a multiple of minimum lot size 75', 's': 'error'}
2025-05-13 05:08:30,014 - Starting Nifty Option Selling Strategy
2025-05-13 05:08:31,690 - Spot Price: 24672.95, Supertrend: Red, Below EMA
2025-05-13 05:08:31,690 - Sell signal detected
2025-05-13 05:08:32,207 - Selected call to sell: NSE:NIFTY2552224950CE with delta ~0.39315727810659673
2025-05-13 05:08:32,215 - Selected call to buy: NSE:NIFTY2552225150CE with delta ~0.30422778274997264
2025-05-13 05:08:32,930 - LIVE TRADE: Order placed: NSE:NIFTY2552224950CE, -1, 75, 0. Response: {'code': -99, 'message': 'RED:Margin Shortfall:INR 2,12,045.85 Available:INR 0.00 for C-XS03897 [FYERS_RISK_CUG]', 's': 'error', 'id': '25051300183929'}
2025-05-13 05:08:33,238 - LIVE TRADE: Order placed: NSE:NIFTY2552225150CE, 1, 75, 0. Response: {'code': -99, 'message': 'RED:Margin Shortfall:INR 9,500.00 Available:INR 0.00 for C-XS03897 [FYERS_RISK_CUG]', 's': 'error', 'id': '25051300183931'}
2025-05-13 05:08:33,239 - Failed to place orders: Sell Call result: {'code': -99, 'message': 'RED:Margin Shortfall:INR 2,12,045.85 Available:INR 0.00 for C-XS03897 [FYERS_RISK_CUG]', 's': 'error', 'id': '25051300183929'}, Buy Call result: {'code': -99, 'message': 'RED:Margin Shortfall:INR 9,500.00 Available:INR 0.00 for C-XS03897 [FYERS_RISK_CUG]', 's': 'error', 'id': '25051300183931'}
2025-05-13 05:09:04,715 - Spot Price: 24661.9, Supertrend: Red, Below EMA
2025-05-13 05:09:04,716 - Sell signal detected
2025-05-13 05:09:04,729 - Selected call to sell: NSE:NIFTY2552224900CE with delta ~0.4113653564212052
2025-05-13 05:09:04,741 - Selected call to buy: NSE:NIFTY2552225150CE with delta ~0.2995097454369821
2025-05-13 05:09:05,501 - LIVE TRADE: Order placed: NSE:NIFTY2552224900CE, -1, 75, 0. Response: {'code': -99, 'message': 'RED:Margin Shortfall:INR 2,16,089.10 Available:INR 0.00 for C-XS03897 [FYERS_RISK_CUG]', 's': 'error', 'id': '25051300184405'}
2025-05-13 05:09:05,817 - LIVE TRADE: Order placed: NSE:NIFTY2552225150CE, 1, 75, 0. Response: {'code': -99, 'message': 'RED:Margin Shortfall:INR 9,342.50 Available:INR 0.00 for C-XS03897 [FYERS_RISK_CUG]', 's': 'error', 'id': '25051300184414'}
2025-05-13 05:09:05,819 - Failed to place orders: Sell Call result: {'code': -99, 'message': 'RED:Margin Shortfall:INR 2,16,089.10 Available:INR 0.00 for C-XS03897 [FYERS_RISK_CUG]', 's': 'error', 'id': '25051300184405'}, Buy Call result: {'code': -99, 'message': 'RED:Margin Shortfall:INR 9,342.50 Available:INR 0.00 for C-XS03897 [FYERS_RISK_CUG]', 's': 'error', 'id': '25051300184414'}
2025-05-13 05:10:24,163 - Starting Nifty Option Selling Strategy
2025-05-13 05:10:25,725 - Spot Price: 24699.7, Supertrend: Red, Below EMA
2025-05-13 05:10:25,725 - Sell signal detected
2025-05-13 05:10:26,390 - Selected call to sell: NSE:NIFTY2552224950CE with delta ~0.4057983910634386
2025-05-13 05:10:26,400 - Selected call to buy: NSE:NIFTY2552225200CE with delta ~0.29475656208907797
2025-05-13 05:10:26,401 - PAPER TRADE: SELL 75 NSE:NIFTY2552224950CE @ MARKET
2025-05-13 05:10:26,401 - PAPER TRADE: BUY 75 NSE:NIFTY2552225200CE @ MARKET
2025-05-13 05:10:26,405 - Entered SHORT position: Sold Call NSE:NIFTY2552224950CE @ 186.8, Bought Call NSE:NIFTY2552225200CE @ 108.0
2025-05-13 05:10:58,015 - Spot Price: 24699.45, Supertrend: Red, Below EMA
2025-05-13 05:18:49,130 - Starting Nifty Option Selling Strategy
2025-05-13 05:18:51,580 - Spot Price: 24707.45, Supertrend: Red, Below EMA
2025-05-13 05:19:22,603 - Spot Price: 24703.75, Supertrend: Red, Below EMA
2025-05-13 05:19:54,569 - Spot Price: 24705.75, Supertrend: Red, Below EMA
2025-05-13 05:20:26,294 - Spot Price: 24726.0, Supertrend: Red, Below EMA
2025-05-13 05:20:57,980 - Spot Price: 24741.8, Supertrend: Red, Below EMA
2025-05-13 05:21:29,100 - Spot Price: 24751.65, Supertrend: Red, Above EMA
2025-05-13 05:22:02,571 - Starting Nifty Option Selling Strategy
2025-05-13 05:22:04,760 - Spot Price: 24732.1, Supertrend: Red, Below EMA
2025-05-13 05:22:35,881 - Spot Price: 24744.75, Supertrend: Red, Below EMA
2025-05-13 05:23:06,962 - Spot Price: 24742.15, Supertrend: Red, Below EMA
2025-05-13 05:23:38,487 - Spot Price: 24726.65, Supertrend: Red, Below EMA
2025-05-13 05:24:09,680 - Spot Price: 24720.95, Supertrend: Red, Below EMA
2025-05-13 05:24:40,637 - Spot Price: 24727.45, Supertrend: Red, Below EMA
2025-05-13 05:25:12,186 - Spot Price: 24735.95, Supertrend: Red, Below EMA
2025-05-13 05:25:43,181 - Spot Price: 24720.1, Supertrend: Red, Below EMA
2025-05-13 05:26:14,598 - Spot Price: 24722.75, Supertrend: Red, Below EMA
2025-05-13 05:26:45,620 - Spot Price: 24714.65, Supertrend: Red, Below EMA
2025-05-13 05:27:16,581 - Spot Price: 24715.15, Supertrend: Red, Below EMA
2025-05-13 05:27:47,997 - Spot Price: 24725.75, Supertrend: Red, Below EMA
2025-05-13 05:28:19,504 - Spot Price: 24735.6, Supertrend: Red, Below EMA
2025-05-13 05:28:50,569 - Spot Price: 24750.45, Supertrend: Red, Above EMA
2025-05-13 05:29:22,081 - Spot Price: 24749.15, Supertrend: Red, Above EMA
2025-05-13 05:29:53,675 - Spot Price: 24760.25, Supertrend: Red, Above EMA
2025-05-13 05:30:25,285 - Spot Price: 24743.5, Supertrend: Red, Below EMA
2025-05-13 05:30:56,444 - Spot Price: 24750.4, Supertrend: Red, Above EMA
2025-05-13 05:31:27,470 - Spot Price: 24772.2, Supertrend: Red, Above EMA
2025-05-13 05:31:58,977 - Spot Price: 24775.5, Supertrend: Red, Above EMA
2025-05-13 05:32:30,474 - Spot Price: 24792.75, Supertrend: Red, Above EMA
2025-05-13 05:33:01,769 - Spot Price: 24811.6, Supertrend: Red, Above EMA
2025-05-13 05:33:33,459 - Spot Price: 24802.65, Supertrend: Red, Above EMA
2025-05-13 05:34:05,009 - Spot Price: 24816.15, Supertrend: Red, Above EMA
2025-05-13 05:34:36,579 - Spot Price: 24825.25, Supertrend: Red, Above EMA
2025-05-13 05:35:08,167 - Spot Price: 24802.85, Supertrend: Red, Above EMA
2025-05-13 05:35:39,602 - Spot Price: 24782.05, Supertrend: Red, Above EMA
2025-05-13 05:36:11,576 - Spot Price: 24788.15, Supertrend: Red, Above EMA
2025-05-13 05:36:43,095 - Spot Price: 24782.2, Supertrend: Red, Above EMA
2025-05-13 05:37:14,227 - Spot Price: 24776.65, Supertrend: Red, Above EMA
2025-05-13 05:37:45,303 - Spot Price: 24770.8, Supertrend: Red, Above EMA
2025-05-13 05:38:16,443 - Spot Price: 24777.1, Supertrend: Red, Above EMA
2025-05-13 05:38:48,165 - Spot Price: 24766.05, Supertrend: Red, Above EMA
2025-05-13 05:39:19,632 - Spot Price: 24746.9, Supertrend: Red, Below EMA
2025-05-13 05:39:51,804 - Spot Price: 24753.15, Supertrend: Red, Above EMA
2025-05-13 05:40:22,829 - Spot Price: 24735.8, Supertrend: Red, Below EMA
2025-05-13 05:40:54,029 - Spot Price: 24734.75, Supertrend: Red, Below EMA
2025-05-13 05:41:25,185 - Spot Price: 24731.85, Supertrend: Red, Below EMA
2025-05-13 05:41:56,344 - Spot Price: 24733.0, Supertrend: Red, Below EMA
2025-05-13 05:42:27,790 - Spot Price: 24723.9, Supertrend: Red, Below EMA
2025-05-13 05:42:58,741 - Spot Price: 24709.95, Supertrend: Red, Below EMA
2025-05-13 05:43:30,880 - Spot Price: 24712.0, Supertrend: Red, Below EMA
2025-05-13 05:44:02,417 - Spot Price: 24711.8, Supertrend: Red, Below EMA
2025-05-13 05:44:33,501 - Spot Price: 24719.5, Supertrend: Red, Below EMA
2025-05-13 05:45:04,751 - Spot Price: 24724.5, Supertrend: Red, Below EMA
2025-05-13 05:45:37,060 - Spot Price: 24733.4, Supertrend: Red, Below EMA
2025-05-13 05:46:08,132 - Spot Price: 24743.4, Supertrend: Red, Below EMA
2025-05-13 05:46:40,023 - Spot Price: 24743.25, Supertrend: Red, Below EMA
2025-05-13 05:47:11,127 - Spot Price: 24756.8, Supertrend: Red, Above EMA
2025-05-13 05:47:42,128 - Spot Price: 24776.9, Supertrend: Red, Above EMA
2025-05-13 05:48:13,656 - Spot Price: 24776.5, Supertrend: Red, Above EMA
2025-05-13 05:48:45,117 - Spot Price: 24787.1, Supertrend: Red, Above EMA
2025-05-13 05:49:16,987 - Spot Price: 24776.45, Supertrend: Red, Above EMA
2025-05-13 05:49:48,114 - Spot Price: 24785.95, Supertrend: Red, Above EMA
2025-05-13 05:50:19,239 - Spot Price: 24783.75, Supertrend: Red, Above EMA
2025-05-13 05:50:50,694 - Spot Price: 24771.25, Supertrend: Red, Above EMA
2025-05-13 05:51:21,638 - Spot Price: 24780.35, Supertrend: Red, Above EMA
2025-05-13 05:51:53,607 - Spot Price: 24766.25, Supertrend: Red, Above EMA
2025-05-13 05:52:25,975 - Spot Price: 24764.15, Supertrend: Red, Above EMA
2025-05-13 05:52:57,581 - Spot Price: 24774.4, Supertrend: Red, Above EMA
2025-05-13 05:53:29,052 - Spot Price: 24755.8, Supertrend: Red, Above EMA
2025-05-13 05:54:01,083 - Spot Price: 24755.05, Supertrend: Red, Above EMA
2025-05-13 05:54:32,838 - Spot Price: 24747.45, Supertrend: Red, Below EMA
2025-05-13 05:55:04,763 - Spot Price: 24748.6, Supertrend: Red, Below EMA
2025-05-13 05:55:36,004 - Spot Price: 24747.15, Supertrend: Red, Below EMA
2025-05-13 05:56:06,934 - Spot Price: 24755.05, Supertrend: Red, Above EMA
2025-05-13 05:56:38,963 - Spot Price: 24765.75, Supertrend: Red, Above EMA
2025-05-13 05:57:10,633 - Spot Price: 24770.6, Supertrend: Red, Above EMA
2025-05-13 05:57:41,636 - Spot Price: 24779.95, Supertrend: Red, Above EMA
2025-05-13 05:58:13,595 - Spot Price: 24782.75, Supertrend: Red, Above EMA
2025-05-13 05:58:44,687 - Spot Price: 24798.85, Supertrend: Red, Above EMA
2025-05-13 05:59:15,786 - Spot Price: 24805.25, Supertrend: Red, Above EMA
2025-05-13 05:59:47,098 - Spot Price: 24800.95, Supertrend: Red, Above EMA
2025-05-13 06:00:18,566 - Spot Price: 24800.3, Supertrend: Red, Above EMA
2025-05-13 06:00:50,017 - Spot Price: 24794.45, Supertrend: Red, Above EMA
2025-05-13 06:01:21,414 - Spot Price: 24794.15, Supertrend: Red, Above EMA
2025-05-13 06:04:03,162 - Spot Price: 24780.9, Supertrend: Red, Above EMA
2025-05-13 06:04:34,187 - Spot Price: 24799.65, Supertrend: Red, Above EMA
2025-05-13 06:05:05,379 - Spot Price: 24797.15, Supertrend: Red, Above EMA
2025-05-13 06:05:37,122 - Spot Price: 24792.8, Supertrend: Red, Above EMA
2025-05-13 06:06:08,141 - Spot Price: 24783.6, Supertrend: Red, Above EMA
2025-05-13 06:06:39,527 - Spot Price: 24787.45, Supertrend: Red, Above EMA
2025-05-13 06:07:10,583 - Spot Price: 24774.55, Supertrend: Red, Above EMA
2025-05-13 06:07:41,654 - Spot Price: 24766.2, Supertrend: Red, Above EMA
2025-05-13 06:08:12,632 - Spot Price: 24769.6, Supertrend: Red, Above EMA
2025-05-13 06:08:44,192 - Spot Price: 24767.1, Supertrend: Red, Above EMA
2025-05-13 06:09:15,798 - Spot Price: 24757.85, Supertrend: Red, Below EMA
2025-05-13 06:09:47,497 - Spot Price: 24755.05, Supertrend: Red, Below EMA
2025-05-13 06:10:19,937 - Spot Price: 24748.5, Supertrend: Red, Below EMA
2025-05-13 06:10:50,959 - Spot Price: 24749.5, Supertrend: Red, Below EMA
2025-05-13 06:11:22,421 - Spot Price: 24771.0, Supertrend: Red, Above EMA
2025-05-13 06:11:53,870 - Spot Price: 24785.25, Supertrend: Red, Above EMA
2025-05-13 06:12:24,890 - Spot Price: 24778.3, Supertrend: Red, Above EMA
2025-05-13 06:12:56,349 - Spot Price: 24776.4, Supertrend: Red, Above EMA
2025-05-13 06:13:28,331 - Spot Price: 24747.25, Supertrend: Red, Below EMA
2025-05-13 06:13:59,782 - Spot Price: 24747.65, Supertrend: Red, Below EMA
2025-05-13 06:14:32,301 - Spot Price: 24760.6, Supertrend: Red, Below EMA
2025-05-13 06:15:03,902 - Spot Price: 24742.55, Supertrend: Red, Below EMA
2025-05-13 06:15:35,181 - Spot Price: 24746.45, Supertrend: Red, Below EMA
2025-05-13 06:16:06,287 - Spot Price: 24746.1, Supertrend: Red, Below EMA
2025-05-13 06:16:38,503 - Spot Price: 24758.55, Supertrend: Red, Below EMA
2025-05-13 06:17:09,565 - Spot Price: 24760.3, Supertrend: Red, Above EMA
2025-05-13 06:17:41,121 - Spot Price: 24759.15, Supertrend: Red, Above EMA
2025-05-13 06:18:12,172 - Spot Price: 24762.2, Supertrend: Red, Above EMA
2025-05-13 06:18:43,177 - Spot Price: 24745.75, Supertrend: Red, Below EMA
2025-05-13 06:19:14,372 - Spot Price: 24728.9, Supertrend: Red, Below EMA
2025-05-13 06:19:45,808 - Spot Price: 24730.4, Supertrend: Red, Below EMA
2025-05-13 06:20:17,839 - Spot Price: 24728.2, Supertrend: Red, Below EMA
2025-05-13 06:20:49,213 - Spot Price: 24740.75, Supertrend: Red, Below EMA
2025-05-13 06:21:20,713 - Spot Price: 24741.35, Supertrend: Red, Below EMA
2025-05-13 06:21:52,667 - Spot Price: 24741.75, Supertrend: Red, Below EMA
2025-05-13 06:22:23,706 - Spot Price: 24740.2, Supertrend: Red, Below EMA
2025-05-13 06:22:55,191 - Spot Price: 24744.05, Supertrend: Red, Below EMA
2025-05-13 06:23:27,714 - Spot Price: 24740.5, Supertrend: Red, Below EMA
2025-05-13 06:23:59,330 - Spot Price: 24729.2, Supertrend: Red, Below EMA
2025-05-13 06:24:31,307 - Spot Price: 24728.8, Supertrend: Red, Below EMA
2025-05-13 06:25:02,776 - Spot Price: 24735.75, Supertrend: Red, Below EMA
2025-05-13 06:25:34,229 - Spot Price: 24742.85, Supertrend: Red, Below EMA
2025-05-13 06:26:05,809 - Spot Price: 24743.45, Supertrend: Red, Below EMA
2025-05-13 06:26:37,357 - Spot Price: 24725.6, Supertrend: Red, Below EMA
2025-05-13 06:27:08,485 - Spot Price: 24723.85, Supertrend: Red, Below EMA
2025-05-13 06:27:40,396 - Spot Price: 24713.45, Supertrend: Red, Below EMA
2025-05-13 06:28:11,493 - Spot Price: 24723.15, Supertrend: Red, Below EMA
2025-05-13 06:28:42,980 - Spot Price: 24734.9, Supertrend: Red, Below EMA
2025-05-13 06:29:14,852 - Spot Price: 24730.6, Supertrend: Red, Below EMA
2025-05-13 06:29:46,044 - Spot Price: 24732.9, Supertrend: Red, Below EMA
2025-05-13 06:30:17,114 - Spot Price: 24724.85, Supertrend: Red, Below EMA
2025-05-13 06:30:49,103 - Spot Price: 24718.85, Supertrend: Red, Below EMA
2025-05-13 06:31:21,088 - Spot Price: 24711.1, Supertrend: Red, Below EMA
2025-05-13 06:31:53,129 - Spot Price: 24701.75, Supertrend: Red, Below EMA
2025-05-13 06:32:24,217 - Spot Price: 24707.65, Supertrend: Red, Below EMA
2025-05-13 06:32:55,185 - Spot Price: 24710.8, Supertrend: Red, Below EMA
2025-05-13 06:33:26,724 - Spot Price: 24700.15, Supertrend: Red, Below EMA
2025-05-13 06:33:58,183 - Spot Price: 24711.65, Supertrend: Red, Below EMA
2025-05-13 06:34:30,132 - Spot Price: 24716.4, Supertrend: Red, Below EMA
2025-05-13 06:35:01,227 - Spot Price: 24717.0, Supertrend: Red, Below EMA
2025-05-13 06:35:32,655 - Spot Price: 24723.45, Supertrend: Red, Below EMA
2025-05-13 06:36:04,239 - Spot Price: 24726.7, Supertrend: Red, Below EMA
2025-05-13 06:36:35,221 - Spot Price: 24732.0, Supertrend: Red, Below EMA
2025-05-13 06:37:06,331 - Spot Price: 24739.7, Supertrend: Red, Below EMA
2025-05-13 06:37:37,312 - Spot Price: 24733.2, Supertrend: Red, Below EMA
2025-05-13 06:38:08,246 - Spot Price: 24742.75, Supertrend: Red, Below EMA
2025-05-13 06:38:39,793 - Spot Price: 24747.1, Supertrend: Red, Below EMA
2025-05-13 06:39:11,215 - Spot Price: 24758.75, Supertrend: Red, Above EMA
2025-05-13 06:39:42,933 - Spot Price: 24759.25, Supertrend: Red, Above EMA
2025-05-13 06:40:13,921 - Spot Price: 24740.15, Supertrend: Red, Below EMA
2025-05-13 06:40:45,373 - Spot Price: 24752.55, Supertrend: Red, Above EMA
2025-05-13 06:41:16,356 - Spot Price: 24756.95, Supertrend: Red, Above EMA
2025-05-13 06:41:47,428 - Spot Price: 24767.65, Supertrend: Red, Above EMA
2025-05-13 06:42:18,380 - Spot Price: 24770.05, Supertrend: Red, Above EMA
2025-05-13 06:42:49,549 - Spot Price: 24751.9, Supertrend: Red, Above EMA
2025-05-13 06:43:20,513 - Spot Price: 24749.5, Supertrend: Red, Above EMA
2025-05-13 06:43:51,541 - Spot Price: 24763.4, Supertrend: Red, Above EMA
2025-05-13 06:44:22,566 - Spot Price: 24761.0, Supertrend: Red, Above EMA
2025-05-13 06:44:53,529 - Spot Price: 24762.85, Supertrend: Red, Above EMA
2025-05-13 06:45:24,483 - Spot Price: 24759.55, Supertrend: Red, Above EMA
2025-05-13 06:45:55,555 - Spot Price: 24765.4, Supertrend: Red, Above EMA
2025-05-13 06:46:26,578 - Spot Price: 24767.5, Supertrend: Red, Above EMA
2025-05-13 06:46:58,456 - Spot Price: 24757.8, Supertrend: Red, Above EMA
2025-05-13 06:47:29,532 - Spot Price: 24748.9, Supertrend: Red, Above EMA
2025-05-13 06:48:00,972 - Spot Price: 24738.85, Supertrend: Red, Below EMA
2025-05-13 06:48:31,948 - Spot Price: 24754.35, Supertrend: Red, Above EMA
2025-05-13 06:49:03,036 - Spot Price: 24758.05, Supertrend: Red, Above EMA
2025-05-13 06:49:34,628 - Spot Price: 24746.4, Supertrend: Red, Below EMA
2025-05-13 06:50:05,617 - Spot Price: 24739.8, Supertrend: Red, Below EMA
2025-05-13 06:50:36,687 - Spot Price: 24729.1, Supertrend: Red, Below EMA
2025-05-13 06:51:08,366 - Spot Price: 24733.9, Supertrend: Red, Below EMA
2025-05-13 06:51:39,816 - Spot Price: 24734.1, Supertrend: Red, Below EMA
2025-05-13 06:52:10,761 - Spot Price: 24736.55, Supertrend: Red, Below EMA
2025-05-13 06:52:41,746 - Spot Price: 24734.05, Supertrend: Red, Below EMA
2025-05-13 06:53:12,698 - Spot Price: 24725.1, Supertrend: Red, Below EMA
2025-05-13 06:53:44,642 - Spot Price: 24717.3, Supertrend: Red, Below EMA
2025-05-13 06:54:16,042 - Spot Price: 24719.85, Supertrend: Red, Below EMA
2025-05-13 06:54:47,175 - Spot Price: 24724.5, Supertrend: Red, Below EMA
2025-05-13 06:55:18,678 - Spot Price: 24719.2, Supertrend: Red, Below EMA
2025-05-13 06:55:49,752 - Spot Price: 24722.85, Supertrend: Red, Below EMA
2025-05-13 06:56:21,276 - Spot Price: 24717.8, Supertrend: Red, Below EMA
2025-05-13 06:56:52,729 - Spot Price: 24717.05, Supertrend: Red, Below EMA
2025-05-13 06:57:23,835 - Spot Price: 24723.45, Supertrend: Red, Below EMA
2025-05-13 06:57:54,878 - Spot Price: 24708.75, Supertrend: Red, Below EMA
2025-05-13 06:58:25,889 - Spot Price: 24708.75, Supertrend: Red, Below EMA
2025-05-13 06:58:57,399 - Spot Price: 24706.3, Supertrend: Red, Below EMA
2025-05-13 06:59:28,698 - Spot Price: 24704.75, Supertrend: Red, Below EMA
2025-05-13 06:59:59,671 - Spot Price: 24712.65, Supertrend: Red, Below EMA
2025-05-13 07:00:30,728 - Spot Price: 24714.3, Supertrend: Red, Below EMA
2025-05-13 07:01:02,358 - Spot Price: 24720.8, Supertrend: Red, Below EMA
2025-05-13 07:01:34,342 - Spot Price: 24715.3, Supertrend: Red, Below EMA
2025-05-13 07:02:05,357 - Spot Price: 24720.3, Supertrend: Red, Below EMA
2025-05-13 07:02:36,818 - Spot Price: 24710.05, Supertrend: Red, Below EMA
2025-05-13 07:03:07,838 - Spot Price: 24704.55, Supertrend: Red, Below EMA
2025-05-13 07:03:38,981 - Spot Price: 24684.45, Supertrend: Red, Below EMA
2025-05-13 07:04:10,500 - Spot Price: 24667.2, Supertrend: Red, Below EMA
2025-05-13 07:04:41,922 - Spot Price: 24670.9, Supertrend: Red, Below EMA
2025-05-13 07:05:12,906 - Spot Price: 24672.8, Supertrend: Red, Below EMA
2025-05-13 07:05:44,386 - Spot Price: 24665.15, Supertrend: Red, Below EMA
2025-05-13 07:06:15,331 - Spot Price: 24646.2, Supertrend: Red, Below EMA
2025-05-13 07:06:46,303 - Spot Price: 24658.8, Supertrend: Red, Below EMA
2025-05-13 07:07:17,722 - Spot Price: 24677.2, Supertrend: Red, Below EMA
2025-05-13 07:07:49,148 - Spot Price: 24681.9, Supertrend: Red, Below EMA
2025-05-13 07:08:20,401 - Spot Price: 24672.05, Supertrend: Red, Below EMA
2025-05-13 07:08:51,381 - Spot Price: 24667.7, Supertrend: Red, Below EMA
2025-05-13 07:09:22,866 - Spot Price: 24672.4, Supertrend: Red, Below EMA
2025-05-13 07:09:54,364 - Spot Price: 24669.5, Supertrend: Red, Below EMA
2025-05-13 07:10:25,859 - Spot Price: 24662.05, Supertrend: Red, Below EMA
2025-05-13 07:10:56,910 - Spot Price: 24653.4, Supertrend: Red, Below EMA
2025-05-13 07:11:28,487 - Spot Price: 24667.75, Supertrend: Red, Below EMA
2025-05-13 07:11:59,913 - Spot Price: 24663.35, Supertrend: Red, Below EMA
2025-05-13 07:12:31,363 - Spot Price: 24651.3, Supertrend: Red, Below EMA
2025-05-13 07:13:02,399 - Spot Price: 24649.2, Supertrend: Red, Below EMA
2025-05-13 07:13:33,381 - Spot Price: 24651.15, Supertrend: Red, Below EMA
2025-05-13 07:14:05,089 - Spot Price: 24652.25, Supertrend: Red, Below EMA
2025-05-13 07:14:36,550 - Spot Price: 24645.55, Supertrend: Red, Below EMA
2025-05-13 07:15:08,044 - Spot Price: 24645.1, Supertrend: Red, Below EMA
2025-05-13 07:15:40,072 - Spot Price: 24646.25, Supertrend: Red, Below EMA
2025-05-13 07:16:11,120 - Spot Price: 24658.15, Supertrend: Red, Below EMA
2025-05-13 07:16:42,308 - Spot Price: 24658.35, Supertrend: Red, Below EMA
2025-05-13 07:17:13,368 - Spot Price: 24653.45, Supertrend: Red, Below EMA
2025-05-13 07:17:44,334 - Spot Price: 24650.2, Supertrend: Red, Below EMA
2025-05-13 07:18:15,391 - Spot Price: 24652.8, Supertrend: Red, Below EMA
2025-05-13 07:18:46,817 - Spot Price: 24660.25, Supertrend: Red, Below EMA
2025-05-13 07:19:17,830 - Spot Price: 24657.15, Supertrend: Red, Below EMA
2025-05-13 07:19:49,810 - Spot Price: 24655.15, Supertrend: Red, Below EMA
2025-05-13 07:20:20,764 - Spot Price: 24652.15, Supertrend: Red, Below EMA
2025-05-13 07:20:51,882 - Spot Price: 24654.2, Supertrend: Red, Below EMA
2025-05-13 07:21:22,983 - Spot Price: 24656.9, Supertrend: Red, Below EMA
2025-05-13 07:21:54,362 - Spot Price: 24647.8, Supertrend: Red, Below EMA
2025-05-13 07:22:25,316 - Spot Price: 24649.25, Supertrend: Red, Below EMA
2025-05-13 07:22:56,363 - Spot Price: 24650.2, Supertrend: Red, Below EMA
2025-05-13 07:23:27,875 - Spot Price: 24651.4, Supertrend: Red, Below EMA
2025-05-13 07:23:58,920 - Spot Price: 24649.85, Supertrend: Red, Below EMA
2025-05-13 07:24:30,489 - Spot Price: 24622.5, Supertrend: Red, Below EMA
2025-05-13 07:25:02,073 - Spot Price: 24613.3, Supertrend: Red, Below EMA
2025-05-13 07:25:33,467 - Spot Price: 24625.05, Supertrend: Red, Below EMA
2025-05-13 07:26:04,507 - Spot Price: 24629.85, Supertrend: Red, Below EMA
2025-05-13 07:26:35,611 - Spot Price: 24631.15, Supertrend: Red, Below EMA
2025-05-13 07:27:06,583 - Spot Price: 24632.4, Supertrend: Red, Below EMA
2025-05-13 07:27:37,621 - Spot Price: 24630.6, Supertrend: Red, Below EMA
2025-05-13 07:28:08,635 - Spot Price: 24621.0, Supertrend: Red, Below EMA
2025-05-13 07:28:39,617 - Spot Price: 24618.2, Supertrend: Red, Below EMA
2025-05-13 07:29:11,058 - Spot Price: 24599.6, Supertrend: Red, Below EMA
2025-05-13 07:29:43,120 - Spot Price: 24607.85, Supertrend: Red, Below EMA
2025-05-13 07:30:14,729 - Spot Price: 24604.1, Supertrend: Red, Below EMA
2025-05-13 07:30:46,475 - Spot Price: 24608.05, Supertrend: Red, Below EMA
2025-05-13 07:31:17,528 - Spot Price: 24611.9, Supertrend: Red, Below EMA
2025-05-13 07:31:49,215 - Spot Price: 24612.55, Supertrend: Red, Below EMA
2025-05-13 07:32:20,663 - Spot Price: 24621.75, Supertrend: Red, Below EMA
2025-05-13 07:32:52,125 - Spot Price: 24631.55, Supertrend: Red, Below EMA
2025-05-13 07:33:23,192 - Spot Price: 24638.3, Supertrend: Red, Below EMA
2025-05-13 07:33:54,192 - Spot Price: 24642.4, Supertrend: Red, Below EMA
2025-05-13 07:34:25,136 - Spot Price: 24642.2, Supertrend: Red, Below EMA
2025-05-13 07:34:56,115 - Spot Price: 24631.95, Supertrend: Red, Below EMA
2025-05-13 07:35:27,279 - Spot Price: 24627.2, Supertrend: Red, Below EMA
2025-05-13 07:35:59,310 - Spot Price: 24634.2, Supertrend: Red, Below EMA
2025-05-13 07:36:30,301 - Spot Price: 24638.55, Supertrend: Red, Below EMA
2025-05-13 07:37:01,481 - Spot Price: 24644.55, Supertrend: Red, Below EMA
2025-05-13 07:37:32,406 - Spot Price: 24630.6, Supertrend: Red, Below EMA
2025-05-13 07:38:03,797 - Spot Price: 24629.05, Supertrend: Red, Below EMA
2025-05-13 07:38:34,747 - Spot Price: 24616.45, Supertrend: Red, Below EMA
2025-05-13 07:39:05,787 - Spot Price: 24620.8, Supertrend: Red, Below EMA
2025-05-13 07:39:36,849 - Spot Price: 24614.85, Supertrend: Red, Below EMA
2025-05-13 07:40:08,295 - Spot Price: 24620.25, Supertrend: Red, Below EMA
2025-05-13 07:40:39,500 - Spot Price: 24614.7, Supertrend: Red, Below EMA
2025-05-13 07:41:10,565 - Spot Price: 24615.3, Supertrend: Red, Below EMA
2025-05-13 07:41:42,485 - Spot Price: 24613.85, Supertrend: Red, Below EMA
2025-05-13 07:42:13,711 - Spot Price: 24616.25, Supertrend: Red, Below EMA
2025-05-13 07:42:44,715 - Spot Price: 24623.6, Supertrend: Red, Below EMA
2025-05-13 07:43:15,776 - Spot Price: 24628.45, Supertrend: Red, Below EMA
2025-05-13 07:43:47,420 - Spot Price: 24626.3, Supertrend: Red, Below EMA
2025-05-13 07:44:18,371 - Spot Price: 24622.5, Supertrend: Red, Below EMA
2025-05-13 07:44:49,430 - Spot Price: 24625.95, Supertrend: Red, Below EMA
2025-05-13 07:45:20,444 - Spot Price: 24625.05, Supertrend: Red, Below EMA
2025-05-13 07:45:51,469 - Spot Price: 24626.1, Supertrend: Red, Below EMA
2025-05-13 07:46:22,456 - Spot Price: 24634.05, Supertrend: Red, Below EMA
2025-05-13 07:46:53,443 - Spot Price: 24626.2, Supertrend: Red, Below EMA
2025-05-13 07:47:24,487 - Spot Price: 24612.75, Supertrend: Red, Below EMA
2025-05-13 07:47:55,481 - Spot Price: 24609.7, Supertrend: Red, Below EMA
2025-05-13 07:48:26,562 - Spot Price: 24605.25, Supertrend: Red, Below EMA
2025-05-13 07:48:58,209 - Spot Price: 24610.85, Supertrend: Red, Below EMA
2025-05-13 07:49:29,172 - Spot Price: 24597.0, Supertrend: Red, Below EMA
2025-05-13 07:50:00,292 - Spot Price: 24595.95, Supertrend: Red, Below EMA
2025-05-13 07:50:32,012 - Spot Price: 24603.5, Supertrend: Red, Below EMA
2025-05-13 07:51:03,099 - Spot Price: 24611.85, Supertrend: Red, Below EMA
2025-05-13 07:51:34,087 - Spot Price: 24615.5, Supertrend: Red, Below EMA
2025-05-13 07:52:05,099 - Spot Price: 24607.5, Supertrend: Red, Below EMA
2025-05-13 07:52:36,169 - Spot Price: 24598.6, Supertrend: Red, Below EMA
2025-05-13 07:53:07,659 - Spot Price: 24610.45, Supertrend: Red, Below EMA
2025-05-13 07:53:39,138 - Spot Price: 24611.1, Supertrend: Red, Below EMA
2025-05-13 07:54:10,046 - Spot Price: 24604.7, Supertrend: Red, Below EMA
2025-05-13 07:54:41,011 - Spot Price: 24610.2, Supertrend: Red, Below EMA
2025-05-13 07:55:12,485 - Spot Price: 24613.15, Supertrend: Red, Below EMA
2025-05-13 07:55:43,446 - Spot Price: 24619.25, Supertrend: Red, Below EMA
2025-05-13 07:56:14,877 - Spot Price: 24612.0, Supertrend: Red, Below EMA
2025-05-13 07:56:45,934 - Spot Price: 24607.55, Supertrend: Red, Below EMA
2025-05-13 07:57:17,000 - Spot Price: 24604.4, Supertrend: Red, Below EMA
2025-05-13 07:57:48,075 - Spot Price: 24605.2, Supertrend: Red, Below EMA
2025-05-13 07:58:19,001 - Spot Price: 24615.6, Supertrend: Red, Below EMA
2025-05-13 07:58:50,072 - Spot Price: 24610.7, Supertrend: Red, Below EMA
2025-05-13 07:59:21,083 - Spot Price: 24593.2, Supertrend: Red, Below EMA
2025-05-13 07:59:52,072 - Spot Price: 24594.75, Supertrend: Red, Below EMA
2025-05-13 08:00:23,564 - Spot Price: 24591.45, Supertrend: Red, Below EMA
2025-05-13 08:00:54,647 - Spot Price: 24599.55, Supertrend: Red, Below EMA
2025-05-13 08:01:25,636 - Spot Price: 24601.85, Supertrend: Red, Below EMA
2025-05-13 08:01:57,129 - Spot Price: 24604.55, Supertrend: Red, Below EMA
2025-05-13 08:02:28,149 - Spot Price: 24601.4, Supertrend: Red, Below EMA
2025-05-13 08:02:59,592 - Spot Price: 24606.8, Supertrend: Red, Below EMA
2025-05-13 08:03:30,614 - Spot Price: 24607.95, Supertrend: Red, Below EMA
2025-05-13 08:04:01,687 - Spot Price: 24599.7, Supertrend: Red, Below EMA
2025-05-13 08:04:32,664 - Spot Price: 24596.65, Supertrend: Red, Below EMA
2025-05-13 08:05:03,785 - Spot Price: 24596.4, Supertrend: Red, Below EMA
2025-05-13 08:05:34,797 - Spot Price: 24598.45, Supertrend: Red, Below EMA
2025-05-13 08:06:05,863 - Spot Price: 24599.0, Supertrend: Red, Below EMA
2025-05-13 08:06:37,346 - Spot Price: 24589.35, Supertrend: Red, Below EMA
2025-05-13 08:07:08,345 - Spot Price: 24590.55, Supertrend: Red, Below EMA
2025-05-13 08:07:39,375 - Spot Price: 24595.45, Supertrend: Red, Below EMA
2025-05-13 08:08:10,324 - Spot Price: 24595.65, Supertrend: Red, Below EMA
2025-05-13 08:08:41,397 - Spot Price: 24601.1, Supertrend: Red, Below EMA
2025-05-13 08:09:12,335 - Spot Price: 24609.5, Supertrend: Red, Below EMA
2025-05-13 08:09:43,325 - Spot Price: 24598.6, Supertrend: Red, Below EMA
2025-05-13 08:10:14,294 - Spot Price: 24596.7, Supertrend: Red, Below EMA
2025-05-13 08:10:45,276 - Spot Price: 24609.55, Supertrend: Red, Below EMA
2025-05-13 08:11:16,251 - Spot Price: 24604.35, Supertrend: Red, Below EMA
2025-05-13 08:11:47,724 - Spot Price: 24608.3, Supertrend: Red, Below EMA
2025-05-13 08:12:18,715 - Spot Price: 24614.8, Supertrend: Red, Below EMA
2025-05-13 08:12:49,636 - Spot Price: 24608.5, Supertrend: Red, Below EMA
2025-05-13 08:13:20,613 - Spot Price: 24612.95, Supertrend: Red, Below EMA
2025-05-13 08:13:51,649 - Spot Price: 24613.0, Supertrend: Red, Below EMA
2025-05-13 08:14:22,600 - Spot Price: 24609.25, Supertrend: Red, Below EMA
2025-05-13 08:14:53,589 - Spot Price: 24612.9, Supertrend: Red, Below EMA
2025-05-13 08:15:24,639 - Spot Price: 24607.85, Supertrend: Red, Below EMA
2025-05-13 08:15:56,105 - Spot Price: 24613.7, Supertrend: Red, Below EMA
2025-05-13 08:16:27,128 - Spot Price: 24614.45, Supertrend: Red, Below EMA
2025-05-13 08:16:59,111 - Spot Price: 24613.95, Supertrend: Red, Below EMA
2025-05-13 08:17:31,030 - Spot Price: 24609.45, Supertrend: Red, Below EMA
2025-05-13 08:18:02,080 - Spot Price: 24610.05, Supertrend: Red, Below EMA
2025-05-13 08:18:33,028 - Spot Price: 24610.55, Supertrend: Red, Below EMA
2025-05-13 08:19:04,073 - Spot Price: 24600.95, Supertrend: Red, Below EMA
2025-05-13 08:19:35,075 - Spot Price: 24604.85, Supertrend: Red, Below EMA
2025-05-13 08:20:06,895 - Spot Price: 24610.75, Supertrend: Red, Below EMA
2025-05-13 08:20:38,045 - Spot Price: 24609.15, Supertrend: Red, Below EMA
2025-05-13 08:21:09,089 - Spot Price: 24600.0, Supertrend: Red, Below EMA
2025-05-13 08:21:40,513 - Spot Price: 24598.95, Supertrend: Red, Below EMA
2025-05-13 08:22:11,551 - Spot Price: 24598.0, Supertrend: Red, Below EMA
2025-05-13 08:22:43,026 - Spot Price: 24598.2, Supertrend: Red, Below EMA
2025-05-13 08:23:14,039 - Spot Price: 24597.4, Supertrend: Red, Below EMA
2025-05-13 08:23:45,048 - Spot Price: 24596.25, Supertrend: Red, Below EMA
2025-05-13 08:24:16,534 - Spot Price: 24599.6, Supertrend: Red, Below EMA
2025-05-13 08:24:48,064 - Spot Price: 24599.65, Supertrend: Red, Below EMA
2025-05-13 08:25:19,133 - Spot Price: 24605.95, Supertrend: Red, Below EMA
2025-05-13 08:25:50,655 - Spot Price: 24604.8, Supertrend: Red, Below EMA
2025-05-13 08:26:21,586 - Spot Price: 24603.85, Supertrend: Red, Below EMA
2025-05-13 08:26:52,666 - Spot Price: 24595.65, Supertrend: Red, Below EMA
2025-05-13 08:27:23,627 - Spot Price: 24599.0, Supertrend: Red, Below EMA
2025-05-13 08:27:54,633 - Spot Price: 24599.9, Supertrend: Red, Below EMA
2025-05-13 08:28:25,671 - Spot Price: 24588.05, Supertrend: Red, Below EMA
2025-05-13 08:28:56,618 - Spot Price: 24586.95, Supertrend: Red, Below EMA
2025-05-13 08:29:27,669 - Spot Price: 24587.8, Supertrend: Red, Below EMA
2025-05-13 08:29:58,683 - Spot Price: 24584.45, Supertrend: Red, Below EMA
2025-05-13 08:30:30,645 - Spot Price: 24578.3, Supertrend: Red, Below EMA
2025-05-13 08:31:01,618 - Spot Price: 24579.9, Supertrend: Red, Below EMA
2025-05-13 08:31:32,608 - Spot Price: 24587.35, Supertrend: Red, Below EMA
2025-05-13 08:32:03,627 - Spot Price: 24592.95, Supertrend: Red, Below EMA
2025-05-13 08:32:34,629 - Spot Price: 24593.7, Supertrend: Red, Below EMA
2025-05-13 08:33:05,598 - Spot Price: 24594.85, Supertrend: Red, Below EMA
2025-05-13 08:33:37,032 - Spot Price: 24597.5, Supertrend: Red, Below EMA
2025-05-13 08:34:08,657 - Spot Price: 24599.6, Supertrend: Red, Below EMA
2025-05-13 08:34:39,669 - Spot Price: 24599.3, Supertrend: Red, Below EMA
2025-05-13 08:35:10,902 - Spot Price: 24600.25, Supertrend: Red, Below EMA
2025-05-13 08:35:41,971 - Spot Price: 24594.05, Supertrend: Red, Below EMA
2025-05-13 08:36:12,987 - Spot Price: 24601.15, Supertrend: Red, Below EMA
2025-05-13 08:36:43,982 - Spot Price: 24601.85, Supertrend: Red, Below EMA
2025-05-13 08:37:15,474 - Spot Price: 24603.9, Supertrend: Red, Below EMA
2025-05-13 08:37:46,436 - Spot Price: 24602.25, Supertrend: Red, Below EMA
2025-05-13 08:38:17,401 - Spot Price: 24605.45, Supertrend: Red, Below EMA
2025-05-13 08:38:48,389 - Spot Price: 24605.65, Supertrend: Red, Below EMA
2025-05-13 08:39:19,889 - Spot Price: 24605.65, Supertrend: Red, Below EMA
2025-05-13 08:39:51,056 - Spot Price: 24606.0, Supertrend: Red, Below EMA
2025-05-13 08:40:22,023 - Spot Price: 24606.2, Supertrend: Red, Below EMA
2025-05-13 08:40:53,120 - Spot Price: 24602.1, Supertrend: Red, Below EMA
2025-05-13 08:41:24,072 - Spot Price: 24600.85, Supertrend: Red, Below EMA
2025-05-13 08:41:55,052 - Spot Price: 24603.05, Supertrend: Red, Below EMA
2025-05-13 08:42:25,993 - Spot Price: 24602.85, Supertrend: Red, Below EMA
2025-05-13 08:42:57,025 - Spot Price: 24604.1, Supertrend: Red, Below EMA
2025-05-13 08:43:28,028 - Spot Price: 24595.85, Supertrend: Red, Below EMA
2025-05-13 08:43:59,071 - Spot Price: 24594.6, Supertrend: Red, Below EMA
2025-05-13 08:44:30,776 - Spot Price: 24590.5, Supertrend: Red, Below EMA
2025-05-13 08:45:02,283 - Spot Price: 24590.55, Supertrend: Red, Below EMA
2025-05-13 08:45:33,269 - Spot Price: 24579.45, Supertrend: Red, Below EMA
2025-05-13 08:46:04,418 - Spot Price: 24576.15, Supertrend: Red, Below EMA
2025-05-13 08:46:35,865 - Spot Price: 24578.5, Supertrend: Red, Below EMA
2025-05-13 08:47:06,846 - Spot Price: 24582.6, Supertrend: Red, Below EMA
2025-05-13 08:47:37,899 - Spot Price: 24574.0, Supertrend: Red, Below EMA
2025-05-13 08:48:08,877 - Spot Price: 24571.75, Supertrend: Red, Below EMA
2025-05-13 08:48:39,802 - Spot Price: 24568.8, Supertrend: Red, Below EMA
2025-05-13 08:49:10,811 - Spot Price: 24567.8, Supertrend: Red, Below EMA
2025-05-13 08:49:42,390 - Spot Price: 24562.4, Supertrend: Red, Below EMA
2025-05-13 08:50:13,375 - Spot Price: 24567.25, Supertrend: Red, Below EMA
2025-05-13 08:50:44,432 - Spot Price: 24570.5, Supertrend: Red, Below EMA
2025-05-13 08:51:15,876 - Spot Price: 24565.9, Supertrend: Red, Below EMA
2025-05-13 08:51:47,294 - Spot Price: 24573.1, Supertrend: Red, Below EMA
2025-05-13 08:52:18,324 - Spot Price: 24573.65, Supertrend: Red, Below EMA
2025-05-13 08:52:49,283 - Spot Price: 24580.3, Supertrend: Red, Below EMA
2025-05-13 08:53:20,248 - Spot Price: 24578.1, Supertrend: Red, Below EMA
2025-05-13 08:53:51,186 - Spot Price: 24578.8, Supertrend: Red, Below EMA
2025-05-13 08:54:22,157 - Spot Price: 24595.05, Supertrend: Red, Below EMA
2025-05-13 08:54:53,150 - Spot Price: 24598.6, Supertrend: Red, Below EMA
2025-05-13 08:55:24,132 - Spot Price: 24593.65, Supertrend: Red, Below EMA
2025-05-13 08:55:55,178 - Spot Price: 24592.85, Supertrend: Red, Below EMA
2025-05-13 08:56:26,325 - Spot Price: 24597.6, Supertrend: Red, Below EMA
2025-05-13 08:56:57,771 - Spot Price: 24596.05, Supertrend: Red, Below EMA
2025-05-13 08:57:28,765 - Spot Price: 24601.4, Supertrend: Red, Below EMA
2025-05-13 08:57:59,739 - Spot Price: 24598.15, Supertrend: Red, Below EMA
2025-05-13 08:58:30,704 - Spot Price: 24584.75, Supertrend: Red, Below EMA
2025-05-13 08:59:01,644 - Spot Price: 24584.95, Supertrend: Red, Below EMA
2025-05-13 08:59:32,703 - Spot Price: 24584.5, Supertrend: Red, Below EMA
2025-05-13 09:00:04,255 - Spot Price: 24587.65, Supertrend: Red, Below EMA
2025-05-13 09:00:35,220 - Spot Price: 24587.9, Supertrend: Red, Below EMA
2025-05-13 09:01:06,370 - Spot Price: 24576.4, Supertrend: Red, Below EMA
2025-05-13 09:01:37,363 - Spot Price: 24579.8, Supertrend: Red, Below EMA
2025-05-13 09:02:08,338 - Spot Price: 24580.45, Supertrend: Red, Below EMA
2025-05-13 09:02:39,320 - Spot Price: 24579.3, Supertrend: Red, Below EMA
2025-05-13 09:03:10,871 - Spot Price: 24591.55, Supertrend: Red, Below EMA
2025-05-13 09:03:41,861 - Spot Price: 24590.6, Supertrend: Red, Below EMA
2025-05-13 09:04:13,432 - Spot Price: 24589.4, Supertrend: Red, Below EMA
2025-05-13 09:04:44,534 - Spot Price: 24584.05, Supertrend: Red, Below EMA
2025-05-13 09:05:15,529 - Spot Price: 24590.7, Supertrend: Red, Below EMA
2025-05-13 09:05:46,666 - Spot Price: 24590.3, Supertrend: Red, Below EMA
2025-05-13 09:06:17,718 - Spot Price: 24592.25, Supertrend: Red, Below EMA
2025-05-13 09:06:48,693 - Spot Price: 24593.0, Supertrend: Red, Below EMA
2025-05-13 09:07:19,636 - Spot Price: 24593.5, Supertrend: Red, Below EMA
2025-05-13 09:07:50,584 - Spot Price: 24591.6, Supertrend: Red, Below EMA
2025-05-13 09:08:21,557 - Spot Price: 24596.1, Supertrend: Red, Below EMA
2025-05-13 09:08:52,994 - Spot Price: 24598.35, Supertrend: Red, Below EMA
2025-05-13 09:09:23,999 - Spot Price: 24614.6, Supertrend: Red, Above EMA
2025-05-13 09:09:55,446 - Spot Price: 24611.25, Supertrend: Red, Above EMA
2025-05-13 09:10:26,525 - Spot Price: 24609.3, Supertrend: Red, Below EMA
2025-05-13 09:10:57,501 - Spot Price: 24602.35, Supertrend: Red, Below EMA
2025-05-13 09:11:29,755 - Spot Price: 24607.25, Supertrend: Red, Below EMA
2025-05-13 09:12:00,676 - Spot Price: 24598.3, Supertrend: Red, Below EMA
2025-05-13 09:12:31,647 - Spot Price: 24599.7, Supertrend: Red, Below EMA
2025-05-13 09:13:02,759 - Spot Price: 24603.05, Supertrend: Red, Below EMA
2025-05-13 09:13:33,702 - Spot Price: 24603.95, Supertrend: Red, Below EMA
2025-05-13 09:14:04,699 - Spot Price: 24606.65, Supertrend: Red, Below EMA
2025-05-13 09:14:35,738 - Spot Price: 24604.0, Supertrend: Red, Below EMA
2025-05-13 09:15:07,204 - Spot Price: 24604.75, Supertrend: Red, Below EMA
2025-05-13 09:15:38,728 - Spot Price: 24614.95, Supertrend: Red, Above EMA
2025-05-13 09:16:09,755 - Spot Price: 24621.1, Supertrend: Red, Above EMA
2025-05-13 09:16:40,710 - Spot Price: 24621.35, Supertrend: Red, Above EMA
2025-05-13 09:17:11,676 - Spot Price: 24633.6, Supertrend: Red, Above EMA
2025-05-13 09:17:42,674 - Spot Price: 24620.85, Supertrend: Red, Above EMA
2025-05-13 09:18:13,684 - Spot Price: 24616.45, Supertrend: Red, Above EMA
2025-05-13 09:18:44,698 - Spot Price: 24611.45, Supertrend: Red, Above EMA
2025-05-13 09:19:15,681 - Spot Price: 24618.6, Supertrend: Red, Above EMA
2025-05-13 09:19:46,751 - Spot Price: 24613.75, Supertrend: Red, Above EMA
2025-05-13 09:20:17,852 - Spot Price: 24618.75, Supertrend: Red, Above EMA
2025-05-13 09:20:49,279 - Spot Price: 24623.75, Supertrend: Red, Above EMA
2025-05-13 09:21:22,081 - Spot Price: 24624.85, Supertrend: Red, Above EMA
2025-05-13 09:21:53,024 - Spot Price: 24623.15, Supertrend: Red, Above EMA
2025-05-13 09:22:24,051 - Spot Price: 24622.1, Supertrend: Red, Above EMA
2025-05-13 09:22:55,002 - Spot Price: 24623.4, Supertrend: Red, Above EMA
2025-05-13 09:23:25,959 - Spot Price: 24621.1, Supertrend: Red, Above EMA
2025-05-13 09:23:57,462 - Spot Price: 24616.8, Supertrend: Red, Above EMA
2025-05-13 09:24:28,954 - Spot Price: 24614.15, Supertrend: Red, Above EMA
2025-05-13 09:24:59,961 - Spot Price: 24614.55, Supertrend: Red, Above EMA
2025-05-13 09:25:31,542 - Spot Price: 24601.95, Supertrend: Red, Below EMA
2025-05-13 09:26:02,594 - Spot Price: 24592.35, Supertrend: Red, Below EMA
2025-05-13 09:26:33,548 - Spot Price: 24601.05, Supertrend: Red, Below EMA
2025-05-13 09:27:04,992 - Spot Price: 24599.2, Supertrend: Red, Below EMA
2025-05-13 09:27:36,431 - Spot Price: 24595.7, Supertrend: Red, Below EMA
2025-05-13 09:28:07,416 - Spot Price: 24603.65, Supertrend: Red, Below EMA
2025-05-13 09:28:38,503 - Spot Price: 24603.85, Supertrend: Red, Below EMA
2025-05-13 09:29:10,701 - Spot Price: 24622.05, Supertrend: Red, Above EMA
2025-05-13 09:29:41,764 - Spot Price: 24610.65, Supertrend: Red, Above EMA
2025-05-13 09:30:12,811 - Spot Price: 24614.1, Supertrend: Red, Above EMA
2025-05-13 09:30:43,822 - Spot Price: 24609.1, Supertrend: Red, Below EMA
2025-05-13 09:31:15,262 - Spot Price: 24613.3, Supertrend: Red, Above EMA
2025-05-13 09:31:46,255 - Spot Price: 24611.35, Supertrend: Red, Below EMA
2025-05-13 09:32:17,253 - Spot Price: 24615.5, Supertrend: Red, Above EMA
2025-05-13 09:32:48,324 - Spot Price: 24607.25, Supertrend: Red, Below EMA
2025-05-13 09:33:19,274 - Spot Price: 24602.05, Supertrend: Red, Below EMA
2025-05-13 09:33:50,244 - Spot Price: 24590.8, Supertrend: Red, Below EMA
2025-05-13 09:34:21,836 - Spot Price: 24580.65, Supertrend: Red, Below EMA
2025-05-13 09:34:53,251 - Spot Price: 24576.45, Supertrend: Red, Below EMA
2025-05-13 09:35:24,910 - Spot Price: 24573.95, Supertrend: Red, Below EMA
2025-05-13 09:35:55,954 - Spot Price: 24573.15, Supertrend: Red, Below EMA
2025-05-13 09:36:27,003 - Spot Price: 24573.25, Supertrend: Red, Below EMA
2025-05-13 09:36:58,472 - Spot Price: 24572.7, Supertrend: Red, Below EMA
2025-05-13 09:37:30,200 - Spot Price: 24584.0, Supertrend: Red, Below EMA
2025-05-13 09:38:01,194 - Spot Price: 24581.65, Supertrend: Red, Below EMA
2025-05-13 09:38:32,212 - Spot Price: 24582.85, Supertrend: Red, Below EMA
2025-05-13 09:39:04,042 - Spot Price: 24578.4, Supertrend: Red, Below EMA
2025-05-13 09:39:35,113 - Spot Price: 24577.8, Supertrend: Red, Below EMA
2025-05-13 09:40:06,125 - Spot Price: 24578.45, Supertrend: Red, Below EMA
2025-05-13 09:40:37,243 - Spot Price: 24573.2, Supertrend: Red, Below EMA
2025-05-13 09:41:08,333 - Spot Price: 24565.8, Supertrend: Red, Below EMA
2025-05-13 09:41:39,295 - Spot Price: 24566.25, Supertrend: Red, Below EMA
2025-05-13 09:42:10,801 - Spot Price: 24568.55, Supertrend: Red, Below EMA
2025-05-13 09:42:41,887 - Spot Price: 24565.0, Supertrend: Red, Below EMA
2025-05-13 09:43:12,896 - Spot Price: 24561.55, Supertrend: Red, Below EMA
2025-05-13 09:43:43,923 - Spot Price: 24565.65, Supertrend: Red, Below EMA
2025-05-13 09:44:14,893 - Spot Price: 24564.85, Supertrend: Red, Below EMA
2025-05-13 09:44:45,919 - Spot Price: 24563.55, Supertrend: Red, Below EMA
2025-05-13 09:45:16,891 - Spot Price: 24560.85, Supertrend: Red, Below EMA
2025-05-13 09:45:47,900 - Spot Price: 24570.1, Supertrend: Red, Below EMA
2025-05-13 09:46:19,456 - Spot Price: 24579.45, Supertrend: Red, Below EMA
2025-05-13 09:46:50,414 - Spot Price: 24583.45, Supertrend: Red, Below EMA
2025-05-13 09:47:21,435 - Spot Price: 24585.05, Supertrend: Red, Below EMA
2025-05-13 09:47:52,495 - Spot Price: 24574.9, Supertrend: Red, Below EMA
2025-05-13 09:50:22,626 - Trading session ended. Exiting program.
2025-05-13 18:05:38,038 - Starting Nifty Option Selling Strategy
2025-05-13 18:05:38,043 - Trading session ended. Exiting program.
