2025-05-12 03:47:59,555 - Starting Nifty Option Selling Strategy
2025-05-12 03:48:58,636 - Spot Price: 24555.05, Supertrend: Red, Above EMA
2025-05-12 03:49:30,532 - Spot Price: 24549.8, Supertrend: Red, Above EMA
2025-05-12 03:50:01,941 - Spot Price: 24565.2, Supertrend: Red, Above EMA
2025-05-12 03:50:33,244 - Spot Price: 24583.65, Supertrend: Red, Above EMA
2025-05-12 03:51:04,632 - Spot Price: 24583.4, Supertrend: Red, Above EMA
2025-05-12 03:51:36,326 - Spot Price: 24573.1, Supertrend: Red, Above EMA
2025-05-12 03:52:08,618 - Spot Price: 24573.65, Supertrend: Red, Above EMA
2025-05-12 03:52:39,835 - Spot Price: 24575.8, Supertrend: Red, Above EMA
2025-05-12 03:53:11,011 - Spot Price: 24579.6, Supertrend: Red, Above EMA
2025-05-12 03:53:42,505 - Spot Price: 24563.75, Supertrend: Red, Above EMA
2025-05-12 03:54:13,745 - Spot Price: 24570.85, Supertrend: Red, Above EMA
2025-05-12 03:54:45,453 - Spot Price: 24576.7, Supertrend: Red, Above EMA
2025-05-12 03:55:16,909 - Spot Price: 24575.45, Supertrend: Red, Above EMA
2025-05-12 03:55:48,071 - Spot Price: 24585.8, Supertrend: Red, Above EMA
2025-05-12 03:56:19,457 - Spot Price: 24579.2, Supertrend: Red, Above EMA
2025-05-12 03:56:51,072 - Spot Price: 24578.6, Supertrend: Red, Above EMA
2025-05-12 03:57:22,357 - Spot Price: 24586.6, Supertrend: Red, Above EMA
2025-05-12 03:57:53,962 - Spot Price: 24590.35, Supertrend: Red, Above EMA
2025-05-12 03:58:25,331 - Spot Price: 24575.55, Supertrend: Red, Above EMA
2025-05-12 03:58:56,499 - Spot Price: 24581.2, Supertrend: Red, Above EMA
2025-05-12 03:59:28,040 - Spot Price: 24584.35, Supertrend: Red, Above EMA
2025-05-12 03:59:59,731 - Spot Price: 24596.6, Supertrend: Red, Above EMA
2025-05-12 04:00:31,098 - Spot Price: 24600.1, Supertrend: Red, Above EMA
2025-05-12 04:01:03,404 - Spot Price: 24587.45, Supertrend: Red, Above EMA
2025-05-12 04:01:35,113 - Spot Price: 24596.5, Supertrend: Red, Above EMA
2025-05-12 04:02:06,839 - Spot Price: 24601.05, Supertrend: Red, Above EMA
2025-05-12 04:02:39,066 - Spot Price: 24600.15, Supertrend: Red, Above EMA
2025-05-12 04:03:10,833 - Spot Price: 24618.3, Supertrend: Red, Above EMA
2025-05-12 04:03:42,020 - Spot Price: 24614.8, Supertrend: Red, Above EMA
2025-05-12 04:04:24,124 - Starting Nifty Option Selling Strategy
2025-05-12 04:04:26,122 - Spot Price: 24613.75, Supertrend: Red, Above EMA
2025-05-12 04:37:11,204 - Starting Nifty Option Selling Strategy
2025-05-12 04:37:12,894 - Spot Price: 24695.8, Supertrend: Red, Above EMA
2025-05-12 04:37:44,146 - Spot Price: 24688.0, Supertrend: Red, Above EMA
2025-05-12 04:38:15,450 - Spot Price: 24690.65, Supertrend: Red, Above EMA
2025-05-12 04:38:47,924 - Spot Price: 24685.5, Supertrend: Red, Above EMA
2025-05-12 04:39:19,623 - Spot Price: 24685.35, Supertrend: Red, Above EMA
2025-05-12 04:39:51,438 - Spot Price: 24685.3, Supertrend: Red, Above EMA
2025-05-12 04:40:22,782 - Spot Price: 24682.85, Supertrend: Red, Above EMA
2025-05-12 04:40:55,081 - Spot Price: 24685.85, Supertrend: Red, Above EMA
2025-05-12 04:41:26,318 - Spot Price: 24674.55, Supertrend: Red, Above EMA
2025-05-12 04:41:57,606 - Spot Price: 24680.25, Supertrend: Red, Above EMA
2025-05-12 04:42:29,162 - Spot Price: 24677.75, Supertrend: Red, Above EMA
2025-05-12 04:43:02,014 - Spot Price: 24675.05, Supertrend: Red, Above EMA
2025-05-12 04:43:32,197 - Starting Nifty Option Selling Strategy
2025-05-12 04:43:33,288 - Spot Price: 24674.2, Supertrend: Red, Above EMA
2025-05-12 04:43:33,597 - Spot Price: 24673.45, Supertrend: Red, Above EMA
2025-05-12 04:44:04,717 - Spot Price: 24675.05, Supertrend: Red, Above EMA
2025-05-12 04:44:36,572 - Spot Price: 24674.95, Supertrend: Red, Above EMA
2025-05-12 04:45:07,956 - Spot Price: 24692.85, Supertrend: Red, Above EMA
2025-05-12 04:45:39,190 - Spot Price: 24697.25, Supertrend: Red, Above EMA
2025-05-12 04:46:10,986 - Spot Price: 24697.4, Supertrend: Red, Above EMA
2025-05-12 04:46:42,650 - Spot Price: 24697.25, Supertrend: Red, Above EMA
2025-05-12 04:47:13,938 - Spot Price: 24700.55, Supertrend: Red, Above EMA
2025-05-12 04:47:45,637 - Spot Price: 24705.7, Supertrend: Red, Above EMA
2025-05-12 04:48:17,388 - Spot Price: 24695.3, Supertrend: Red, Above EMA
2025-05-12 04:48:48,660 - Spot Price: 24699.3, Supertrend: Red, Above EMA
2025-05-12 04:49:19,933 - Spot Price: 24689.6, Supertrend: Red, Above EMA
2025-05-12 04:49:51,192 - Spot Price: 24690.15, Supertrend: Red, Above EMA
2025-05-12 04:50:22,457 - Spot Price: 24698.95, Supertrend: Red, Above EMA
2025-05-12 04:50:54,351 - Spot Price: 24701.55, Supertrend: Red, Above EMA
2025-05-12 04:51:25,593 - Spot Price: 24698.75, Supertrend: Red, Above EMA
2025-05-12 04:51:56,785 - Spot Price: 24711.55, Supertrend: Red, Above EMA
2025-05-12 04:52:28,237 - Spot Price: 24709.9, Supertrend: Red, Above EMA
2025-05-12 04:52:59,482 - Spot Price: 24708.6, Supertrend: Red, Above EMA
2025-05-12 04:53:30,746 - Spot Price: 24711.35, Supertrend: Red, Above EMA
2025-05-12 04:54:02,666 - Spot Price: 24713.4, Supertrend: Red, Above EMA
2025-05-12 04:54:33,935 - Spot Price: 24716.0, Supertrend: Red, Above EMA
2025-05-12 04:55:05,672 - Spot Price: 24717.85, Supertrend: Red, Above EMA
2025-05-12 04:55:36,908 - Spot Price: 24717.25, Supertrend: Red, Above EMA
2025-05-12 04:56:08,177 - Spot Price: 24721.05, Supertrend: Red, Above EMA
2025-05-12 04:56:39,648 - Spot Price: 24719.45, Supertrend: Red, Above EMA
2025-05-12 04:57:10,812 - Spot Price: 24715.2, Supertrend: Red, Above EMA
2025-05-12 04:57:42,702 - Spot Price: 24715.2, Supertrend: Red, Above EMA
2025-05-12 04:58:14,095 - Spot Price: 24710.4, Supertrend: Red, Above EMA
2025-05-12 04:58:45,290 - Spot Price: 24707.65, Supertrend: Red, Above EMA
2025-05-12 04:59:17,028 - Spot Price: 24704.05, Supertrend: Red, Above EMA
2025-05-12 04:59:48,485 - Spot Price: 24703.55, Supertrend: Red, Above EMA
2025-05-12 05:00:19,942 - Spot Price: 24705.3, Supertrend: Red, Above EMA
2025-05-12 05:00:51,377 - Spot Price: 24704.85, Supertrend: Red, Above EMA
2025-05-12 05:01:22,717 - Spot Price: 24705.75, Supertrend: Red, Above EMA
2025-05-12 05:01:54,057 - Spot Price: 24709.05, Supertrend: Red, Above EMA
2025-05-12 05:02:25,298 - Spot Price: 24707.45, Supertrend: Red, Above EMA
2025-05-12 05:02:57,171 - Spot Price: 24704.5, Supertrend: Red, Above EMA
2025-05-12 05:03:28,371 - Spot Price: 24697.25, Supertrend: Red, Above EMA
2025-05-12 05:03:59,578 - Spot Price: 24700.05, Supertrend: Red, Above EMA
2025-05-12 05:04:31,012 - Spot Price: 24692.6, Supertrend: Red, Above EMA
2025-05-12 05:05:02,920 - Spot Price: 24686.6, Supertrend: Red, Above EMA
2025-05-12 05:05:34,883 - Spot Price: 24693.75, Supertrend: Red, Above EMA
2025-05-12 05:06:06,167 - Spot Price: 24696.15, Supertrend: Red, Above EMA
2025-05-12 05:06:37,406 - Spot Price: 24690.25, Supertrend: Red, Above EMA
2025-05-12 05:07:09,106 - Spot Price: 24690.65, Supertrend: Red, Above EMA
2025-05-12 05:07:41,133 - Spot Price: 24688.75, Supertrend: Red, Above EMA
2025-05-12 05:08:12,744 - Spot Price: 24682.1, Supertrend: Red, Above EMA
2025-05-12 05:08:43,972 - Spot Price: 24683.4, Supertrend: Red, Above EMA
2025-05-12 05:09:15,420 - Spot Price: 24682.5, Supertrend: Red, Above EMA
2025-05-12 05:09:46,915 - Spot Price: 24681.15, Supertrend: Red, Above EMA
2025-05-12 05:10:18,772 - Spot Price: 24686.0, Supertrend: Red, Above EMA
2025-05-12 05:10:50,470 - Spot Price: 24684.8, Supertrend: Red, Above EMA
2025-05-12 05:11:21,742 - Spot Price: 24685.35, Supertrend: Red, Above EMA
2025-05-12 05:11:53,751 - Spot Price: 24687.3, Supertrend: Red, Above EMA
2025-05-12 05:12:25,011 - Spot Price: 24679.25, Supertrend: Red, Above EMA
2025-05-12 05:12:56,912 - Spot Price: 24677.15, Supertrend: Red, Above EMA
2025-05-12 05:13:28,675 - Spot Price: 24682.0, Supertrend: Red, Above EMA
2025-05-12 05:13:59,990 - Spot Price: 24695.45, Supertrend: Red, Above EMA
2025-05-12 05:14:31,329 - Spot Price: 24698.1, Supertrend: Red, Above EMA
2025-05-12 05:15:03,626 - Spot Price: 24698.25, Supertrend: Red, Above EMA
2025-05-12 05:15:34,832 - Spot Price: 24691.2, Supertrend: Red, Above EMA
2025-05-12 05:16:06,617 - Spot Price: 24691.8, Supertrend: Red, Above EMA
2025-05-12 05:16:38,131 - Spot Price: 24687.6, Supertrend: Red, Above EMA
2025-05-12 05:17:09,442 - Spot Price: 24681.6, Supertrend: Red, Above EMA
2025-05-12 05:17:41,727 - Spot Price: 24676.85, Supertrend: Red, Above EMA
2025-05-12 05:20:32,398 - Spot Price: 24686.25, Supertrend: Red, Above EMA
2025-05-12 05:21:04,082 - Spot Price: 24690.15, Supertrend: Red, Above EMA
2025-05-12 05:21:35,314 - Spot Price: 24686.5, Supertrend: Red, Above EMA
2025-05-12 05:22:06,811 - Spot Price: 24682.45, Supertrend: Red, Above EMA
2025-05-12 05:22:38,262 - Spot Price: 24679.25, Supertrend: Red, Above EMA
2025-05-12 05:23:09,938 - Spot Price: 24683.8, Supertrend: Red, Above EMA
2025-05-12 05:23:41,389 - Spot Price: 24684.05, Supertrend: Red, Above EMA
2025-05-12 05:24:13,275 - Spot Price: 24686.6, Supertrend: Red, Above EMA
2025-05-12 05:24:44,930 - Spot Price: 24688.65, Supertrend: Red, Above EMA
2025-05-12 05:25:16,213 - Spot Price: 24687.55, Supertrend: Red, Above EMA
2025-05-12 05:25:47,912 - Spot Price: 24682.1, Supertrend: Red, Above EMA
2025-05-12 05:26:19,148 - Spot Price: 24688.6, Supertrend: Red, Above EMA
2025-05-12 05:26:50,427 - Spot Price: 24691.55, Supertrend: Red, Above EMA
2025-05-12 05:27:21,756 - Spot Price: 24693.35, Supertrend: Red, Above EMA
2025-05-12 05:27:53,033 - Spot Price: 24684.5, Supertrend: Red, Above EMA
2025-05-12 05:28:24,939 - Spot Price: 24682.2, Supertrend: Red, Above EMA
2025-05-12 05:28:56,238 - Spot Price: 24671.35, Supertrend: Red, Above EMA
2025-05-12 05:29:28,434 - Spot Price: 24673.45, Supertrend: Red, Above EMA
2025-05-12 05:29:59,832 - Spot Price: 24679.75, Supertrend: Red, Above EMA
2025-05-12 05:30:31,148 - Spot Price: 24683.1, Supertrend: Red, Above EMA
2025-05-12 05:31:02,915 - Spot Price: 24682.8, Supertrend: Red, Above EMA
2025-05-12 05:31:34,191 - Spot Price: 24687.25, Supertrend: Red, Above EMA
2025-05-12 05:32:05,426 - Spot Price: 24691.3, Supertrend: Red, Above EMA
2025-05-12 05:32:36,982 - Spot Price: 24692.4, Supertrend: Red, Above EMA
2025-05-12 05:33:08,259 - Spot Price: 24691.65, Supertrend: Red, Above EMA
2025-05-12 05:33:39,400 - Spot Price: 24689.2, Supertrend: Red, Above EMA
2025-05-12 05:34:10,592 - Spot Price: 24687.7, Supertrend: Red, Above EMA
2025-05-12 05:34:41,930 - Spot Price: 24684.25, Supertrend: Red, Above EMA
2025-05-12 05:35:13,551 - Spot Price: 24687.25, Supertrend: Red, Above EMA
2025-05-12 05:35:45,620 - Spot Price: 24689.6, Supertrend: Red, Above EMA
2025-05-12 05:36:16,826 - Spot Price: 24705.35, Supertrend: Red, Above EMA
2025-05-12 05:36:48,352 - Spot Price: 24703.1, Supertrend: Red, Above EMA
2025-05-12 05:37:19,585 - Spot Price: 24698.05, Supertrend: Red, Above EMA
2025-05-12 05:37:50,863 - Spot Price: 24698.0, Supertrend: Red, Above EMA
2025-05-12 05:38:22,639 - Spot Price: 24697.2, Supertrend: Red, Above EMA
2025-05-12 05:38:54,458 - Spot Price: 24703.6, Supertrend: Red, Above EMA
2025-05-12 05:39:26,162 - Spot Price: 24710.9, Supertrend: Red, Above EMA
2025-05-12 05:39:57,595 - Spot Price: 24708.4, Supertrend: Red, Above EMA
2025-05-12 05:40:29,286 - Spot Price: 24714.0, Supertrend: Red, Above EMA
2025-05-12 05:41:01,233 - Spot Price: 24709.65, Supertrend: Red, Above EMA
2025-05-12 05:41:32,563 - Spot Price: 24710.55, Supertrend: Red, Above EMA
2025-05-12 05:42:04,205 - Spot Price: 24713.65, Supertrend: Red, Above EMA
2025-05-12 05:42:36,218 - Spot Price: 24712.7, Supertrend: Red, Above EMA
2025-05-12 05:43:07,593 - Spot Price: 24710.85, Supertrend: Red, Above EMA
2025-05-12 05:43:38,860 - Spot Price: 24712.25, Supertrend: Red, Above EMA
2025-05-12 05:44:10,970 - Spot Price: 24710.85, Supertrend: Red, Above EMA
2025-05-12 05:44:42,298 - Spot Price: 24706.15, Supertrend: Red, Above EMA
2025-05-12 05:45:13,693 - Spot Price: 24707.8, Supertrend: Red, Above EMA
2025-05-12 05:45:45,501 - Spot Price: 24707.15, Supertrend: Red, Above EMA
2025-05-12 05:46:16,937 - Spot Price: 24707.6, Supertrend: Red, Above EMA
2025-05-12 05:46:48,230 - Spot Price: 24706.25, Supertrend: Red, Above EMA
2025-05-12 05:47:19,550 - Spot Price: 24705.15, Supertrend: Red, Above EMA
2025-05-12 05:47:50,999 - Spot Price: 24702.75, Supertrend: Red, Above EMA
2025-05-12 05:48:22,423 - Spot Price: 24701.35, Supertrend: Red, Above EMA
2025-05-12 05:48:53,791 - Spot Price: 24705.25, Supertrend: Red, Above EMA
2025-05-12 05:49:25,275 - Spot Price: 24700.4, Supertrend: Red, Above EMA
2025-05-12 05:49:56,563 - Spot Price: 24701.35, Supertrend: Red, Above EMA
2025-05-12 05:50:27,912 - Spot Price: 24705.55, Supertrend: Red, Above EMA
2025-05-12 05:50:59,724 - Spot Price: 24704.5, Supertrend: Red, Above EMA
2025-05-12 05:51:31,251 - Spot Price: 24711.75, Supertrend: Red, Above EMA
2025-05-12 05:52:03,678 - Spot Price: 24717.35, Supertrend: Red, Above EMA
2025-05-12 05:52:35,460 - Spot Price: 24716.7, Supertrend: Red, Above EMA
2025-05-12 05:53:07,128 - Spot Price: 24715.35, Supertrend: Red, Above EMA
2025-05-12 05:53:38,738 - Spot Price: 24713.95, Supertrend: Red, Above EMA
2025-05-12 05:54:10,009 - Spot Price: 24719.75, Supertrend: Red, Above EMA
2025-05-12 05:54:41,346 - Spot Price: 24718.5, Supertrend: Red, Above EMA
2025-05-12 05:55:12,615 - Spot Price: 24722.95, Supertrend: Red, Above EMA
2025-05-12 05:55:44,429 - Spot Price: 24741.1, Supertrend: Red, Above EMA
2025-05-12 05:56:16,216 - Spot Price: 24739.55, Supertrend: Red, Above EMA
2025-05-12 05:56:47,485 - Spot Price: 24744.35, Supertrend: Red, Above EMA
2025-05-12 05:57:18,710 - Spot Price: 24738.05, Supertrend: Red, Above EMA
2025-05-12 05:57:50,089 - Spot Price: 24735.85, Supertrend: Red, Above EMA
2025-05-12 05:58:22,067 - Spot Price: 24736.4, Supertrend: Red, Above EMA
2025-05-12 05:58:53,545 - Spot Price: 24731.1, Supertrend: Red, Above EMA
2025-05-12 05:59:25,447 - Spot Price: 24736.15, Supertrend: Red, Above EMA
2025-05-12 05:59:56,713 - Spot Price: 24733.75, Supertrend: Red, Above EMA
2025-05-12 06:00:28,804 - Spot Price: 24733.9, Supertrend: Red, Above EMA
2025-05-12 06:01:00,053 - Spot Price: 24735.5, Supertrend: Red, Above EMA
2025-05-12 06:01:31,361 - Spot Price: 24737.6, Supertrend: Red, Above EMA
2025-05-12 06:02:02,983 - Spot Price: 24740.95, Supertrend: Red, Above EMA
2025-05-12 06:02:34,433 - Spot Price: 24740.5, Supertrend: Red, Above EMA
2025-05-12 06:03:05,668 - Spot Price: 24740.75, Supertrend: Red, Above EMA
2025-05-12 06:03:37,003 - Spot Price: 24736.55, Supertrend: Red, Above EMA
2025-05-12 06:04:08,311 - Spot Price: 24738.5, Supertrend: Red, Above EMA
2025-05-12 06:04:39,866 - Spot Price: 24734.45, Supertrend: Red, Above EMA
2025-05-12 06:05:11,177 - Spot Price: 24737.75, Supertrend: Red, Above EMA
2025-05-12 06:05:42,696 - Spot Price: 24738.05, Supertrend: Red, Above EMA
2025-05-12 06:06:14,223 - Spot Price: 24737.25, Supertrend: Red, Above EMA
2025-05-12 06:06:45,524 - Spot Price: 24735.5, Supertrend: Red, Above EMA
2025-05-12 06:07:16,767 - Spot Price: 24736.25, Supertrend: Red, Above EMA
2025-05-12 06:07:48,432 - Spot Price: 24734.2, Supertrend: Red, Above EMA
2025-05-12 06:08:19,785 - Spot Price: 24729.05, Supertrend: Red, Above EMA
2025-05-12 06:08:51,039 - Spot Price: 24727.1, Supertrend: Red, Above EMA
2025-05-12 06:09:22,549 - Spot Price: 24722.55, Supertrend: Red, Above EMA
2025-05-12 06:09:54,319 - Spot Price: 24722.25, Supertrend: Red, Above EMA
2025-05-12 06:10:25,632 - Spot Price: 24726.05, Supertrend: Red, Above EMA
2025-05-12 06:10:56,941 - Spot Price: 24727.75, Supertrend: Red, Above EMA
2025-05-12 06:11:28,791 - Spot Price: 24723.5, Supertrend: Red, Above EMA
2025-05-12 06:12:00,431 - Spot Price: 24720.55, Supertrend: Red, Above EMA
2025-05-12 06:12:32,941 - Spot Price: 24716.75, Supertrend: Red, Above EMA
2025-05-12 06:13:04,307 - Spot Price: 24719.25, Supertrend: Red, Above EMA
2025-05-12 06:13:36,405 - Spot Price: 24722.3, Supertrend: Red, Above EMA
2025-05-12 06:14:08,214 - Spot Price: 24729.3, Supertrend: Red, Above EMA
2025-05-12 06:14:39,941 - Spot Price: 24728.9, Supertrend: Red, Above EMA
2025-05-12 06:15:11,316 - Spot Price: 24730.2, Supertrend: Red, Above EMA
2025-05-12 06:15:42,916 - Spot Price: 24725.6, Supertrend: Red, Above EMA
2025-05-12 06:16:14,489 - Spot Price: 24729.95, Supertrend: Red, Above EMA
2025-05-12 06:16:46,387 - Spot Price: 24723.3, Supertrend: Red, Above EMA
2025-05-12 06:17:17,701 - Spot Price: 24719.15, Supertrend: Red, Above EMA
2025-05-12 06:17:49,197 - Spot Price: 24719.8, Supertrend: Red, Above EMA
2025-05-12 06:18:20,595 - Spot Price: 24722.55, Supertrend: Red, Above EMA
2025-05-12 06:18:52,643 - Spot Price: 24724.2, Supertrend: Red, Above EMA
2025-05-12 06:19:23,883 - Spot Price: 24724.75, Supertrend: Red, Above EMA
2025-05-12 06:19:55,173 - Spot Price: 24726.35, Supertrend: Red, Above EMA
2025-05-12 06:20:26,464 - Spot Price: 24723.65, Supertrend: Red, Above EMA
2025-05-12 06:20:57,796 - Spot Price: 24722.8, Supertrend: Red, Above EMA
2025-05-12 06:21:29,576 - Spot Price: 24721.35, Supertrend: Red, Above EMA
2025-05-12 06:22:00,990 - Spot Price: 24718.2, Supertrend: Red, Above EMA
2025-05-12 06:22:32,480 - Spot Price: 24721.2, Supertrend: Red, Above EMA
2025-05-12 06:23:03,883 - Spot Price: 24721.5, Supertrend: Red, Above EMA
2025-05-12 06:23:35,150 - Spot Price: 24721.0, Supertrend: Red, Above EMA
2025-05-12 06:24:06,833 - Spot Price: 24720.45, Supertrend: Red, Above EMA
2025-05-12 06:24:39,003 - Spot Price: 24718.55, Supertrend: Red, Above EMA
2025-05-12 06:25:10,801 - Spot Price: 24726.75, Supertrend: Red, Above EMA
2025-05-12 06:25:42,148 - Spot Price: 24726.8, Supertrend: Red, Above EMA
2025-05-12 06:26:14,091 - Spot Price: 24724.4, Supertrend: Red, Above EMA
2025-05-12 06:26:45,524 - Spot Price: 24721.6, Supertrend: Red, Above EMA
2025-05-12 06:27:16,791 - Spot Price: 24718.85, Supertrend: Red, Above EMA
2025-05-12 06:27:48,651 - Spot Price: 24717.05, Supertrend: Red, Above EMA
2025-05-12 06:28:20,280 - Spot Price: 24720.4, Supertrend: Red, Above EMA
2025-05-12 06:28:51,727 - Spot Price: 24721.1, Supertrend: Red, Above EMA
2025-05-12 06:29:23,148 - Spot Price: 24718.35, Supertrend: Red, Above EMA
2025-05-12 06:29:55,706 - Spot Price: 24717.15, Supertrend: Red, Above EMA
2025-05-12 06:30:27,580 - Spot Price: 24719.35, Supertrend: Red, Above EMA
2025-05-12 06:30:58,847 - Spot Price: 24717.15, Supertrend: Red, Above EMA
2025-05-12 06:31:30,290 - Spot Price: 24722.05, Supertrend: Red, Above EMA
2025-05-12 06:32:01,590 - Spot Price: 24717.0, Supertrend: Red, Above EMA
2025-05-12 06:32:33,122 - Spot Price: 24714.95, Supertrend: Red, Above EMA
2025-05-12 06:33:04,940 - Spot Price: 24714.8, Supertrend: Red, Above EMA
2025-05-12 06:33:36,237 - Spot Price: 24715.6, Supertrend: Red, Above EMA
2025-05-12 06:34:08,278 - Spot Price: 24719.8, Supertrend: Red, Above EMA
2025-05-12 06:34:39,535 - Spot Price: 24722.4, Supertrend: Red, Above EMA
2025-05-12 06:35:10,878 - Spot Price: 24718.75, Supertrend: Red, Above EMA
2025-05-12 06:35:42,471 - Spot Price: 24721.1, Supertrend: Red, Above EMA
2025-05-12 06:36:13,809 - Spot Price: 24725.7, Supertrend: Red, Above EMA
2025-05-12 06:36:45,106 - Spot Price: 24724.2, Supertrend: Red, Above EMA
2025-05-12 06:37:16,630 - Spot Price: 24724.0, Supertrend: Red, Above EMA
2025-05-12 06:37:47,942 - Spot Price: 24725.25, Supertrend: Red, Above EMA
2025-05-12 06:38:19,237 - Spot Price: 24727.9, Supertrend: Red, Above EMA
2025-05-12 06:38:51,250 - Spot Price: 24724.1, Supertrend: Red, Above EMA
2025-05-12 06:39:22,539 - Spot Price: 24724.15, Supertrend: Red, Above EMA
2025-05-12 06:39:53,778 - Spot Price: 24718.9, Supertrend: Red, Above EMA
2025-05-12 06:40:25,634 - Spot Price: 24717.4, Supertrend: Red, Above EMA
2025-05-12 06:40:56,944 - Spot Price: 24715.7, Supertrend: Red, Above EMA
2025-05-12 06:41:28,301 - Spot Price: 24716.85, Supertrend: Red, Above EMA
2025-05-12 06:41:59,626 - Spot Price: 24720.6, Supertrend: Red, Above EMA
2025-05-12 06:42:31,483 - Spot Price: 24719.45, Supertrend: Red, Above EMA
2025-05-12 06:43:02,830 - Spot Price: 24721.1, Supertrend: Red, Above EMA
2025-05-12 06:43:34,624 - Spot Price: 24718.45, Supertrend: Red, Above EMA
2025-05-12 06:44:06,360 - Spot Price: 24720.5, Supertrend: Red, Above EMA
2025-05-12 06:44:38,429 - Spot Price: 24722.95, Supertrend: Red, Above EMA
2025-05-12 06:45:09,742 - Spot Price: 24724.2, Supertrend: Red, Above EMA
2025-05-12 06:45:41,587 - Spot Price: 24725.0, Supertrend: Red, Above EMA
2025-05-12 06:46:13,262 - Spot Price: 24722.2, Supertrend: Red, Above EMA
2025-05-12 06:46:45,179 - Spot Price: 24722.2, Supertrend: Red, Above EMA
2025-05-12 06:47:16,364 - Spot Price: 24726.0, Supertrend: Red, Above EMA
2025-05-12 06:47:47,725 - Spot Price: 24722.05, Supertrend: Red, Above EMA
2025-05-12 06:48:19,005 - Spot Price: 24721.45, Supertrend: Red, Above EMA
2025-05-12 06:48:50,332 - Spot Price: 24719.6, Supertrend: Red, Above EMA
2025-05-12 06:49:21,643 - Spot Price: 24720.5, Supertrend: Red, Above EMA
2025-05-12 06:49:53,367 - Spot Price: 24720.9, Supertrend: Red, Above EMA
2025-05-12 06:50:25,519 - Spot Price: 24715.95, Supertrend: Red, Above EMA
2025-05-12 06:50:56,846 - Spot Price: 24716.8, Supertrend: Red, Above EMA
2025-05-12 06:51:28,255 - Spot Price: 24719.85, Supertrend: Red, Above EMA
2025-05-12 06:51:59,623 - Spot Price: 24717.45, Supertrend: Red, Above EMA
2025-05-12 06:52:31,104 - Spot Price: 24714.45, Supertrend: Red, Above EMA
2025-05-12 06:53:03,023 - Spot Price: 24712.6, Supertrend: Red, Above EMA
2025-05-12 06:53:34,925 - Spot Price: 24717.2, Supertrend: Red, Above EMA
2025-05-12 06:54:06,297 - Spot Price: 24710.35, Supertrend: Red, Above EMA
2025-05-12 06:54:38,001 - Spot Price: 24710.35, Supertrend: Red, Above EMA
2025-05-12 06:55:09,908 - Spot Price: 24700.7, Supertrend: Red, Above EMA
2025-05-12 06:55:41,265 - Spot Price: 24700.7, Supertrend: Red, Above EMA
2025-05-12 06:56:13,074 - Spot Price: 24700.0, Supertrend: Red, Above EMA
2025-05-12 06:56:44,472 - Spot Price: 24701.3, Supertrend: Red, Above EMA
2025-05-12 06:57:15,992 - Spot Price: 24692.3, Supertrend: Red, Below EMA
2025-05-12 06:57:15,993 - Sell signal detected
2025-05-12 06:57:17,283 - Selected call to sell: NSE:NIFTY2552224950CE with delta ~0.409204731658436
2025-05-12 06:57:17,294 - Selected call to buy: NSE:NIFTY2552225200CE with delta ~0.30266520664264107
2025-05-12 06:57:17,294 - PAPER TRADE: SELL 1 NSE:NIFTY2552224950CE @ MARKET
2025-05-12 06:57:17,294 - PAPER TRADE: BUY 1 NSE:NIFTY2552225200CE @ MARKET
2025-05-12 06:57:17,301 - Entered SHORT position: Sold Call NSE:NIFTY2552224950CE @ 164.15, Bought Call NSE:NIFTY2552225200CE @ 85.0
2025-05-12 06:57:48,756 - Error in main loop: Unable to parse string [22-05-2025]
2025-05-12 06:58:20,052 - Error in main loop: Unable to parse string [22-05-2025]
2025-05-12 06:58:51,493 - Error in main loop: Unable to parse string [22-05-2025]
2025-05-12 06:59:23,327 - Error in main loop: Unable to parse string [22-05-2025]
2025-05-12 06:59:54,657 - Error in main loop: Unable to parse string [22-05-2025]
2025-05-12 07:00:25,994 - Error in main loop: Unable to parse string [22-05-2025]
2025-05-12 07:00:57,275 - Error in main loop: Unable to parse string [22-05-2025]
2025-05-12 07:01:28,544 - Error in main loop: Unable to parse string [22-05-2025]
2025-05-12 07:01:59,823 - Error in main loop: Unable to parse string [22-05-2025]
2025-05-12 07:02:31,245 - Error in main loop: Unable to parse string [22-05-2025]
2025-05-12 07:03:02,853 - Error in main loop: Unable to parse string [22-05-2025]
2025-05-12 07:03:34,250 - Error in main loop: Unable to parse string [22-05-2025]
2025-05-12 07:04:05,534 - Error in main loop: Unable to parse string [22-05-2025]
2025-05-12 07:04:37,835 - Error in main loop: Unable to parse string [22-05-2025]
2025-05-12 07:05:09,221 - Error in main loop: Unable to parse string [22-05-2025]
2025-05-12 07:05:40,606 - Error in main loop: Unable to parse string [22-05-2025]
2025-05-12 07:06:12,084 - Error in main loop: Unable to parse string [22-05-2025]
2025-05-12 07:06:43,427 - Error in main loop: Unable to parse string [22-05-2025]
2025-05-12 07:07:14,747 - Error in main loop: Unable to parse string [22-05-2025]
2025-05-12 07:07:46,263 - Error in main loop: Unable to parse string [22-05-2025]
2025-05-12 07:08:18,158 - Error in main loop: Unable to parse string [22-05-2025]
2025-05-12 07:08:49,902 - Error in main loop: Unable to parse string [22-05-2025]
2025-05-12 07:09:24,143 - Error in main loop: Unable to parse string [22-05-2025]
2025-05-12 07:09:55,437 - Error in main loop: Unable to parse string [22-05-2025]
2025-05-12 07:10:27,996 - Error in main loop: Unable to parse string [22-05-2025]
2025-05-12 07:10:59,241 - Error in main loop: Unable to parse string [22-05-2025]
2025-05-12 07:11:30,644 - Error in main loop: Unable to parse string [22-05-2025]
2025-05-12 07:12:02,321 - Error in main loop: Unable to parse string [22-05-2025]
2025-05-12 07:12:33,681 - Error in main loop: Unable to parse string [22-05-2025]
2025-05-12 07:13:06,112 - Error in main loop: Unable to parse string [22-05-2025]
2025-05-12 07:13:37,454 - Error in main loop: Unable to parse string [22-05-2025]
2025-05-12 07:14:08,887 - Error in main loop: Unable to parse string [22-05-2025]
2025-05-12 07:14:41,063 - Error in main loop: Unable to parse string [22-05-2025]
2025-05-12 07:15:12,833 - Error in main loop: Unable to parse string [22-05-2025]
2025-05-12 07:15:44,220 - Error in main loop: Unable to parse string [22-05-2025]
2025-05-12 07:16:16,372 - Error in main loop: Unable to parse string [22-05-2025]
2025-05-12 07:16:47,821 - Error in main loop: Unable to parse string [22-05-2025]
2025-05-12 07:17:19,516 - Error in main loop: Unable to parse string [22-05-2025]
2025-05-12 07:17:50,929 - Error in main loop: Unable to parse string [22-05-2025]
2025-05-12 07:18:22,280 - Error in main loop: Unable to parse string [22-05-2025]
2025-05-12 07:18:54,378 - Error in main loop: Unable to parse string [22-05-2025]
2025-05-12 07:19:25,757 - Error in main loop: Unable to parse string [22-05-2025]
2025-05-12 07:19:57,554 - Error in main loop: Unable to parse string [22-05-2025]
2025-05-12 07:20:28,904 - Error in main loop: Unable to parse string [22-05-2025]
2025-05-12 07:21:00,300 - Error in main loop: Unable to parse string [22-05-2025]
2025-05-12 07:21:32,157 - Error in main loop: Unable to parse string [22-05-2025]
2025-05-12 07:22:04,153 - Error in main loop: Unable to parse string [22-05-2025]
2025-05-12 07:22:35,552 - Error in main loop: Unable to parse string [22-05-2025]
2025-05-12 07:23:07,131 - Error in main loop: Unable to parse string [22-05-2025]
2025-05-12 07:23:38,477 - Error in main loop: Unable to parse string [22-05-2025]
2025-05-12 07:24:09,854 - Error in main loop: Unable to parse string [22-05-2025]
2025-05-12 07:24:41,218 - Error in main loop: Unable to parse string [22-05-2025]
2025-05-12 07:25:12,626 - Error in main loop: Unable to parse string [22-05-2025]
2025-05-12 07:25:44,536 - Error in main loop: Unable to parse string [22-05-2025]
2025-05-12 07:26:16,298 - Error in main loop: Unable to parse string [22-05-2025]
2025-05-12 07:26:48,042 - Error in main loop: Unable to parse string [22-05-2025]
2025-05-12 07:27:19,552 - Error in main loop: Unable to parse string [22-05-2025]
2025-05-12 07:27:51,022 - Error in main loop: Unable to parse string [22-05-2025]
2025-05-12 07:28:22,370 - Error in main loop: Unable to parse string [22-05-2025]
2025-05-12 07:28:53,793 - Error in main loop: Unable to parse string [22-05-2025]
2025-05-12 07:29:25,159 - Error in main loop: Unable to parse string [22-05-2025]
2025-05-12 07:29:56,481 - Error in main loop: Unable to parse string [22-05-2025]
2025-05-12 07:30:27,914 - Error in main loop: Unable to parse string [22-05-2025]
2025-05-12 07:30:59,283 - Error in main loop: Unable to parse string [22-05-2025]
2025-05-12 07:31:31,076 - Error in main loop: Unable to parse string [22-05-2025]
2025-05-12 07:32:02,646 - Error in main loop: Unable to parse string [22-05-2025]
2025-05-12 07:32:34,121 - Error in main loop: Unable to parse string [22-05-2025]
2025-05-12 07:33:06,205 - Error in main loop: Unable to parse string [22-05-2025]
2025-05-12 07:33:37,567 - Error in main loop: Unable to parse string [22-05-2025]
2025-05-12 07:34:09,558 - Error in main loop: Unable to parse string [22-05-2025]
2025-05-12 07:34:40,857 - Error in main loop: Unable to parse string [22-05-2025]
2025-05-12 07:35:12,157 - Error in main loop: Unable to parse string [22-05-2025]
2025-05-12 07:35:43,863 - Error in main loop: Unable to parse string [22-05-2025]
2025-05-12 07:36:15,325 - Error in main loop: Unable to parse string [22-05-2025]
2025-05-12 07:36:46,555 - Error in main loop: Unable to parse string [22-05-2025]
2025-05-12 07:37:18,230 - Error in main loop: Unable to parse string [22-05-2025]
2025-05-12 07:37:50,134 - Error in main loop: Unable to parse string [22-05-2025]
2025-05-12 07:38:21,396 - Error in main loop: Unable to parse string [22-05-2025]
2025-05-12 07:38:52,990 - Error in main loop: Unable to parse string [22-05-2025]
2025-05-12 07:39:24,751 - Error in main loop: Unable to parse string [22-05-2025]
2025-05-12 07:39:56,013 - Error in main loop: Unable to parse string [22-05-2025]
2025-05-12 07:40:27,371 - Error in main loop: Unable to parse string [22-05-2025]
2025-05-12 07:40:58,696 - Error in main loop: Unable to parse string [22-05-2025]
2025-05-12 07:41:30,450 - Error in main loop: Unable to parse string [22-05-2025]
2025-05-12 07:42:02,090 - Error in main loop: Unable to parse string [22-05-2025]
2025-05-12 07:42:33,431 - Error in main loop: Unable to parse string [22-05-2025]
2025-05-12 07:43:04,776 - Error in main loop: Unable to parse string [22-05-2025]
2025-05-12 07:43:36,218 - Error in main loop: Unable to parse string [22-05-2025]
2025-05-12 07:44:08,014 - Error in main loop: Unable to parse string [22-05-2025]
2025-05-12 07:44:39,273 - Error in main loop: Unable to parse string [22-05-2025]
2025-05-12 07:45:10,639 - Error in main loop: Unable to parse string [22-05-2025]
2025-05-12 07:45:42,000 - Error in main loop: Unable to parse string [22-05-2025]
2025-05-12 07:46:13,548 - Error in main loop: Unable to parse string [22-05-2025]
2025-05-12 07:46:45,449 - Error in main loop: Unable to parse string [22-05-2025]
2025-05-12 07:47:16,734 - Error in main loop: Unable to parse string [22-05-2025]
2025-05-12 07:47:48,400 - Error in main loop: Unable to parse string [22-05-2025]
2025-05-12 07:48:20,215 - Error in main loop: Unable to parse string [22-05-2025]
2025-05-12 07:48:51,591 - Error in main loop: Unable to parse string [22-05-2025]
2025-05-12 07:49:22,912 - Error in main loop: Unable to parse string [22-05-2025]
2025-05-12 07:49:54,239 - Error in main loop: Unable to parse string [22-05-2025]
2025-05-12 07:50:25,552 - Error in main loop: Unable to parse string [22-05-2025]
2025-05-12 07:50:56,922 - Error in main loop: Unable to parse string [22-05-2025]
2025-05-12 07:51:28,334 - Error in main loop: Unable to parse string [22-05-2025]
2025-05-12 07:52:00,236 - Error in main loop: Unable to parse string [22-05-2025]
2025-05-12 07:52:31,604 - Error in main loop: Unable to parse string [22-05-2025]
2025-05-12 07:53:03,047 - Error in main loop: Unable to parse string [22-05-2025]
2025-05-12 07:53:34,643 - Error in main loop: Unable to parse string [22-05-2025]
2025-05-12 07:54:06,061 - Error in main loop: Unable to parse string [22-05-2025]
2025-05-12 07:54:37,399 - Error in main loop: Unable to parse string [22-05-2025]
2025-05-12 07:55:08,717 - Error in main loop: Unable to parse string [22-05-2025]
2025-05-12 07:55:40,006 - Error in main loop: Unable to parse string [22-05-2025]
2025-05-12 07:56:11,371 - Error in main loop: Unable to parse string [22-05-2025]
2025-05-12 07:56:42,755 - Error in main loop: Unable to parse string [22-05-2025]
2025-05-12 07:57:14,080 - Error in main loop: Unable to parse string [22-05-2025]
2025-05-12 07:57:45,718 - Error in main loop: Unable to parse string [22-05-2025]
2025-05-12 07:58:17,056 - Error in main loop: Unable to parse string [22-05-2025]
2025-05-12 07:58:48,458 - Error in main loop: Unable to parse string [22-05-2025]
2025-05-12 07:59:20,117 - Error in main loop: Unable to parse string [22-05-2025]
2025-05-12 07:59:51,409 - Error in main loop: Unable to parse string [22-05-2025]
2025-05-12 08:00:22,968 - Error in main loop: Unable to parse string [22-05-2025]
2025-05-12 08:00:54,726 - Error in main loop: Unable to parse string [22-05-2025]
2025-05-12 08:01:26,132 - Error in main loop: Unable to parse string [22-05-2025]
2025-05-12 08:01:57,516 - Error in main loop: Unable to parse string [22-05-2025]
2025-05-12 08:02:29,652 - Error in main loop: Unable to parse string [22-05-2025]
2025-05-12 08:03:01,140 - Error in main loop: Unable to parse string [22-05-2025]
2025-05-12 08:03:32,535 - Error in main loop: Unable to parse string [22-05-2025]
2025-05-12 08:04:04,077 - Error in main loop: Unable to parse string [22-05-2025]
2025-05-12 08:04:35,485 - Error in main loop: Unable to parse string [22-05-2025]
2025-05-12 08:05:07,025 - Error in main loop: Unable to parse string [22-05-2025]
2025-05-12 08:05:38,439 - Error in main loop: Unable to parse string [22-05-2025]
2025-05-12 08:06:10,301 - Error in main loop: Unable to parse string [22-05-2025]
2025-05-12 08:06:41,753 - Error in main loop: Unable to parse string [22-05-2025]
2025-05-12 08:07:13,550 - Error in main loop: Unable to parse string [22-05-2025]
2025-05-12 08:07:45,007 - Error in main loop: Unable to parse string [22-05-2025]
2025-05-12 08:08:16,403 - Error in main loop: Unable to parse string [22-05-2025]
2025-05-12 08:08:48,336 - Error in main loop: Unable to parse string [22-05-2025]
2025-05-12 08:09:20,562 - Error in main loop: Unable to parse string [22-05-2025]
2025-05-12 08:09:51,941 - Error in main loop: Unable to parse string [22-05-2025]
2025-05-12 08:10:24,068 - Error in main loop: Unable to parse string [22-05-2025]
2025-05-12 08:10:56,007 - Error in main loop: Unable to parse string [22-05-2025]
2025-05-12 08:11:27,413 - Error in main loop: Unable to parse string [22-05-2025]
2025-05-12 08:11:58,792 - Error in main loop: Unable to parse string [22-05-2025]
2025-05-12 08:12:30,164 - Error in main loop: Unable to parse string [22-05-2025]
2025-05-12 08:13:01,893 - Error in main loop: Unable to parse string [22-05-2025]
2025-05-12 08:13:33,170 - Error in main loop: Unable to parse string [22-05-2025]
2025-05-12 08:14:04,974 - Error in main loop: Unable to parse string [22-05-2025]
2025-05-12 08:14:36,368 - Error in main loop: Unable to parse string [22-05-2025]
2025-05-12 08:15:08,199 - Error in main loop: Unable to parse string [22-05-2025]
2025-05-12 08:15:39,506 - Error in main loop: Unable to parse string [22-05-2025]
2025-05-12 08:16:10,883 - Error in main loop: Unable to parse string [22-05-2025]
2025-05-12 08:16:42,245 - Error in main loop: Unable to parse string [22-05-2025]
2025-05-12 08:17:13,554 - Error in main loop: Unable to parse string [22-05-2025]
2025-05-12 08:17:45,027 - Error in main loop: Unable to parse string [22-05-2025]
2025-05-12 08:18:16,418 - Error in main loop: Unable to parse string [22-05-2025]
2025-05-12 08:18:48,184 - Error in main loop: Unable to parse string [22-05-2025]
2025-05-12 08:19:19,502 - Error in main loop: Unable to parse string [22-05-2025]
2025-05-12 08:19:51,013 - Error in main loop: Unable to parse string [22-05-2025]
2025-05-12 08:20:22,570 - Error in main loop: Unable to parse string [22-05-2025]
2025-05-12 08:20:53,910 - Error in main loop: Unable to parse string [22-05-2025]
2025-05-12 08:21:25,298 - Error in main loop: Unable to parse string [22-05-2025]
2025-05-12 08:21:56,825 - Error in main loop: Unable to parse string [22-05-2025]
2025-05-12 08:22:28,708 - Error in main loop: Unable to parse string [22-05-2025]
2025-05-12 08:23:00,414 - Error in main loop: Unable to parse string [22-05-2025]
2025-05-12 08:23:31,808 - Error in main loop: Unable to parse string [22-05-2025]
2025-05-12 08:24:03,193 - Error in main loop: Unable to parse string [22-05-2025]
2025-05-12 08:24:34,835 - Error in main loop: Unable to parse string [22-05-2025]
2025-05-12 08:25:06,379 - Error in main loop: Unable to parse string [22-05-2025]
2025-05-12 08:25:37,892 - Error in main loop: Unable to parse string [22-05-2025]
2025-05-12 08:26:09,340 - Error in main loop: Unable to parse string [22-05-2025]
2025-05-12 08:26:40,660 - Error in main loop: Unable to parse string [22-05-2025]
2025-05-12 08:27:12,270 - Error in main loop: Unable to parse string [22-05-2025]
2025-05-12 08:27:43,515 - Error in main loop: Unable to parse string [22-05-2025]
2025-05-12 08:28:14,877 - Error in main loop: Unable to parse string [22-05-2025]
2025-05-12 08:28:46,432 - Error in main loop: Unable to parse string [22-05-2025]
2025-05-12 08:29:17,852 - Error in main loop: Unable to parse string [22-05-2025]
2025-05-12 08:29:49,243 - Error in main loop: Unable to parse string [22-05-2025]
2025-05-12 08:30:20,958 - Error in main loop: Unable to parse string [22-05-2025]
2025-05-12 08:30:52,280 - Error in main loop: Unable to parse string [22-05-2025]
2025-05-12 08:31:23,616 - Error in main loop: Unable to parse string [22-05-2025]
2025-05-12 08:31:55,683 - Error in main loop: Unable to parse string [22-05-2025]
2025-05-12 08:32:27,883 - Error in main loop: Unable to parse string [22-05-2025]
2025-05-12 08:32:59,914 - Error in main loop: Unable to parse string [22-05-2025]
2025-05-12 08:33:31,526 - Error in main loop: Unable to parse string [22-05-2025]
2025-05-12 08:34:03,407 - Error in main loop: Unable to parse string [22-05-2025]
2025-05-12 08:34:35,103 - Error in main loop: Unable to parse string [22-05-2025]
2025-05-12 08:35:06,502 - Error in main loop: Unable to parse string [22-05-2025]
2025-05-12 08:35:37,882 - Error in main loop: Unable to parse string [22-05-2025]
2025-05-12 08:36:09,554 - Error in main loop: Unable to parse string [22-05-2025]
2025-05-12 08:36:41,139 - Error in main loop: Unable to parse string [22-05-2025]
2025-05-12 08:37:12,989 - Error in main loop: Unable to parse string [22-05-2025]
2025-05-12 08:37:44,997 - Error in main loop: Unable to parse string [22-05-2025]
2025-05-12 08:38:16,863 - Error in main loop: Unable to parse string [22-05-2025]
2025-05-12 08:38:48,660 - Error in main loop: Unable to parse string [22-05-2025]
2025-05-12 08:39:20,688 - Error in main loop: Unable to parse string [22-05-2025]
2025-05-12 08:39:52,026 - Error in main loop: Unable to parse string [22-05-2025]
2025-05-12 08:40:23,551 - Error in main loop: Unable to parse string [22-05-2025]
2025-05-12 08:40:55,474 - Error in main loop: Unable to parse string [22-05-2025]
2025-05-12 08:41:26,788 - Error in main loop: Unable to parse string [22-05-2025]
2025-05-12 08:41:58,269 - Error in main loop: Unable to parse string [22-05-2025]
2025-05-12 08:42:29,717 - Error in main loop: Unable to parse string [22-05-2025]
2025-05-12 08:43:02,082 - Error in main loop: Unable to parse string [22-05-2025]
2025-05-12 08:43:33,427 - Error in main loop: Unable to parse string [22-05-2025]
2025-05-12 08:44:05,264 - Error in main loop: Unable to parse string [22-05-2025]
2025-05-12 08:44:36,919 - Error in main loop: Unable to parse string [22-05-2025]
2025-05-12 08:45:08,363 - Error in main loop: Unable to parse string [22-05-2025]
2025-05-12 08:45:39,698 - Error in main loop: Unable to parse string [22-05-2025]
2025-05-12 08:46:11,029 - Error in main loop: Unable to parse string [22-05-2025]
2025-05-12 08:46:42,390 - Error in main loop: Unable to parse string [22-05-2025]
2025-05-12 08:47:13,855 - Error in main loop: Unable to parse string [22-05-2025]
2025-05-12 08:47:45,207 - Error in main loop: Unable to parse string [22-05-2025]
2025-05-12 08:48:16,537 - Error in main loop: Unable to parse string [22-05-2025]
2025-05-12 08:48:48,744 - Error in main loop: Unable to parse string [22-05-2025]
2025-05-12 08:49:20,679 - Error in main loop: Unable to parse string [22-05-2025]
2025-05-12 08:49:52,063 - Error in main loop: Unable to parse string [22-05-2025]
2025-05-12 08:50:23,732 - Error in main loop: Unable to parse string [22-05-2025]
2025-05-12 08:50:55,627 - Error in main loop: Unable to parse string [22-05-2025]
2025-05-12 08:51:28,219 - Error in main loop: Unable to parse string [22-05-2025]
2025-05-12 08:52:00,323 - Error in main loop: Unable to parse string [22-05-2025]
2025-05-12 08:52:31,852 - Error in main loop: Unable to parse string [22-05-2025]
2025-05-12 08:53:03,381 - Error in main loop: Unable to parse string [22-05-2025]
2025-05-12 08:53:35,099 - Error in main loop: Unable to parse string [22-05-2025]
2025-05-12 08:54:06,491 - Error in main loop: Unable to parse string [22-05-2025]
2025-05-12 08:54:37,960 - Error in main loop: Unable to parse string [22-05-2025]
2025-05-12 08:55:10,852 - Error in main loop: Unable to parse string [22-05-2025]
2025-05-12 08:55:42,635 - Error in main loop: Unable to parse string [22-05-2025]
2025-05-12 08:56:14,521 - Error in main loop: Unable to parse string [22-05-2025]
2025-05-12 08:56:45,951 - Error in main loop: Unable to parse string [22-05-2025]
2025-05-12 08:57:17,335 - Error in main loop: Unable to parse string [22-05-2025]
2025-05-12 08:57:48,967 - Error in main loop: Unable to parse string [22-05-2025]
2025-05-12 08:58:20,370 - Error in main loop: Unable to parse string [22-05-2025]
2025-05-12 08:58:51,757 - Error in main loop: Unable to parse string [22-05-2025]
2025-05-12 08:59:23,166 - Error in main loop: Unable to parse string [22-05-2025]
2025-05-12 08:59:55,872 - Error in main loop: Unable to parse string [22-05-2025]
2025-05-12 09:00:27,486 - Error in main loop: Unable to parse string [22-05-2025]
2025-05-12 09:00:58,905 - Error in main loop: Unable to parse string [22-05-2025]
2025-05-12 09:01:30,287 - Error in main loop: Unable to parse string [22-05-2025]
2025-05-12 09:02:02,777 - Error in main loop: Unable to parse string [22-05-2025]
2025-05-12 09:02:34,315 - Error in main loop: Unable to parse string [22-05-2025]
2025-05-12 09:03:05,645 - Error in main loop: Unable to parse string [22-05-2025]
2025-05-12 09:03:37,032 - Error in main loop: Unable to parse string [22-05-2025]
2025-05-12 09:04:08,389 - Error in main loop: Unable to parse string [22-05-2025]
2025-05-12 09:04:40,100 - Error in main loop: Unable to parse string [22-05-2025]
2025-05-12 09:05:11,624 - Error in main loop: Unable to parse string [22-05-2025]
2025-05-12 09:05:43,022 - Error in main loop: Unable to parse string [22-05-2025]
2025-05-12 09:06:14,552 - Error in main loop: Unable to parse string [22-05-2025]
2025-05-12 09:06:45,952 - Error in main loop: Unable to parse string [22-05-2025]
2025-05-12 09:07:17,286 - Error in main loop: Unable to parse string [22-05-2025]
2025-05-12 09:07:49,250 - Error in main loop: Unable to parse string [22-05-2025]
2025-05-12 09:08:20,660 - Error in main loop: Unable to parse string [22-05-2025]
2025-05-12 09:08:52,125 - Error in main loop: Unable to parse string [22-05-2025]
2025-05-12 09:09:24,201 - Error in main loop: Unable to parse string [22-05-2025]
2025-05-12 09:09:56,205 - Error in main loop: Unable to parse string [22-05-2025]
2025-05-12 09:10:27,868 - Error in main loop: Unable to parse string [22-05-2025]
2025-05-12 09:10:59,201 - Error in main loop: Unable to parse string [22-05-2025]
2025-05-12 09:11:30,612 - Error in main loop: Unable to parse string [22-05-2025]
2025-05-12 09:12:02,526 - Error in main loop: Unable to parse string [22-05-2025]
2025-05-12 09:12:34,646 - Error in main loop: Unable to parse string [22-05-2025]
2025-05-12 09:13:06,020 - Error in main loop: Unable to parse string [22-05-2025]
2025-05-12 09:13:38,154 - Error in main loop: Unable to parse string [22-05-2025]
2025-05-12 09:14:09,554 - Error in main loop: Unable to parse string [22-05-2025]
2025-05-12 09:14:41,440 - Error in main loop: Unable to parse string [22-05-2025]
2025-05-12 09:15:13,030 - Error in main loop: Unable to parse string [22-05-2025]
2025-05-12 09:15:44,428 - Error in main loop: Unable to parse string [22-05-2025]
2025-05-12 09:16:15,886 - Error in main loop: Unable to parse string [22-05-2025]
2025-05-12 09:16:47,319 - Error in main loop: Unable to parse string [22-05-2025]
2025-05-12 09:17:18,672 - Error in main loop: Unable to parse string [22-05-2025]
2025-05-12 09:17:50,595 - Error in main loop: Unable to parse string [22-05-2025]
2025-05-12 09:18:21,960 - Error in main loop: Unable to parse string [22-05-2025]
2025-05-12 09:18:53,375 - Error in main loop: Unable to parse string [22-05-2025]
2025-05-12 09:19:24,743 - Error in main loop: Unable to parse string [22-05-2025]
2025-05-12 09:19:56,175 - Error in main loop: Unable to parse string [22-05-2025]
2025-05-12 09:20:27,672 - Error in main loop: Unable to parse string [22-05-2025]
2025-05-12 09:20:59,540 - Error in main loop: Unable to parse string [22-05-2025]
2025-05-12 09:21:30,948 - Error in main loop: Unable to parse string [22-05-2025]
2025-05-12 09:22:02,470 - Error in main loop: Unable to parse string [22-05-2025]
2025-05-12 09:22:34,082 - Error in main loop: Unable to parse string [22-05-2025]
2025-05-12 09:23:05,487 - Error in main loop: Unable to parse string [22-05-2025]
2025-05-12 09:23:36,998 - Error in main loop: Unable to parse string [22-05-2025]
2025-05-12 09:24:09,849 - Error in main loop: Unable to parse string [22-05-2025]
2025-05-12 09:24:41,353 - Error in main loop: Unable to parse string [22-05-2025]
2025-05-12 09:25:12,770 - Error in main loop: Unable to parse string [22-05-2025]
2025-05-12 09:25:44,612 - Error in main loop: Unable to parse string [22-05-2025]
2025-05-12 09:26:16,564 - Error in main loop: Unable to parse string [22-05-2025]
2025-05-12 09:26:49,165 - Error in main loop: Unable to parse string [22-05-2025]
2025-05-12 09:27:20,893 - Error in main loop: Unable to parse string [22-05-2025]
2025-05-12 09:27:52,333 - Error in main loop: Unable to parse string [22-05-2025]
2025-05-12 09:28:23,733 - Error in main loop: Unable to parse string [22-05-2025]
2025-05-12 09:28:55,794 - Error in main loop: Unable to parse string [22-05-2025]
2025-05-12 09:29:27,190 - Error in main loop: Unable to parse string [22-05-2025]
2025-05-12 09:29:58,589 - Error in main loop: Unable to parse string [22-05-2025]
2025-05-12 09:30:30,094 - Error in main loop: Unable to parse string [22-05-2025]
2025-05-12 09:31:01,629 - Error in main loop: Unable to parse string [22-05-2025]
2025-05-12 09:31:33,066 - Error in main loop: Unable to parse string [22-05-2025]
2025-05-12 09:32:04,452 - Error in main loop: Unable to parse string [22-05-2025]
2025-05-12 09:32:35,779 - Error in main loop: Unable to parse string [22-05-2025]
2025-05-12 09:33:08,050 - Error in main loop: Unable to parse string [22-05-2025]
2025-05-12 09:33:39,409 - Error in main loop: Unable to parse string [22-05-2025]
2025-05-12 09:34:10,773 - Error in main loop: Unable to parse string [22-05-2025]
2025-05-12 09:34:42,408 - Error in main loop: Unable to parse string [22-05-2025]
2025-05-12 09:35:13,860 - Error in main loop: Unable to parse string [22-05-2025]
2025-05-12 09:35:45,722 - Error in main loop: Unable to parse string [22-05-2025]
2025-05-12 09:36:17,959 - Error in main loop: Unable to parse string [22-05-2025]
2025-05-12 09:36:49,323 - Error in main loop: Unable to parse string [22-05-2025]
2025-05-12 09:37:20,761 - Error in main loop: Unable to parse string [22-05-2025]
2025-05-12 09:37:53,095 - Error in main loop: Unable to parse string [22-05-2025]
2025-05-12 09:38:25,244 - Error in main loop: Unable to parse string [22-05-2025]
2025-05-12 09:38:56,617 - Error in main loop: Unable to parse string [22-05-2025]
2025-05-12 09:39:28,123 - Error in main loop: Unable to parse string [22-05-2025]
2025-05-12 09:39:59,643 - Error in main loop: Unable to parse string [22-05-2025]
2025-05-12 09:40:31,177 - Error in main loop: Unable to parse string [22-05-2025]
2025-05-12 09:41:02,779 - Error in main loop: Unable to parse string [22-05-2025]
2025-05-12 09:41:34,163 - Error in main loop: Unable to parse string [22-05-2025]
2025-05-12 09:42:05,995 - Error in main loop: Unable to parse string [22-05-2025]
2025-05-12 09:42:37,475 - Error in main loop: Unable to parse string [22-05-2025]
2025-05-12 09:43:08,875 - Error in main loop: Unable to parse string [22-05-2025]
2025-05-12 09:43:40,282 - Error in main loop: Unable to parse string [22-05-2025]
2025-05-12 09:44:11,660 - Error in main loop: Unable to parse string [22-05-2025]
2025-05-12 09:44:43,196 - Error in main loop: Unable to parse string [22-05-2025]
2025-05-12 09:45:15,546 - Error in main loop: Unable to parse string [22-05-2025]
2025-05-12 09:45:47,508 - Error in main loop: Unable to parse string [22-05-2025]
2025-05-12 09:46:18,950 - Error in main loop: Unable to parse string [22-05-2025]
2025-05-12 09:46:50,969 - Error in main loop: Unable to parse string [22-05-2025]
2025-05-12 09:47:22,906 - Error in main loop: Unable to parse string [22-05-2025]
2025-05-12 09:47:54,642 - Error in main loop: Unable to parse string [22-05-2025]
2025-05-12 09:50:24,795 - Trading session ended. Exiting program.
2025-05-12 16:59:17,237 - Starting Nifty Option Selling Strategy
2025-05-12 16:59:17,886 - Trading session ended. Exiting program.
2025-05-12 17:32:33,990 - Starting Nifty Option Selling Strategy
2025-05-12 17:32:33,994 - Trading session ended. Exiting program.
